

times in msec
 clock   self+sourced   self:  sourced script
 clock   elapsed:              other lines

000.026  000.026: --- NVIM STARTING ---
001.137  001.111: locale set
001.757  000.620: inits 1
001.807  000.050: window checked
002.129  000.322: parsing arguments
012.421  010.292: expanding arguments
012.908  000.487: inits 2
014.467  001.560: init highlight
014.484  000.017: waiting for UI
024.388  009.903: done waiting for UI
024.450  000.063: init screen for UI
024.509  000.059: init default mappings
024.612  000.103: init default autocommands
026.752  000.160  000.160: sourcing /usr/local/Cellar/neovim/0.7.0/share/nvim/runtime/ftplugin.vim
026.953  000.056  000.056: sourcing /usr/local/Cellar/neovim/0.7.0/share/nvim/runtime/indent.vim
028.171  000.177  000.177: sourcing /usr/local/Cellar/neovim/0.7.0/share/nvim/runtime/syntax/synload.vim
028.382  000.572  000.395: sourcing /usr/local/Cellar/neovim/0.7.0/share/nvim/runtime/syntax/syntax.vim
029.393  000.645  000.645: sourcing /Users/mochi/.config/nvim/autoload/jetpack.vim
033.999  000.214  000.214: sourcing /usr/local/Cellar/neovim/0.7.0/share/nvim/runtime/syntax/nosyntax.vim
034.483  000.086  000.086: sourcing /usr/local/Cellar/neovim/0.7.0/share/nvim/runtime/ftplugof.vim
035.326  000.434  000.434: sourcing /usr/local/Cellar/neovim/0.7.0/share/nvim/runtime/indoff.vim
083.985  000.213  000.213: sourcing /usr/local/Cellar/neovim/0.7.0/share/nvim/runtime/syntax/synload.vim
084.199  001.901  001.688: sourcing /usr/local/Cellar/neovim/0.7.0/share/nvim/runtime/syntax/syntax.vim
085.992  001.120  001.120: sourcing /usr/local/Cellar/neovim/0.7.0/share/nvim/runtime/filetype.lua
086.133  000.027  000.027: sourcing /usr/local/Cellar/neovim/0.7.0/share/nvim/runtime/filetype.vim
086.550  000.054  000.054: sourcing /usr/local/Cellar/neovim/0.7.0/share/nvim/runtime/ftplugin.vim
086.924  000.049  000.049: sourcing /usr/local/Cellar/neovim/0.7.0/share/nvim/runtime/indent.vim
088.590  000.093  000.093: sourcing /Users/mochi/.local/share/nvim/site/pack/jetpack/opt/dracula/autoload/dracula.vim
094.192  006.866  006.772: sourcing /Users/mochi/.local/share/nvim/site/pack/jetpack/opt/dracula/colors/dracula.vim
179.979  152.843  140.875: sourcing /Users/mochi/.config/nvim/init.lua
180.021  002.350: sourcing vimrc file(s)
180.703  000.137  000.137: sourcing /Users/mochi/.local/share/nvim/site/pack/jetpack/opt/auto-session/plugin/auto-session.vim
180.992  000.095  000.095: sourcing /Users/mochi/.local/share/nvim/site/pack/jetpack/opt/vim-startify/plugin/startify.vim
181.582  000.236  000.236: sourcing /Users/mochi/.local/share/nvim/site/pack/jetpack/opt/colorizer/autoload/colorizer.vim
181.937  000.758  000.522: sourcing /Users/mochi/.local/share/nvim/site/pack/jetpack/opt/colorizer/plugin/colorizer.vim
183.837  000.016  000.016: sourcing /Users/mochi/.local/share/nvim/site/pack/jetpack/opt/vim-devicons/autoload/devicons/plugins/startify.vim
183.875  001.746  001.730: sourcing /Users/mochi/.local/share/nvim/site/pack/jetpack/opt/vim-devicons/plugin/webdevicons.vim
184.142  000.016  000.016: sourcing /Users/mochi/.local/share/nvim/site/pack/jetpack/opt/which-key.nvim/plugin/which-key.vim
184.423  000.110  000.110: sourcing /Users/mochi/.local/share/nvim/site/pack/jetpack/opt/registers.nvim/plugin/registers.vim
184.685  000.032  000.032: sourcing /Users/mochi/.local/share/nvim/site/pack/jetpack/opt/nvim-web-devicons/plugin/nvim-web-devicons.vim
185.812  000.451  000.451: sourcing /Users/mochi/.local/share/nvim/site/pack/jetpack/opt/nvim-ts-rainbow/plugin/rainbow.vim
186.348  000.332  000.332: sourcing /Users/mochi/.local/share/nvim/site/pack/jetpack/opt/indent-blankline.nvim/plugin/indent_blankline.vim
186.697  000.041  000.041: sourcing /Users/mochi/.local/share/nvim/site/pack/jetpack/opt/denops.vim/plugin/denops/debug.vim
186.990  000.083  000.083: sourcing /Users/mochi/.local/share/nvim/site/pack/jetpack/opt/denops.vim/autoload/denops.vim
187.076  000.310  000.227: sourcing /Users/mochi/.local/share/nvim/site/pack/jetpack/opt/denops.vim/plugin/denops.vim
187.528  000.051  000.051: sourcing /Users/mochi/.local/share/nvim/site/pack/jetpack/opt/fern-hijack.vim/plugin/fern_hijack.vim
187.790  000.042  000.042: sourcing /Users/mochi/.local/share/nvim/site/pack/jetpack/opt/plenary.nvim/plugin/plenary.vim
188.867  000.276  000.276: sourcing /Users/mochi/.local/share/nvim/site/pack/jetpack/opt/vim-vsnip/autoload/vital/vsnip.vim
189.200  000.079  000.079: sourcing /Users/mochi/.local/share/nvim/site/pack/jetpack/opt/vim-vsnip/autoload/vital/_vsnip/VS/LSP/Position.vim
189.389  000.029  000.029: sourcing /Users/mochi/.local/share/nvim/site/pack/jetpack/opt/vim-vsnip/autoload/vital/_vsnip.vim
189.718  001.272  000.887: sourcing /Users/mochi/.local/share/nvim/site/pack/jetpack/opt/vim-vsnip/autoload/vsnip/snippet.vim
190.062  000.127  000.127: sourcing /Users/mochi/.local/share/nvim/site/pack/jetpack/opt/vim-vsnip/autoload/vital/_vsnip/VS/LSP/TextEdit.vim
190.402  000.077  000.077: sourcing /Users/mochi/.local/share/nvim/site/pack/jetpack/opt/vim-vsnip/autoload/vital/_vsnip/VS/LSP/Text.vim
190.828  000.133  000.133: sourcing /Users/mochi/.local/share/nvim/site/pack/jetpack/opt/vim-vsnip/autoload/vital/_vsnip/VS/Vim/Buffer.vim
191.182  000.068  000.068: sourcing /Users/mochi/.local/share/nvim/site/pack/jetpack/opt/vim-vsnip/autoload/vital/_vsnip/VS/Vim/Option.vim
191.722  000.231  000.231: sourcing /Users/mochi/.local/share/nvim/site/pack/jetpack/opt/vim-vsnip/autoload/vital/_vsnip/VS/LSP/Diff.vim
191.947  003.642  001.734: sourcing /Users/mochi/.local/share/nvim/site/pack/jetpack/opt/vim-vsnip/autoload/vsnip/session.vim
192.152  003.995  000.353: sourcing /Users/mochi/.local/share/nvim/site/pack/jetpack/opt/vim-vsnip/autoload/vsnip.vim
192.419  004.433  000.438: sourcing /Users/mochi/.local/share/nvim/site/pack/jetpack/opt/vim-vsnip/plugin/vsnip.vim
193.760  000.345  000.345: sourcing /Users/mochi/.local/share/nvim/site/pack/jetpack/opt/nvim-lsp-installer/plugin/nvim-lsp-installer.vim
194.293  000.082  000.082: sourcing /Users/mochi/.local/share/nvim/site/pack/jetpack/opt/nvim-lspconfig/plugin/lspconfig.vim
195.043  000.551  000.551: sourcing /Users/mochi/.local/share/nvim/site/pack/jetpack/opt/fzf-preview.vim/plugin/fzf_preview.vim
195.275  000.031  000.031: sourcing /Users/mochi/.local/share/nvim/site/pack/jetpack/opt/fzf/plugin/fzf.vim
195.992  000.027  000.027: sourcing /usr/local/Cellar/neovim/0.7.0/share/nvim/runtime/plugin/gzip.vim
196.077  000.019  000.019: sourcing /usr/local/Cellar/neovim/0.7.0/share/nvim/runtime/plugin/health.vim
196.152  000.017  000.017: sourcing /usr/local/Cellar/neovim/0.7.0/share/nvim/runtime/plugin/man.vim
196.231  000.020  000.020: sourcing /usr/local/Cellar/neovim/0.7.0/share/nvim/runtime/plugin/matchit.vim
196.308  000.019  000.019: sourcing /usr/local/Cellar/neovim/0.7.0/share/nvim/runtime/plugin/matchparen.vim
196.397  000.029  000.029: sourcing /usr/local/Cellar/neovim/0.7.0/share/nvim/runtime/plugin/netrwPlugin.vim
196.484  000.018  000.018: sourcing /usr/local/Cellar/neovim/0.7.0/share/nvim/runtime/plugin/rplugin.vim
196.560  000.017  000.017: sourcing /usr/local/Cellar/neovim/0.7.0/share/nvim/runtime/plugin/shada.vim
196.648  000.023  000.023: sourcing /usr/local/Cellar/neovim/0.7.0/share/nvim/runtime/plugin/spellfile.vim
196.737  000.023  000.023: sourcing /usr/local/Cellar/neovim/0.7.0/share/nvim/runtime/plugin/tarPlugin.vim
196.822  000.020  000.020: sourcing /usr/local/Cellar/neovim/0.7.0/share/nvim/runtime/plugin/tohtml.vim
196.904  000.019  000.019: sourcing /usr/local/Cellar/neovim/0.7.0/share/nvim/runtime/plugin/tutor.vim
196.990  000.025  000.025: sourcing /usr/local/Cellar/neovim/0.7.0/share/nvim/runtime/plugin/zipPlugin.vim
198.897  000.692  000.692: sourcing /Users/mochi/.local/share/nvim/site/pack/jetpack/opt/nvim-treesitter/plugin/nvim-treesitter.lua
200.839  000.695  000.695: sourcing /Users/mochi/.local/share/nvim/site/pack/jetpack/opt/nvim-cmp/plugin/cmp.lua
201.993  010.745: loading rtp plugins
202.184  000.192: loading packages
202.899  000.519  000.519: sourcing /Users/mochi/.local/share/nvim/site/pack/jetpack/opt/dracula/after/plugin/dracula.vim
203.389  000.254  000.254: sourcing /Users/mochi/.local/share/nvim/site/pack/jetpack/opt/cmp-vsnip/after/plugin/cmp_vsnip.vim
205.918  000.782  000.782: sourcing /Users/mochi/.local/share/nvim/site/pack/jetpack/opt/cmp-tabnine/after/plugin/cmp-tabnine.lua
206.527  000.340  000.340: sourcing /Users/mochi/.local/share/nvim/site/pack/jetpack/opt/cmp-nvim-lsp-document-symbol/after/plugin/cmp_nvim_lsp_document_symbol.lua
207.059  000.270  000.270: sourcing /Users/mochi/.local/share/nvim/site/pack/jetpack/opt/cmp-emoji/after/plugin/cmp_emoji.lua
207.738  000.405  000.405: sourcing /Users/mochi/.local/share/nvim/site/pack/jetpack/opt/cmp-nvim-lsp-signature-help/after/plugin/cmp_nvim_lsp_signature_help.lua
208.491  000.497  000.497: sourcing /Users/mochi/.local/share/nvim/site/pack/jetpack/opt/cmp-cmdline/after/plugin/cmp_cmdline.lua
209.371  000.507  000.507: sourcing /Users/mochi/.local/share/nvim/site/pack/jetpack/opt/cmp-path/after/plugin/cmp_path.lua
210.799  001.155  001.155: sourcing /Users/mochi/.local/share/nvim/site/pack/jetpack/opt/cmp-buffer/after/plugin/cmp_buffer.lua
211.168  000.091  000.091: sourcing /Users/mochi/.local/share/nvim/site/pack/jetpack/opt/cmp-nvim-lsp/after/plugin/cmp_nvim_lsp.lua
211.194  004.190: loading after plugins
211.208  000.014: inits 3
214.621  003.413: reading ShaDa
221.390  002.299  002.299: sourcing /usr/local/Cellar/neovim/0.7.0/share/nvim/runtime/syntax/lua.vim
222.461  000.951  000.951: sourcing /Users/mochi/.local/share/nvim/site/pack/jetpack/opt/dracula/after/syntax/lua.vim
224.807  001.063  001.063: sourcing /usr/local/Cellar/neovim/0.7.0/share/nvim/runtime/ftplugin/lua.vim
227.795  000.928  000.928: sourcing /usr/local/Cellar/neovim/0.7.0/share/nvim/runtime/indent/lua.vim
259.921  000.095  000.095: sourcing /Users/mochi/.local/share/nvim/site/pack/jetpack/opt/fzf-preview.vim/autoload/fzf_preview/remote/mr.vim
260.547  000.065  000.065: sourcing /Users/mochi/.local/share/nvim/site/pack/jetpack/opt/fzf-preview.vim/autoload/fzf_preview/remote/util.vim
271.295  051.273: opening buffers
350.098  078.803: BufEnter autocommands
350.102  000.004: editing files in windows
350.781  000.054  000.054: sourcing /Users/mochi/.local/share/nvim/site/pack/jetpack/opt/gina.vim/plugin/gina.vim
351.555  000.105  000.105: sourcing /Users/mochi/.local/share/nvim/site/pack/jetpack/opt/vim-auto-save/plugin/AutoSave.vim
353.218  000.149  000.149: sourcing /Users/mochi/.local/share/nvim/site/pack/jetpack/opt/vim-gitgutter/autoload/gitgutter/utility.vim
353.800  000.215  000.215: sourcing /Users/mochi/.local/share/nvim/site/pack/jetpack/opt/vim-gitgutter/autoload/gitgutter/highlight.vim
354.507  002.310  001.947: sourcing /Users/mochi/.local/share/nvim/site/pack/jetpack/opt/vim-gitgutter/plugin/gitgutter.vim
356.551  001.397  001.397: sourcing /Users/mochi/.local/share/nvim/site/pack/jetpack/opt/nvim-ts-autotag/plugin/nvim-ts-autotag.vim
370.058  000.110  000.110: sourcing /Users/mochi/.local/share/nvim/site/pack/jetpack/opt/denops.vim/autoload/denops/util.vim
370.233  000.434  000.324: sourcing /Users/mochi/.local/share/nvim/site/pack/jetpack/opt/denops.vim/autoload/denops/server.vim
370.508  000.082  000.082: sourcing /Users/mochi/.local/share/nvim/site/pack/jetpack/opt/denops.vim/autoload/denops/job.vim
395.805  000.294  000.294: sourcing /Users/mochi/.local/share/nvim/site/pack/jetpack/opt/fzf-preview.vim/autoload/vital/fzf_preview.vim
396.339  000.246  000.246: sourcing /Users/mochi/.local/share/nvim/site/pack/jetpack/opt/fzf-preview.vim/autoload/vital/_fzf_preview/Async/Promise.vim
396.732  000.079  000.079: sourcing /Users/mochi/.local/share/nvim/site/pack/jetpack/opt/fzf-preview.vim/autoload/vital/_fzf_preview.vim
397.252  000.113  000.113: sourcing /Users/mochi/.local/share/nvim/site/pack/jetpack/opt/fzf-preview.vim/autoload/vital/_fzf_preview/Async/Later.vim
398.030  000.155  000.155: sourcing /Users/mochi/.local/share/nvim/site/pack/jetpack/opt/fzf-preview.vim/autoload/vital/_fzf_preview/VS/RPC/JSON.vim
398.580  000.191  000.191: sourcing /Users/mochi/.local/share/nvim/site/pack/jetpack/opt/fzf-preview.vim/autoload/vital/_fzf_preview/VS/System/Job.vim
399.098  000.099  000.099: sourcing /Users/mochi/.local/share/nvim/site/pack/jetpack/opt/fzf-preview.vim/autoload/vital/_fzf_preview/VS/Event/Emitter.vim
399.253  001.666  001.222: sourcing /Users/mochi/.local/share/nvim/site/pack/jetpack/opt/fzf-preview.vim/autoload/fzf_preview/rpc/server.vim
399.349  004.088  001.690: sourcing /Users/mochi/.local/share/nvim/site/pack/jetpack/opt/fzf-preview.vim/autoload/fzf_preview/rpc.vim
401.101  042.528: VimEnter autocommands
401.106  000.005: UIEnter autocommands
401.842  000.296  000.296: sourcing /usr/local/Cellar/neovim/0.7.0/share/nvim/runtime/autoload/provider/clipboard.vim
401.870  000.468: before starting main loop
448.150  046.280: first screen update
448.154  000.004: --- NVIM STARTED ---
