

times in msec
 clock   self+sourced   self:  sourced script
 clock   elapsed:              other lines

000.007  000.007: --- NVIM STARTING ---
000.784  000.777: locale set
001.287  000.503: inits 1
001.309  000.022: window checked
005.446  004.137: parsing arguments
005.713  000.267: expanding arguments
005.786  000.073: inits 2
006.300  000.514: init highlight
006.302  000.002: waiting for UI
014.027  007.725: done waiting for UI
014.281  000.254: init screen for UI
014.468  000.187: init default mappings
015.287  000.819: init default autocommands
022.677  004.909  004.909: sourcing /Users/mochi/.local/share/nvim/site/autoload/plug.vim
044.619  000.449  000.449: sourcing /Users/mochi/.local/share/nvim/plugged/nvim-treesitter/ftdetect/fusion.vim
045.187  000.434  000.434: sourcing /Users/mochi/.local/share/nvim/plugged/nvim-treesitter/ftdetect/gdresource.vim
045.604  000.274  000.274: sourcing /Users/mochi/.local/share/nvim/plugged/nvim-treesitter/ftdetect/gdscript.vim
045.909  000.191  000.191: sourcing /Users/mochi/.local/share/nvim/plugged/nvim-treesitter/ftdetect/glimmer.vim
046.390  000.271  000.271: sourcing /Users/mochi/.local/share/nvim/plugged/nvim-treesitter/ftdetect/glsl.vim
046.900  000.275  000.275: sourcing /Users/mochi/.local/share/nvim/plugged/nvim-treesitter/ftdetect/gowork.vim
047.286  000.252  000.252: sourcing /Users/mochi/.local/share/nvim/plugged/nvim-treesitter/ftdetect/graphql.vim
047.685  000.250  000.250: sourcing /Users/mochi/.local/share/nvim/plugged/nvim-treesitter/ftdetect/hack.vim
048.108  000.272  000.272: sourcing /Users/mochi/.local/share/nvim/plugged/nvim-treesitter/ftdetect/hcl.vim
048.485  000.195  000.195: sourcing /Users/mochi/.local/share/nvim/plugged/nvim-treesitter/ftdetect/heex.vim
048.899  000.322  000.322: sourcing /Users/mochi/.local/share/nvim/plugged/nvim-treesitter/ftdetect/hjson.vim
049.213  000.183  000.183: sourcing /Users/mochi/.local/share/nvim/plugged/nvim-treesitter/ftdetect/json5.vim
049.536  000.194  000.194: sourcing /Users/mochi/.local/share/nvim/plugged/nvim-treesitter/ftdetect/ledger.vim
049.866  000.220  000.220: sourcing /Users/mochi/.local/share/nvim/plugged/nvim-treesitter/ftdetect/nix.vim
050.193  000.196  000.196: sourcing /Users/mochi/.local/share/nvim/plugged/nvim-treesitter/ftdetect/prisma.vim
050.520  000.217  000.217: sourcing /Users/mochi/.local/share/nvim/plugged/nvim-treesitter/ftdetect/pug.vim
050.842  000.204  000.204: sourcing /Users/mochi/.local/share/nvim/plugged/nvim-treesitter/ftdetect/ql.vim
051.129  000.178  000.178: sourcing /Users/mochi/.local/share/nvim/plugged/nvim-treesitter/ftdetect/query.vim
051.410  000.172  000.172: sourcing /Users/mochi/.local/share/nvim/plugged/nvim-treesitter/ftdetect/surface.vim
051.711  000.175  000.175: sourcing /Users/mochi/.local/share/nvim/plugged/nvim-treesitter/ftdetect/teal.vim
051.997  000.144  000.144: sourcing /Users/mochi/.local/share/nvim/plugged/nvim-treesitter/ftdetect/tlaplus.vim
052.213  000.130  000.130: sourcing /Users/mochi/.local/share/nvim/plugged/nvim-treesitter/ftdetect/yang.vim
052.704  017.263  012.066: sourcing /usr/local/Cellar/neovim/0.6.1/share/nvim/runtime/filetype.vim
053.415  000.372  000.372: sourcing /usr/local/Cellar/neovim/0.6.1/share/nvim/runtime/ftplugin.vim
053.987  000.352  000.352: sourcing /usr/local/Cellar/neovim/0.6.1/share/nvim/runtime/indent.vim
055.099  000.410  000.410: sourcing /usr/local/Cellar/neovim/0.6.1/share/nvim/runtime/syntax/synload.vim
055.254  001.093  000.683: sourcing /usr/local/Cellar/neovim/0.6.1/share/nvim/runtime/syntax/syntax.vim
057.076  001.567  001.567: sourcing /Users/mochi/.config/nvim/config/coc.nvim.vim
059.378  000.435  000.435: sourcing /Users/mochi/.local/share/nvim/plugged/dracula/autoload/dracula.vim
062.646  005.320  004.885: sourcing /Users/mochi/.local/share/nvim/plugged/dracula/colors/dracula.vim
074.514  000.384  000.384: sourcing /Users/mochi/.config/nvim/config/fern.vim
074.608  000.012  000.012: sourcing /Users/mochi/.config/nvim/config/mini.vim
074.615  058.626  027.356: sourcing /Users/mochi/.config/nvim/init.vim
074.629  000.715: sourcing vimrc file(s)
076.722  001.620  001.620: sourcing /Users/mochi/.local/share/nvim/plugged/fzf/plugin/fzf.vim
077.957  000.399  000.399: sourcing /Users/mochi/.local/share/nvim/plugged/glyph-palette.vim/autoload/glyph_palette/defaults.vim
078.273  001.181  000.781: sourcing /Users/mochi/.local/share/nvim/plugged/glyph-palette.vim/plugin/glyph_palette.vim
078.896  000.401  000.401: sourcing /Users/mochi/.local/share/nvim/plugged/fern-hijack.vim/plugin/fern_hijack.vim
079.495  000.378  000.378: sourcing /Users/mochi/.local/share/nvim/plugged/vim-auto-save/plugin/AutoSave.vim
081.303  000.674  000.674: sourcing /Users/mochi/.local/share/nvim/plugged/vim-airline/autoload/airline/init.vim
081.841  000.182  000.182: sourcing /Users/mochi/.local/share/nvim/plugged/vim-airline/autoload/airline/parts.vim
082.311  000.242  000.242: sourcing /Users/mochi/.local/share/nvim/plugged/vim-airline/autoload/airline/formatter/short_path.vim
083.719  000.416  000.416: sourcing /Users/mochi/.local/share/nvim/plugged/vim-airline/autoload/airline/util.vim
083.831  004.096  002.582: sourcing /Users/mochi/.local/share/nvim/plugged/vim-airline/plugin/airline.vim
084.342  000.299  000.299: sourcing /Users/mochi/.local/share/nvim/plugged/vim-airline-themes/plugin/airline-themes.vim
085.305  000.309  000.309: sourcing /Users/mochi/.local/share/nvim/plugged/denops.vim/autoload/denops.vim
085.461  000.924  000.615: sourcing /Users/mochi/.local/share/nvim/plugged/denops.vim/plugin/denops.vim
086.620  000.918  000.918: sourcing /Users/mochi/.local/share/nvim/plugged/vim-closetag/plugin/closetag.vim
087.370  000.521  000.521: sourcing /Users/mochi/.local/share/nvim/plugged/indent-blankline.nvim/plugin/indent_blankline.vim
097.216  009.634  009.634: sourcing /Users/mochi/.local/share/nvim/plugged/nvim-ts-rainbow/plugin/rainbow.vim
098.121  000.698  000.698: sourcing /Users/mochi/.local/share/nvim/plugged/nvim-treesitter/plugin/nvim-treesitter.vim
099.459  000.497  000.497: sourcing /Users/mochi/.local/share/nvim/plugged/vim-gitgutter/autoload/gitgutter/utility.vim
100.119  000.271  000.271: sourcing /Users/mochi/.local/share/nvim/plugged/vim-gitgutter/autoload/gitgutter/highlight.vim
100.979  002.578  001.810: sourcing /Users/mochi/.local/share/nvim/plugged/vim-gitgutter/plugin/gitgutter.vim
102.638  001.451  001.451: sourcing /Users/mochi/.local/share/nvim/plugged/nvim-ts-autotag/plugin/nvim-ts-autotag.vim
103.669  000.676  000.676: sourcing /Users/mochi/.local/share/nvim/plugged/vim-startify/plugin/startify.vim
104.508  000.379  000.379: sourcing /Users/mochi/.local/share/nvim/plugged/which-key.nvim/plugin/which-key.vim
108.807  001.187  001.187: sourcing /Users/mochi/.local/share/nvim/plugged/vim-airline/autoload/airline.vim
111.121  000.367  000.367: sourcing /Users/mochi/.local/share/nvim/plugged/vim-devicons/autoload/devicons/plugins/startify.vim
111.159  005.830  004.276: sourcing /Users/mochi/.local/share/nvim/plugged/vim-devicons/plugin/webdevicons.vim
112.446  000.529  000.529: sourcing /usr/local/Cellar/neovim/0.6.1/share/nvim/runtime/plugin/gzip.vim
112.840  000.319  000.319: sourcing /usr/local/Cellar/neovim/0.6.1/share/nvim/runtime/plugin/health.vim
113.286  000.355  000.355: sourcing /usr/local/Cellar/neovim/0.6.1/share/nvim/runtime/plugin/man.vim
115.514  000.796  000.796: sourcing /usr/local/Cellar/neovim/0.6.1/share/nvim/runtime/pack/dist/opt/matchit/plugin/matchit.vim
115.723  002.365  001.569: sourcing /usr/local/Cellar/neovim/0.6.1/share/nvim/runtime/plugin/matchit.vim
116.446  000.650  000.650: sourcing /usr/local/Cellar/neovim/0.6.1/share/nvim/runtime/plugin/matchparen.vim
117.396  000.879  000.879: sourcing /usr/local/Cellar/neovim/0.6.1/share/nvim/runtime/plugin/netrwPlugin.vim
118.161  000.296  000.296: sourcing /Users/mochi/.local/share/nvim/rplugin.vim
118.170  000.687  000.391: sourcing /usr/local/Cellar/neovim/0.6.1/share/nvim/runtime/plugin/rplugin.vim
118.449  000.210  000.210: sourcing /usr/local/Cellar/neovim/0.6.1/share/nvim/runtime/plugin/shada.vim
118.657  000.133  000.133: sourcing /usr/local/Cellar/neovim/0.6.1/share/nvim/runtime/plugin/spellfile.vim
119.200  000.431  000.431: sourcing /usr/local/Cellar/neovim/0.6.1/share/nvim/runtime/plugin/tarPlugin.vim
119.650  000.375  000.375: sourcing /usr/local/Cellar/neovim/0.6.1/share/nvim/runtime/plugin/tohtml.vim
119.957  000.234  000.234: sourcing /usr/local/Cellar/neovim/0.6.1/share/nvim/runtime/plugin/tutor.vim
120.376  000.351  000.351: sourcing /usr/local/Cellar/neovim/0.6.1/share/nvim/runtime/plugin/zipPlugin.vim
122.805  009.075: loading rtp plugins
122.969  000.164: loading packages
124.821  000.906  000.906: sourcing /Users/mochi/.local/share/nvim/plugged/dracula/after/plugin/dracula.vim
124.983  001.108: loading after plugins
124.995  000.012: inits 3
127.278  002.283: reading ShaDa
132.247  000.796  000.796: sourcing /usr/local/Cellar/neovim/0.6.1/share/nvim/runtime/ftplugin/vim.vim
134.956  000.922  000.922: sourcing /usr/local/Cellar/neovim/0.6.1/share/nvim/runtime/indent/vim.vim
141.361  001.569  001.569: sourcing /usr/local/Cellar/neovim/0.6.1/share/nvim/runtime/syntax/lua.vim
141.956  006.283  004.714: sourcing /usr/local/Cellar/neovim/0.6.1/share/nvim/runtime/syntax/vim.vim
145.114  002.977  002.977: sourcing /usr/local/Cellar/neovim/0.6.1/share/nvim/runtime/syntax/vim/generated.vim
145.554  000.213  000.213: sourcing /Users/mochi/.local/share/nvim/plugged/dracula/after/syntax/vim.vim
146.800  000.749  000.749: sourcing /Users/mochi/.local/share/nvim/plugged/vim-airline/autoload/airline/extensions.vim
147.339  000.402  000.402: sourcing /Users/mochi/.local/share/nvim/plugged/vim-airline/autoload/airline/extensions/quickfix.vim
147.902  000.358  000.358: sourcing /Users/mochi/.local/share/nvim/plugged/vim-airline/autoload/airline/extensions/netrw.vim
148.421  000.360  000.360: sourcing /Users/mochi/.local/share/nvim/plugged/vim-airline/autoload/airline/extensions/fzf.vim
149.371  000.198  000.198: sourcing /Users/mochi/.local/share/nvim/plugged/vim-airline/autoload/airline/section.vim
150.177  000.633  000.633: sourcing /Users/mochi/.local/share/nvim/plugged/vim-airline/autoload/airline/highlighter.vim
150.455  001.761  000.930: sourcing /Users/mochi/.local/share/nvim/plugged/vim-airline/autoload/airline/extensions/term.vim
150.964  000.311  000.311: sourcing /Users/mochi/.local/share/nvim/plugged/vim-airline/autoload/airline/extensions/hunks.vim
151.692  000.532  000.532: sourcing /Users/mochi/.local/share/nvim/plugged/vim-airline/autoload/airline/extensions/branch.vim
162.564  000.172  000.172: sourcing /Users/mochi/.local/share/nvim/plugged/vim-airline/autoload/airline/extensions/nvimlsp.vim
163.052  000.289  000.289: sourcing /Users/mochi/.local/share/nvim/plugged/vim-airline/autoload/airline/extensions/whitespace.vim
163.670  000.347  000.347: sourcing /Users/mochi/.local/share/nvim/plugged/vim-airline/autoload/airline/extensions/po.vim
164.081  000.259  000.259: sourcing /Users/mochi/.local/share/nvim/plugged/vim-airline/autoload/airline/extensions/wordcount.vim
164.438  000.175  000.175: sourcing /Users/mochi/.local/share/nvim/plugged/vim-airline/autoload/airline/extensions/keymap.vim
165.048  000.332  000.332: sourcing /Users/mochi/.local/share/nvim/plugged/vim-airline/autoload/airline/extensions/searchcount.vim
170.625  000.250  000.250: sourcing /Users/mochi/.local/share/nvim/plugged/vim-airline/autoload/airline/themes.vim
171.657  001.659  001.409: sourcing /Users/mochi/.local/share/nvim/plugged/dracula/autoload/airline/themes/dracula.vim
177.651  000.994  000.994: sourcing /Users/mochi/.local/share/nvim/plugged/dracula/autoload/airline/themes/dracula.vim
193.434  000.555  000.555: sourcing /Users/mochi/.local/share/nvim/plugged/vim-airline/autoload/airline/builder.vim
194.256  000.266  000.266: sourcing /Users/mochi/.local/share/nvim/plugged/vim-airline/autoload/airline/extensions/default.vim
218.577  070.587: opening buffers
219.998  000.983  000.983: sourcing /Users/mochi/.local/share/nvim/plugged/vim-gitgutter/autoload/gitgutter.vim
220.344  000.784: BufEnter autocommands
220.347  000.003: editing files in windows
235.117  000.581  000.581: sourcing /Users/mochi/.local/share/nvim/plugged/denops.vim/autoload/denops/util.vim
235.562  001.731  001.150: sourcing /Users/mochi/.local/share/nvim/plugged/denops.vim/autoload/denops/server.vim
236.005  000.253  000.253: sourcing /Users/mochi/.local/share/nvim/plugged/denops.vim/autoload/denops/job.vim
239.208  016.876: VimEnter autocommands
239.216  000.008: UIEnter autocommands
241.087  001.673  001.673: sourcing /usr/local/Cellar/neovim/0.6.1/share/nvim/runtime/autoload/provider/clipboard.vim
241.099  000.210: before starting main loop
267.994  000.589  000.589: sourcing /Users/mochi/.local/share/nvim/plugged/vim-gitgutter/autoload/gitgutter/hunk.vim
269.055  000.489  000.489: sourcing /Users/mochi/.local/share/nvim/plugged/vim-airline/autoload/airline/async.vim
284.456  042.280: first screen update
284.465  000.009: --- NVIM STARTED ---


times in msec
 clock   self+sourced   self:  sourced script
 clock   elapsed:              other lines

000.010  000.010: --- NVIM STARTING ---
001.109  001.099: locale set
001.835  000.726: inits 1
001.869  000.034: window checked
013.062  011.193: parsing arguments
014.468  001.407: expanding arguments
014.905  000.436: inits 2
016.542  001.638: init highlight
016.559  000.017: waiting for UI
029.313  012.754: done waiting for UI
029.512  000.199: init screen for UI
029.598  000.087: init default mappings
030.071  000.472: init default autocommands
041.162  006.689  006.689: sourcing /Users/mochi/.local/share/nvim/site/autoload/plug.vim
093.981  000.391  000.391: sourcing /Users/mochi/.local/share/nvim/plugged/nvim-treesitter/ftdetect/fusion.vim
094.520  000.340  000.340: sourcing /Users/mochi/.local/share/nvim/plugged/nvim-treesitter/ftdetect/gdresource.vim
095.006  000.358  000.358: sourcing /Users/mochi/.local/share/nvim/plugged/nvim-treesitter/ftdetect/gdscript.vim
095.456  000.334  000.334: sourcing /Users/mochi/.local/share/nvim/plugged/nvim-treesitter/ftdetect/glimmer.vim
096.065  000.459  000.459: sourcing /Users/mochi/.local/share/nvim/plugged/nvim-treesitter/ftdetect/glsl.vim
096.592  000.388  000.388: sourcing /Users/mochi/.local/share/nvim/plugged/nvim-treesitter/ftdetect/gowork.vim
096.995  000.224  000.224: sourcing /Users/mochi/.local/share/nvim/plugged/nvim-treesitter/ftdetect/graphql.vim
097.543  000.324  000.324: sourcing /Users/mochi/.local/share/nvim/plugged/nvim-treesitter/ftdetect/hack.vim
098.141  000.480  000.480: sourcing /Users/mochi/.local/share/nvim/plugged/nvim-treesitter/ftdetect/hcl.vim
099.122  000.710  000.710: sourcing /Users/mochi/.local/share/nvim/plugged/nvim-treesitter/ftdetect/heex.vim
099.642  000.333  000.333: sourcing /Users/mochi/.local/share/nvim/plugged/nvim-treesitter/ftdetect/hjson.vim
100.384  000.381  000.381: sourcing /Users/mochi/.local/share/nvim/plugged/nvim-treesitter/ftdetect/json5.vim
100.890  000.348  000.348: sourcing /Users/mochi/.local/share/nvim/plugged/nvim-treesitter/ftdetect/ledger.vim
101.315  000.289  000.289: sourcing /Users/mochi/.local/share/nvim/plugged/nvim-treesitter/ftdetect/nix.vim
103.353  001.870  001.870: sourcing /Users/mochi/.local/share/nvim/plugged/nvim-treesitter/ftdetect/prisma.vim
104.226  000.538  000.538: sourcing /Users/mochi/.local/share/nvim/plugged/nvim-treesitter/ftdetect/pug.vim
105.330  000.737  000.737: sourcing /Users/mochi/.local/share/nvim/plugged/nvim-treesitter/ftdetect/ql.vim
106.211  000.458  000.458: sourcing /Users/mochi/.local/share/nvim/plugged/nvim-treesitter/ftdetect/query.vim
106.842  000.386  000.386: sourcing /Users/mochi/.local/share/nvim/plugged/nvim-treesitter/ftdetect/surface.vim
107.397  000.392  000.392: sourcing /Users/mochi/.local/share/nvim/plugged/nvim-treesitter/ftdetect/teal.vim
108.154  000.471  000.471: sourcing /Users/mochi/.local/share/nvim/plugged/nvim-treesitter/ftdetect/tlaplus.vim
108.748  000.393  000.393: sourcing /Users/mochi/.local/share/nvim/plugged/nvim-treesitter/ftdetect/yang.vim
109.795  036.467  025.861: sourcing /usr/local/Cellar/neovim/0.6.1/share/nvim/runtime/filetype.vim
111.193  000.387  000.387: sourcing /usr/local/Cellar/neovim/0.6.1/share/nvim/runtime/ftplugin.vim
112.157  000.310  000.310: sourcing /usr/local/Cellar/neovim/0.6.1/share/nvim/runtime/indent.vim
115.723  000.362  000.362: sourcing /usr/local/Cellar/neovim/0.6.1/share/nvim/runtime/syntax/synload.vim
115.852  003.557  003.194: sourcing /usr/local/Cellar/neovim/0.6.1/share/nvim/runtime/syntax/syntax.vim
117.455  001.377  001.377: sourcing /Users/mochi/.config/nvim/config/coc.nvim.vim
120.233  000.385  000.385: sourcing /Users/mochi/.local/share/nvim/plugged/dracula/autoload/dracula.vim
127.163  008.847  008.462: sourcing /Users/mochi/.local/share/nvim/plugged/dracula/colors/dracula.vim
150.851  000.551  000.551: sourcing /Users/mochi/.config/nvim/config/fern.vim
150.989  000.020  000.020: sourcing /Users/mochi/.config/nvim/config/mini.vim
151.001  120.368  062.164: sourcing /Users/mochi/.config/nvim/init.vim
151.010  000.571: sourcing vimrc file(s)
156.339  003.029  003.029: sourcing /Users/mochi/.local/share/nvim/plugged/fzf/plugin/fzf.vim
159.771  000.670  000.670: sourcing /Users/mochi/.local/share/nvim/plugged/glyph-palette.vim/autoload/glyph_palette/defaults.vim
160.405  002.356  001.686: sourcing /Users/mochi/.local/share/nvim/plugged/glyph-palette.vim/plugin/glyph_palette.vim
163.312  000.858  000.858: sourcing /Users/mochi/.local/share/nvim/plugged/fern-hijack.vim/plugin/fern_hijack.vim
166.327  000.702  000.702: sourcing /Users/mochi/.local/share/nvim/plugged/vim-auto-save/plugin/AutoSave.vim
173.226  000.917  000.917: sourcing /Users/mochi/.local/share/nvim/plugged/vim-airline/autoload/airline/init.vim
174.398  000.459  000.459: sourcing /Users/mochi/.local/share/nvim/plugged/vim-airline/autoload/airline/parts.vim
175.095  000.316  000.316: sourcing /Users/mochi/.local/share/nvim/plugged/vim-airline/autoload/airline/formatter/short_path.vim
177.151  000.827  000.827: sourcing /Users/mochi/.local/share/nvim/plugged/vim-airline/autoload/airline/util.vim
177.467  009.308  006.789: sourcing /Users/mochi/.local/share/nvim/plugged/vim-airline/plugin/airline.vim
179.120  000.413  000.413: sourcing /Users/mochi/.local/share/nvim/plugged/vim-airline-themes/plugin/airline-themes.vim
182.469  000.478  000.478: sourcing /Users/mochi/.local/share/nvim/plugged/denops.vim/autoload/denops.vim
184.665  004.068  003.590: sourcing /Users/mochi/.local/share/nvim/plugged/denops.vim/plugin/denops.vim
190.505  002.103  002.103: sourcing /Users/mochi/.local/share/nvim/plugged/vim-closetag/plugin/closetag.vim
194.504  002.354  002.354: sourcing /Users/mochi/.local/share/nvim/plugged/indent-blankline.nvim/plugin/indent_blankline.vim
218.599  022.188  022.188: sourcing /Users/mochi/.local/share/nvim/plugged/nvim-ts-rainbow/plugin/rainbow.vim
223.018  002.410  002.410: sourcing /Users/mochi/.local/share/nvim/plugged/nvim-treesitter/plugin/nvim-treesitter.vim
226.807  000.915  000.915: sourcing /Users/mochi/.local/share/nvim/plugged/vim-gitgutter/autoload/gitgutter/utility.vim
231.359  000.803  000.803: sourcing /Users/mochi/.local/share/nvim/plugged/vim-gitgutter/autoload/gitgutter/highlight.vim
233.332  008.634  006.916: sourcing /Users/mochi/.local/share/nvim/plugged/vim-gitgutter/plugin/gitgutter.vim
238.921  003.743  003.743: sourcing /Users/mochi/.local/share/nvim/plugged/nvim-ts-autotag/plugin/nvim-ts-autotag.vim
240.493  000.583  000.583: sourcing /Users/mochi/.local/share/nvim/plugged/vim-startify/plugin/startify.vim
242.994  000.668  000.668: sourcing /Users/mochi/.local/share/nvim/plugged/which-key.nvim/plugin/which-key.vim
249.218  000.796  000.796: sourcing /Users/mochi/.local/share/nvim/plugged/vim-airline/autoload/airline.vim
251.968  000.377  000.377: sourcing /Users/mochi/.local/share/nvim/plugged/vim-devicons/autoload/devicons/plugins/startify.vim
252.023  006.509  005.336: sourcing /Users/mochi/.local/share/nvim/plugged/vim-devicons/plugin/webdevicons.vim
254.153  000.639  000.639: sourcing /usr/local/Cellar/neovim/0.6.1/share/nvim/runtime/plugin/gzip.vim
254.599  000.348  000.348: sourcing /usr/local/Cellar/neovim/0.6.1/share/nvim/runtime/plugin/health.vim
255.293  000.496  000.496: sourcing /usr/local/Cellar/neovim/0.6.1/share/nvim/runtime/plugin/man.vim
258.459  000.982  000.982: sourcing /usr/local/Cellar/neovim/0.6.1/share/nvim/runtime/pack/dist/opt/matchit/plugin/matchit.vim
258.760  003.324  002.342: sourcing /usr/local/Cellar/neovim/0.6.1/share/nvim/runtime/plugin/matchit.vim
259.635  000.778  000.778: sourcing /usr/local/Cellar/neovim/0.6.1/share/nvim/runtime/plugin/matchparen.vim
261.341  001.558  001.558: sourcing /usr/local/Cellar/neovim/0.6.1/share/nvim/runtime/plugin/netrwPlugin.vim
263.986  000.279  000.279: sourcing /Users/mochi/.local/share/nvim/rplugin.vim
263.996  002.507  002.227: sourcing /usr/local/Cellar/neovim/0.6.1/share/nvim/runtime/plugin/rplugin.vim
264.495  000.409  000.409: sourcing /usr/local/Cellar/neovim/0.6.1/share/nvim/runtime/plugin/shada.vim
265.011  000.338  000.338: sourcing /usr/local/Cellar/neovim/0.6.1/share/nvim/runtime/plugin/spellfile.vim
266.143  000.813  000.813: sourcing /usr/local/Cellar/neovim/0.6.1/share/nvim/runtime/plugin/tarPlugin.vim
268.229  001.819  001.819: sourcing /usr/local/Cellar/neovim/0.6.1/share/nvim/runtime/plugin/tohtml.vim
269.197  000.593  000.593: sourcing /usr/local/Cellar/neovim/0.6.1/share/nvim/runtime/plugin/tutor.vim
270.766  001.259  001.259: sourcing /usr/local/Cellar/neovim/0.6.1/share/nvim/runtime/plugin/zipPlugin.vim
277.144  041.325: loading rtp plugins
277.441  000.297: loading packages
281.408  001.745  001.745: sourcing /Users/mochi/.local/share/nvim/plugged/dracula/after/plugin/dracula.vim
281.948  002.762: loading after plugins
281.971  000.023: inits 3
285.347  003.376: reading ShaDa
294.670  000.854  000.854: sourcing /usr/local/Cellar/neovim/0.6.1/share/nvim/runtime/ftplugin/vim.vim
297.976  000.589  000.589: sourcing /usr/local/Cellar/neovim/0.6.1/share/nvim/runtime/indent/vim.vim
308.154  002.484  002.484: sourcing /usr/local/Cellar/neovim/0.6.1/share/nvim/runtime/syntax/lua.vim
312.564  012.600  010.116: sourcing /usr/local/Cellar/neovim/0.6.1/share/nvim/runtime/syntax/vim.vim
318.045  004.263  004.263: sourcing /usr/local/Cellar/neovim/0.6.1/share/nvim/runtime/syntax/vim/generated.vim
318.759  000.500  000.500: sourcing /Users/mochi/.local/share/nvim/plugged/dracula/after/syntax/vim.vim
320.704  001.169  001.169: sourcing /Users/mochi/.local/share/nvim/plugged/vim-airline/autoload/airline/extensions.vim
322.757  000.453  000.453: sourcing /Users/mochi/.local/share/nvim/plugged/vim-airline/autoload/airline/extensions/quickfix.vim
324.124  000.572  000.572: sourcing /Users/mochi/.local/share/nvim/plugged/vim-airline/autoload/airline/extensions/netrw.vim
324.908  000.373  000.373: sourcing /Users/mochi/.local/share/nvim/plugged/vim-airline/autoload/airline/extensions/fzf.vim
326.560  000.369  000.369: sourcing /Users/mochi/.local/share/nvim/plugged/vim-airline/autoload/airline/section.vim
327.554  000.705  000.705: sourcing /Users/mochi/.local/share/nvim/plugged/vim-airline/autoload/airline/highlighter.vim
327.842  002.204  001.130: sourcing /Users/mochi/.local/share/nvim/plugged/vim-airline/autoload/airline/extensions/term.vim
328.449  000.390  000.390: sourcing /Users/mochi/.local/share/nvim/plugged/vim-airline/autoload/airline/extensions/hunks.vim
329.423  000.745  000.745: sourcing /Users/mochi/.local/share/nvim/plugged/vim-airline/autoload/airline/extensions/branch.vim
352.767  000.602  000.602: sourcing /Users/mochi/.local/share/nvim/plugged/vim-airline/autoload/airline/extensions/nvimlsp.vim
353.959  000.854  000.854: sourcing /Users/mochi/.local/share/nvim/plugged/vim-airline/autoload/airline/extensions/whitespace.vim
355.346  000.390  000.390: sourcing /Users/mochi/.local/share/nvim/plugged/vim-airline/autoload/airline/extensions/po.vim
356.053  000.503  000.503: sourcing /Users/mochi/.local/share/nvim/plugged/vim-airline/autoload/airline/extensions/wordcount.vim
356.669  000.361  000.361: sourcing /Users/mochi/.local/share/nvim/plugged/vim-airline/autoload/airline/extensions/keymap.vim
357.366  000.364  000.364: sourcing /Users/mochi/.local/share/nvim/plugged/vim-airline/autoload/airline/extensions/searchcount.vim
365.265  000.493  000.493: sourcing /Users/mochi/.local/share/nvim/plugged/vim-airline/autoload/airline/themes.vim
367.090  003.069  002.576: sourcing /Users/mochi/.local/share/nvim/plugged/dracula/autoload/airline/themes/dracula.vim
388.660  001.022  001.022: sourcing /Users/mochi/.local/share/nvim/plugged/dracula/autoload/airline/themes/dracula.vim
417.204  000.982  000.982: sourcing /Users/mochi/.local/share/nvim/plugged/vim-airline/autoload/airline/builder.vim
418.552  000.552  000.552: sourcing /Users/mochi/.local/share/nvim/plugged/vim-airline/autoload/airline/extensions/default.vim
456.486  137.728: opening buffers
459.346  001.771  001.771: sourcing /Users/mochi/.local/share/nvim/plugged/vim-gitgutter/autoload/gitgutter.vim
459.627  001.371: BufEnter autocommands
459.630  000.002: editing files in windows
479.949  000.475  000.475: sourcing /Users/mochi/.local/share/nvim/plugged/denops.vim/autoload/denops/util.vim
480.636  001.844  001.370: sourcing /Users/mochi/.local/share/nvim/plugged/denops.vim/autoload/denops/server.vim
481.365  000.463  000.463: sourcing /Users/mochi/.local/share/nvim/plugged/denops.vim/autoload/denops/job.vim
486.084  024.148: VimEnter autocommands
486.094  000.010: UIEnter autocommands
489.025  001.691  001.691: sourcing /usr/local/Cellar/neovim/0.6.1/share/nvim/runtime/autoload/provider/clipboard.vim
489.037  001.252: before starting main loop
536.362  001.526  001.526: sourcing /Users/mochi/.local/share/nvim/plugged/vim-gitgutter/autoload/gitgutter/hunk.vim
538.641  000.862  000.862: sourcing /Users/mochi/.local/share/nvim/plugged/vim-airline/autoload/airline/async.vim
567.054  075.630: first screen update
567.069  000.015: --- NVIM STARTED ---
