

times in msec
 clock   self+sourced   self:  sourced script
 clock   elapsed:              other lines

000.010  000.010: --- NVIM STARTING ---
000.899  000.889: locale set
001.422  000.523: inits 1
001.443  000.021: window checked
008.550  007.107: parsing arguments
008.857  000.307: expanding arguments
008.937  000.080: inits 2
009.497  000.560: init highlight
009.499  000.002: waiting for UI
013.875  004.376: done waiting for UI
013.915  000.039: init screen for UI
013.993  000.078: init default mappings
014.248  000.255: init default autocommands
018.579  003.454  003.454: sourcing /Users/mochi/.local/share/nvim/site/autoload/plug.vim
038.548  007.862  007.862: sourcing /usr/local/Cellar/neovim/0.6.1/share/nvim/runtime/filetype.vim
038.957  000.161  000.161: sourcing /usr/local/Cellar/neovim/0.6.1/share/nvim/runtime/ftplugin.vim
039.368  000.094  000.094: sourcing /usr/local/Cellar/neovim/0.6.1/share/nvim/runtime/indent.vim
040.215  000.150  000.150: sourcing /usr/local/Cellar/neovim/0.6.1/share/nvim/runtime/syntax/synload.vim
040.393  000.724  000.574: sourcing /usr/local/Cellar/neovim/0.6.1/share/nvim/runtime/syntax/syntax.vim
043.451  000.241  000.241: sourcing /Users/mochi/.local/share/nvim/plugged/dracula/autoload/dracula.vim
048.081  007.358  007.117: sourcing /Users/mochi/.local/share/nvim/plugged/dracula/colors/dracula.vim
056.078  000.097  000.097: sourcing /Users/mochi/.config/nvim/config/fern.vim
056.166  000.009  000.009: sourcing /Users/mochi/.config/nvim/config/mini.vim
056.174  041.716  021.958: sourcing /Users/mochi/.config/nvim/init.vim
056.181  000.216: sourcing vimrc file(s)
057.552  000.824  000.824: sourcing /Users/mochi/.local/share/nvim/plugged/fzf/plugin/fzf.vim
058.231  000.145  000.145: sourcing /Users/mochi/.local/share/nvim/plugged/glyph-palette.vim/autoload/glyph_palette/defaults.vim
058.787  000.934  000.789: sourcing /Users/mochi/.local/share/nvim/plugged/glyph-palette.vim/plugin/glyph_palette.vim
059.288  000.119  000.119: sourcing /Users/mochi/.local/share/nvim/plugged/fern-hijack.vim/plugin/fern_hijack.vim
059.678  000.132  000.132: sourcing /Users/mochi/.local/share/nvim/plugged/vim-auto-save/plugin/AutoSave.vim
060.125  000.087  000.087: sourcing /Users/mochi/.local/share/nvim/plugged/denops.vim/autoload/denops.vim
060.265  000.357  000.270: sourcing /Users/mochi/.local/share/nvim/plugged/denops.vim/plugin/denops.vim
060.807  000.349  000.349: sourcing /Users/mochi/.local/share/nvim/plugged/vim-closetag/plugin/closetag.vim
061.881  000.459  000.459: sourcing /Users/mochi/.local/share/nvim/plugged/indent-blankline.nvim/plugin/indent_blankline.vim
062.606  000.164  000.164: sourcing /Users/mochi/.local/share/nvim/plugged/vim-gitgutter/autoload/gitgutter/utility.vim
063.152  000.158  000.158: sourcing /Users/mochi/.local/share/nvim/plugged/vim-gitgutter/autoload/gitgutter/highlight.vim
064.297  002.139  001.817: sourcing /Users/mochi/.local/share/nvim/plugged/vim-gitgutter/plugin/gitgutter.vim
064.766  000.131  000.131: sourcing /Users/mochi/.local/share/nvim/plugged/vim-startify/plugin/startify.vim
065.155  000.116  000.116: sourcing /Users/mochi/.local/share/nvim/plugged/which-key.nvim/plugin/which-key.vim
070.243  000.092  000.092: sourcing /Users/mochi/.local/share/nvim/plugged/vim-devicons/autoload/devicons/plugins/startify.vim
070.357  004.731  004.639: sourcing /Users/mochi/.local/share/nvim/plugged/vim-devicons/plugin/webdevicons.vim
072.711  000.708  000.708: sourcing /usr/local/Cellar/neovim/0.6.1/share/nvim/runtime/plugin/gzip.vim
072.870  000.039  000.039: sourcing /usr/local/Cellar/neovim/0.6.1/share/nvim/runtime/plugin/health.vim
073.133  000.141  000.141: sourcing /usr/local/Cellar/neovim/0.6.1/share/nvim/runtime/plugin/man.vim
075.828  000.775  000.775: sourcing /usr/local/Cellar/neovim/0.6.1/share/nvim/runtime/pack/dist/opt/matchit/plugin/matchit.vim
076.668  003.451  002.676: sourcing /usr/local/Cellar/neovim/0.6.1/share/nvim/runtime/plugin/matchit.vim
077.674  000.417  000.417: sourcing /usr/local/Cellar/neovim/0.6.1/share/nvim/runtime/plugin/matchparen.vim
078.754  000.942  000.942: sourcing /usr/local/Cellar/neovim/0.6.1/share/nvim/runtime/plugin/netrwPlugin.vim
079.518  000.038  000.038: sourcing /Users/mochi/.local/share/nvim/rplugin.vim
079.534  000.520  000.482: sourcing /usr/local/Cellar/neovim/0.6.1/share/nvim/runtime/plugin/rplugin.vim
079.764  000.139  000.139: sourcing /usr/local/Cellar/neovim/0.6.1/share/nvim/runtime/plugin/shada.vim
079.894  000.040  000.040: sourcing /usr/local/Cellar/neovim/0.6.1/share/nvim/runtime/plugin/spellfile.vim
080.159  000.160  000.160: sourcing /usr/local/Cellar/neovim/0.6.1/share/nvim/runtime/plugin/tarPlugin.vim
080.379  000.134  000.134: sourcing /usr/local/Cellar/neovim/0.6.1/share/nvim/runtime/plugin/tohtml.vim
080.494  000.036  000.036: sourcing /usr/local/Cellar/neovim/0.6.1/share/nvim/runtime/plugin/tutor.vim
080.781  000.209  000.209: sourcing /usr/local/Cellar/neovim/0.6.1/share/nvim/runtime/plugin/zipPlugin.vim
083.795  010.388: loading rtp plugins
084.024  000.229: loading packages
085.331  000.497  000.497: sourcing /Users/mochi/.local/share/nvim/plugged/dracula/after/plugin/dracula.vim
085.548  001.026: loading after plugins
085.562  000.014: inits 3
088.438  002.876: reading ShaDa
093.121  000.278  000.278: sourcing /usr/local/Cellar/neovim/0.6.1/share/nvim/runtime/ftplugin/vim.vim
094.876  000.140  000.140: sourcing /usr/local/Cellar/neovim/0.6.1/share/nvim/runtime/indent/vim.vim
100.210  001.938  001.938: sourcing /usr/local/Cellar/neovim/0.6.1/share/nvim/runtime/syntax/lua.vim
101.099  005.728  003.790: sourcing /usr/local/Cellar/neovim/0.6.1/share/nvim/runtime/syntax/vim.vim
106.999  005.668  005.668: sourcing /usr/local/Cellar/neovim/0.6.1/share/nvim/runtime/syntax/vim/generated.vim
107.539  000.217  000.217: sourcing /Users/mochi/.local/share/nvim/plugged/dracula/after/syntax/vim.vim
113.473  013.004: opening buffers
114.434  000.287  000.287: sourcing /Users/mochi/.local/share/nvim/plugged/vim-gitgutter/autoload/gitgutter.vim
115.093  001.333: BufEnter autocommands
115.100  000.007: editing files in windows
127.679  000.079  000.079: sourcing /Users/mochi/.local/share/nvim/plugged/denops.vim/autoload/denops/util.vim
128.027  000.554  000.475: sourcing /Users/mochi/.local/share/nvim/plugged/denops.vim/autoload/denops/server.vim
128.297  000.076  000.076: sourcing /Users/mochi/.local/share/nvim/plugged/denops.vim/autoload/denops/job.vim
131.958  016.229: VimEnter autocommands
131.969  000.011: UIEnter autocommands
133.617  001.414  001.414: sourcing /usr/local/Cellar/neovim/0.6.1/share/nvim/runtime/autoload/provider/clipboard.vim
133.638  000.256: before starting main loop
166.321  032.683: first screen update
166.325  000.004: --- NVIM STARTED ---
