

times in msec
 clock   self+sourced   self:  sourced script
 clock   elapsed:              other lines

000.007  000.007: --- NVIM STARTING ---
000.911  000.904: locale set
001.366  000.455: inits 1
001.387  000.021: window checked
004.911  003.524: parsing arguments
005.151  000.240: expanding arguments
005.220  000.069: inits 2
005.705  000.485: init highlight
005.709  000.003: waiting for UI
009.456  003.747: done waiting for UI
009.502  000.046: init screen for UI
009.529  000.027: init default mappings
009.689  000.160: init default autocommands
011.832  001.405  001.405: sourcing /Users/mochi/.local/share/nvim/site/autoload/plug.vim
028.848  000.377  000.377: sourcing /Users/mochi/.local/share/nvim/plugged/nvim-treesitter/ftdetect/fusion.vim
029.298  000.345  000.345: sourcing /Users/mochi/.local/share/nvim/plugged/nvim-treesitter/ftdetect/gdresource.vim
029.564  000.179  000.179: sourcing /Users/mochi/.local/share/nvim/plugged/nvim-treesitter/ftdetect/gdscript.vim
029.772  000.137  000.137: sourcing /Users/mochi/.local/share/nvim/plugged/nvim-treesitter/ftdetect/glimmer.vim
030.019  000.171  000.171: sourcing /Users/mochi/.local/share/nvim/plugged/nvim-treesitter/ftdetect/glsl.vim
030.190  000.106  000.106: sourcing /Users/mochi/.local/share/nvim/plugged/nvim-treesitter/ftdetect/gowork.vim
030.353  000.103  000.103: sourcing /Users/mochi/.local/share/nvim/plugged/nvim-treesitter/ftdetect/graphql.vim
030.502  000.099  000.099: sourcing /Users/mochi/.local/share/nvim/plugged/nvim-treesitter/ftdetect/hack.vim
030.666  000.110  000.110: sourcing /Users/mochi/.local/share/nvim/plugged/nvim-treesitter/ftdetect/hcl.vim
030.859  000.113  000.113: sourcing /Users/mochi/.local/share/nvim/plugged/nvim-treesitter/ftdetect/heex.vim
031.040  000.104  000.104: sourcing /Users/mochi/.local/share/nvim/plugged/nvim-treesitter/ftdetect/hjson.vim
031.190  000.093  000.093: sourcing /Users/mochi/.local/share/nvim/plugged/nvim-treesitter/ftdetect/json5.vim
031.351  000.103  000.103: sourcing /Users/mochi/.local/share/nvim/plugged/nvim-treesitter/ftdetect/ledger.vim
031.546  000.145  000.145: sourcing /Users/mochi/.local/share/nvim/plugged/nvim-treesitter/ftdetect/nix.vim
031.745  000.125  000.125: sourcing /Users/mochi/.local/share/nvim/plugged/nvim-treesitter/ftdetect/prisma.vim
031.943  000.122  000.122: sourcing /Users/mochi/.local/share/nvim/plugged/nvim-treesitter/ftdetect/pug.vim
032.141  000.138  000.138: sourcing /Users/mochi/.local/share/nvim/plugged/nvim-treesitter/ftdetect/ql.vim
032.352  000.135  000.135: sourcing /Users/mochi/.local/share/nvim/plugged/nvim-treesitter/ftdetect/query.vim
032.553  000.117  000.117: sourcing /Users/mochi/.local/share/nvim/plugged/nvim-treesitter/ftdetect/surface.vim
032.731  000.114  000.114: sourcing /Users/mochi/.local/share/nvim/plugged/nvim-treesitter/ftdetect/teal.vim
032.919  000.114  000.114: sourcing /Users/mochi/.local/share/nvim/plugged/nvim-treesitter/ftdetect/tlaplus.vim
033.098  000.108  000.108: sourcing /Users/mochi/.local/share/nvim/plugged/nvim-treesitter/ftdetect/yang.vim
033.484  012.881  009.725: sourcing /usr/local/Cellar/neovim/0.6.1/share/nvim/runtime/filetype.vim
033.739  000.066  000.066: sourcing /usr/local/Cellar/neovim/0.6.1/share/nvim/runtime/ftplugin.vim
034.014  000.039  000.039: sourcing /usr/local/Cellar/neovim/0.6.1/share/nvim/runtime/indent.vim
034.365  000.086  000.086: sourcing /usr/local/Cellar/neovim/0.6.1/share/nvim/runtime/syntax/synload.vim
034.465  000.365  000.280: sourcing /usr/local/Cellar/neovim/0.6.1/share/nvim/runtime/syntax/syntax.vim
035.570  000.076  000.076: sourcing /Users/mochi/.local/share/nvim/plugged/dracula/autoload/dracula.vim
037.971  003.336  003.261: sourcing /Users/mochi/.local/share/nvim/plugged/dracula/colors/dracula.vim
043.634  000.119  000.119: sourcing /Users/mochi/.config/nvim/config/fern.vim
043.701  000.009  000.009: sourcing /Users/mochi/.config/nvim/config/mini.vim
044.134  000.383  000.383: sourcing /Users/mochi/.config/nvim/config/coc.nvim.vim
044.139  034.290  015.686: sourcing /Users/mochi/.config/nvim/init.vim
044.182  000.203: sourcing vimrc file(s)
045.532  000.826  000.826: sourcing /Users/mochi/.local/share/nvim/plugged/fzf/plugin/fzf.vim
046.414  000.286  000.286: sourcing /Users/mochi/.local/share/nvim/plugged/glyph-palette.vim/autoload/glyph_palette/defaults.vim
047.136  001.181  000.895: sourcing /Users/mochi/.local/share/nvim/plugged/glyph-palette.vim/plugin/glyph_palette.vim
047.852  000.233  000.233: sourcing /Users/mochi/.local/share/nvim/plugged/fern-hijack.vim/plugin/fern_hijack.vim
048.770  000.440  000.440: sourcing /Users/mochi/.local/share/nvim/plugged/vim-auto-save/plugin/AutoSave.vim
049.673  000.111  000.111: sourcing /Users/mochi/.local/share/nvim/plugged/denops.vim/autoload/denops.vim
050.151  000.800  000.689: sourcing /Users/mochi/.local/share/nvim/plugged/denops.vim/plugin/denops.vim
051.031  000.436  000.436: sourcing /Users/mochi/.local/share/nvim/plugged/vim-closetag/plugin/closetag.vim
052.244  000.982  000.982: sourcing /Users/mochi/.local/share/nvim/plugged/indent-blankline.nvim/plugin/indent_blankline.vim
061.811  009.283  009.283: sourcing /Users/mochi/.local/share/nvim/plugged/nvim-ts-rainbow/plugin/rainbow.vim
062.676  000.640  000.640: sourcing /Users/mochi/.local/share/nvim/plugged/nvim-treesitter/plugin/nvim-treesitter.vim
063.311  000.184  000.184: sourcing /Users/mochi/.local/share/nvim/plugged/vim-gitgutter/autoload/gitgutter/utility.vim
063.771  000.131  000.131: sourcing /Users/mochi/.local/share/nvim/plugged/vim-gitgutter/autoload/gitgutter/highlight.vim
064.688  001.807  001.492: sourcing /Users/mochi/.local/share/nvim/plugged/vim-gitgutter/plugin/gitgutter.vim
066.528  001.560  001.560: sourcing /Users/mochi/.local/share/nvim/plugged/nvim-ts-autotag/plugin/nvim-ts-autotag.vim
067.123  000.188  000.188: sourcing /Users/mochi/.local/share/nvim/plugged/vim-startify/plugin/startify.vim
067.464  000.031  000.031: sourcing /Users/mochi/.local/share/nvim/plugged/which-key.nvim/plugin/which-key.vim
069.665  000.034  000.034: sourcing /Users/mochi/.local/share/nvim/plugged/vim-devicons/autoload/devicons/plugins/startify.vim
069.696  001.987  001.953: sourcing /Users/mochi/.local/share/nvim/plugged/vim-devicons/plugin/webdevicons.vim
070.714  000.219  000.219: sourcing /usr/local/Cellar/neovim/0.6.1/share/nvim/runtime/plugin/gzip.vim
070.793  000.021  000.021: sourcing /usr/local/Cellar/neovim/0.6.1/share/nvim/runtime/plugin/health.vim
070.947  000.100  000.100: sourcing /usr/local/Cellar/neovim/0.6.1/share/nvim/runtime/plugin/man.vim
072.369  000.263  000.263: sourcing /usr/local/Cellar/neovim/0.6.1/share/nvim/runtime/pack/dist/opt/matchit/plugin/matchit.vim
072.638  001.640  001.377: sourcing /usr/local/Cellar/neovim/0.6.1/share/nvim/runtime/plugin/matchit.vim
072.964  000.193  000.193: sourcing /usr/local/Cellar/neovim/0.6.1/share/nvim/runtime/plugin/matchparen.vim
073.444  000.405  000.405: sourcing /usr/local/Cellar/neovim/0.6.1/share/nvim/runtime/plugin/netrwPlugin.vim
073.761  000.025  000.025: sourcing /Users/mochi/.local/share/nvim/rplugin.vim
073.768  000.250  000.225: sourcing /usr/local/Cellar/neovim/0.6.1/share/nvim/runtime/plugin/rplugin.vim
073.941  000.113  000.113: sourcing /usr/local/Cellar/neovim/0.6.1/share/nvim/runtime/plugin/shada.vim
074.040  000.034  000.034: sourcing /usr/local/Cellar/neovim/0.6.1/share/nvim/runtime/plugin/spellfile.vim
074.256  000.158  000.158: sourcing /usr/local/Cellar/neovim/0.6.1/share/nvim/runtime/plugin/tarPlugin.vim
074.408  000.089  000.089: sourcing /usr/local/Cellar/neovim/0.6.1/share/nvim/runtime/plugin/tohtml.vim
074.493  000.029  000.029: sourcing /usr/local/Cellar/neovim/0.6.1/share/nvim/runtime/plugin/tutor.vim
074.723  000.178  000.178: sourcing /usr/local/Cellar/neovim/0.6.1/share/nvim/runtime/plugin/zipPlugin.vim
077.073  009.069: loading rtp plugins
077.253  000.180: loading packages
078.320  000.442  000.442: sourcing /Users/mochi/.local/share/nvim/plugged/dracula/after/plugin/dracula.vim
078.524  000.829: loading after plugins
078.536  000.012: inits 3
081.208  002.672: reading ShaDa
087.197  000.476  000.476: sourcing /usr/local/Cellar/neovim/0.6.1/share/nvim/runtime/ftplugin/vim.vim
089.580  000.144  000.144: sourcing /usr/local/Cellar/neovim/0.6.1/share/nvim/runtime/indent/vim.vim
095.451  001.280  001.280: sourcing /usr/local/Cellar/neovim/0.6.1/share/nvim/runtime/syntax/lua.vim
096.131  006.064  004.784: sourcing /usr/local/Cellar/neovim/0.6.1/share/nvim/runtime/syntax/vim.vim
098.671  002.353  002.353: sourcing /usr/local/Cellar/neovim/0.6.1/share/nvim/runtime/syntax/vim/generated.vim
098.902  000.075  000.075: sourcing /Users/mochi/.local/share/nvim/plugged/dracula/after/syntax/vim.vim
102.970  012.650: opening buffers
103.600  000.165  000.165: sourcing /Users/mochi/.local/share/nvim/plugged/vim-gitgutter/autoload/gitgutter.vim
103.886  000.751: BufEnter autocommands
103.889  000.003: editing files in windows
116.818  000.075  000.075: sourcing /Users/mochi/.local/share/nvim/plugged/denops.vim/autoload/denops/util.vim
117.032  000.415  000.341: sourcing /Users/mochi/.local/share/nvim/plugged/denops.vim/autoload/denops/server.vim
117.241  000.065  000.065: sourcing /Users/mochi/.local/share/nvim/plugged/denops.vim/autoload/denops/job.vim
123.055  018.686: VimEnter autocommands
123.094  000.038: UIEnter autocommands
123.781  000.356  000.356: sourcing /usr/local/Cellar/neovim/0.6.1/share/nvim/runtime/autoload/provider/clipboard.vim
123.806  000.356: before starting main loop
154.168  030.362: first screen update
154.172  000.004: --- NVIM STARTED ---


times in msec
 clock   self+sourced   self:  sourced script
 clock   elapsed:              other lines

000.020  000.020: --- NVIM STARTING ---
001.230  001.210: locale set
002.470  001.240: inits 1
002.533  000.063: window checked
011.304  008.771: parsing arguments
011.719  000.415: expanding arguments
011.803  000.084: inits 2
012.532  000.729: init highlight
012.536  000.004: waiting for UI
019.534  006.998: done waiting for UI
019.587  000.053: init screen for UI
019.620  000.033: init default mappings
019.835  000.215: init default autocommands
024.422  002.807  002.807: sourcing /Users/mochi/.local/share/nvim/site/autoload/plug.vim
053.650  000.308  000.308: sourcing /Users/mochi/.local/share/nvim/plugged/nvim-treesitter/ftdetect/fusion.vim
053.948  000.228  000.228: sourcing /Users/mochi/.local/share/nvim/plugged/nvim-treesitter/ftdetect/gdresource.vim
054.203  000.134  000.134: sourcing /Users/mochi/.local/share/nvim/plugged/nvim-treesitter/ftdetect/gdscript.vim
054.403  000.112  000.112: sourcing /Users/mochi/.local/share/nvim/plugged/nvim-treesitter/ftdetect/glimmer.vim
054.625  000.121  000.121: sourcing /Users/mochi/.local/share/nvim/plugged/nvim-treesitter/ftdetect/glsl.vim
054.875  000.139  000.139: sourcing /Users/mochi/.local/share/nvim/plugged/nvim-treesitter/ftdetect/gowork.vim
055.145  000.137  000.137: sourcing /Users/mochi/.local/share/nvim/plugged/nvim-treesitter/ftdetect/graphql.vim
055.430  000.203  000.203: sourcing /Users/mochi/.local/share/nvim/plugged/nvim-treesitter/ftdetect/hack.vim
055.660  000.159  000.159: sourcing /Users/mochi/.local/share/nvim/plugged/nvim-treesitter/ftdetect/hcl.vim
055.864  000.106  000.106: sourcing /Users/mochi/.local/share/nvim/plugged/nvim-treesitter/ftdetect/heex.vim
056.046  000.106  000.106: sourcing /Users/mochi/.local/share/nvim/plugged/nvim-treesitter/ftdetect/hjson.vim
056.203  000.096  000.096: sourcing /Users/mochi/.local/share/nvim/plugged/nvim-treesitter/ftdetect/json5.vim
056.373  000.111  000.111: sourcing /Users/mochi/.local/share/nvim/plugged/nvim-treesitter/ftdetect/ledger.vim
056.541  000.099  000.099: sourcing /Users/mochi/.local/share/nvim/plugged/nvim-treesitter/ftdetect/nix.vim
056.699  000.095  000.095: sourcing /Users/mochi/.local/share/nvim/plugged/nvim-treesitter/ftdetect/prisma.vim
056.854  000.097  000.097: sourcing /Users/mochi/.local/share/nvim/plugged/nvim-treesitter/ftdetect/pug.vim
057.017  000.097  000.097: sourcing /Users/mochi/.local/share/nvim/plugged/nvim-treesitter/ftdetect/ql.vim
057.182  000.109  000.109: sourcing /Users/mochi/.local/share/nvim/plugged/nvim-treesitter/ftdetect/query.vim
057.343  000.102  000.102: sourcing /Users/mochi/.local/share/nvim/plugged/nvim-treesitter/ftdetect/surface.vim
057.506  000.101  000.101: sourcing /Users/mochi/.local/share/nvim/plugged/nvim-treesitter/ftdetect/teal.vim
057.664  000.100  000.100: sourcing /Users/mochi/.local/share/nvim/plugged/nvim-treesitter/ftdetect/tlaplus.vim
057.851  000.122  000.122: sourcing /Users/mochi/.local/share/nvim/plugged/nvim-treesitter/ftdetect/yang.vim
058.358  013.957  011.077: sourcing /usr/local/Cellar/neovim/0.6.1/share/nvim/runtime/filetype.vim
059.491  000.394  000.394: sourcing /usr/local/Cellar/neovim/0.6.1/share/nvim/runtime/ftplugin.vim
060.332  000.255  000.255: sourcing /usr/local/Cellar/neovim/0.6.1/share/nvim/runtime/indent.vim
064.223  000.391  000.391: sourcing /usr/local/Cellar/neovim/0.6.1/share/nvim/runtime/syntax/synload.vim
064.369  003.324  002.933: sourcing /usr/local/Cellar/neovim/0.6.1/share/nvim/runtime/syntax/syntax.vim
066.281  000.377  000.377: sourcing /Users/mochi/.local/share/nvim/plugged/dracula/autoload/dracula.vim
068.903  004.307  003.930: sourcing /Users/mochi/.local/share/nvim/plugged/dracula/colors/dracula.vim
082.685  000.359  000.359: sourcing /Users/mochi/.config/nvim/config/fern.vim
082.757  000.010  000.010: sourcing /Users/mochi/.config/nvim/config/mini.vim
082.763  062.714  037.301: sourcing /Users/mochi/.config/nvim/init.vim
082.778  000.228: sourcing vimrc file(s)
084.846  001.073  001.073: sourcing /Users/mochi/.local/share/nvim/plugged/fzf/plugin/fzf.vim
086.524  000.366  000.366: sourcing /Users/mochi/.local/share/nvim/plugged/glyph-palette.vim/autoload/glyph_palette/defaults.vim
086.833  001.066  000.700: sourcing /Users/mochi/.local/share/nvim/plugged/glyph-palette.vim/plugin/glyph_palette.vim
088.077  000.479  000.479: sourcing /Users/mochi/.local/share/nvim/plugged/fern-hijack.vim/plugin/fern_hijack.vim
089.148  000.337  000.337: sourcing /Users/mochi/.local/share/nvim/plugged/vim-auto-save/plugin/AutoSave.vim
092.082  000.482  000.482: sourcing /Users/mochi/.local/share/nvim/plugged/denops.vim/autoload/denops.vim
094.967  004.777  004.295: sourcing /Users/mochi/.local/share/nvim/plugged/denops.vim/plugin/denops.vim
098.638  001.623  001.623: sourcing /Users/mochi/.local/share/nvim/plugged/vim-closetag/plugin/closetag.vim
100.110  000.862  000.862: sourcing /Users/mochi/.local/share/nvim/plugged/indent-blankline.nvim/plugin/indent_blankline.vim
117.574  016.454  016.454: sourcing /Users/mochi/.local/share/nvim/plugged/nvim-ts-rainbow/plugin/rainbow.vim
118.968  000.714  000.714: sourcing /Users/mochi/.local/share/nvim/plugged/nvim-treesitter/plugin/nvim-treesitter.vim
121.627  000.858  000.858: sourcing /Users/mochi/.local/share/nvim/plugged/vim-gitgutter/autoload/gitgutter/utility.vim
122.728  000.374  000.374: sourcing /Users/mochi/.local/share/nvim/plugged/vim-gitgutter/autoload/gitgutter/highlight.vim
124.457  005.130  003.898: sourcing /Users/mochi/.local/share/nvim/plugged/vim-gitgutter/plugin/gitgutter.vim
126.772  001.719  001.719: sourcing /Users/mochi/.local/share/nvim/plugged/nvim-ts-autotag/plugin/nvim-ts-autotag.vim
127.780  000.450  000.450: sourcing /Users/mochi/.local/share/nvim/plugged/vim-startify/plugin/startify.vim
128.580  000.283  000.283: sourcing /Users/mochi/.local/share/nvim/plugged/which-key.nvim/plugin/which-key.vim
132.544  000.332  000.332: sourcing /Users/mochi/.local/share/nvim/plugged/vim-devicons/autoload/devicons/plugins/startify.vim
132.583  003.373  003.042: sourcing /Users/mochi/.local/share/nvim/plugged/vim-devicons/plugin/webdevicons.vim
134.819  000.771  000.771: sourcing /usr/local/Cellar/neovim/0.6.1/share/nvim/runtime/plugin/gzip.vim
135.382  000.425  000.425: sourcing /usr/local/Cellar/neovim/0.6.1/share/nvim/runtime/plugin/health.vim
135.967  000.481  000.481: sourcing /usr/local/Cellar/neovim/0.6.1/share/nvim/runtime/plugin/man.vim
138.401  000.978  000.978: sourcing /usr/local/Cellar/neovim/0.6.1/share/nvim/runtime/pack/dist/opt/matchit/plugin/matchit.vim
138.629  002.587  001.609: sourcing /usr/local/Cellar/neovim/0.6.1/share/nvim/runtime/plugin/matchit.vim
139.356  000.655  000.655: sourcing /usr/local/Cellar/neovim/0.6.1/share/nvim/runtime/plugin/matchparen.vim
140.410  000.996  000.996: sourcing /usr/local/Cellar/neovim/0.6.1/share/nvim/runtime/plugin/netrwPlugin.vim
143.266  000.317  000.317: sourcing /Users/mochi/.local/share/nvim/rplugin.vim
143.293  002.724  002.407: sourcing /usr/local/Cellar/neovim/0.6.1/share/nvim/runtime/plugin/rplugin.vim
144.252  000.800  000.800: sourcing /usr/local/Cellar/neovim/0.6.1/share/nvim/runtime/plugin/shada.vim
144.989  000.420  000.420: sourcing /usr/local/Cellar/neovim/0.6.1/share/nvim/runtime/plugin/spellfile.vim
146.144  000.962  000.962: sourcing /usr/local/Cellar/neovim/0.6.1/share/nvim/runtime/plugin/tarPlugin.vim
147.116  000.759  000.759: sourcing /usr/local/Cellar/neovim/0.6.1/share/nvim/runtime/plugin/tohtml.vim
147.801  000.455  000.455: sourcing /usr/local/Cellar/neovim/0.6.1/share/nvim/runtime/plugin/tutor.vim
148.702  000.668  000.668: sourcing /usr/local/Cellar/neovim/0.6.1/share/nvim/runtime/plugin/zipPlugin.vim
150.907  017.085: loading rtp plugins
151.037  000.130: loading packages
153.513  001.262  001.262: sourcing /Users/mochi/.local/share/nvim/plugged/dracula/after/plugin/dracula.vim
153.704  001.405: loading after plugins
153.716  000.012: inits 3
156.078  002.362: reading ShaDa
161.775  000.559  000.559: sourcing /usr/local/Cellar/neovim/0.6.1/share/nvim/runtime/ftplugin/vim.vim
165.378  000.620  000.620: sourcing /usr/local/Cellar/neovim/0.6.1/share/nvim/runtime/indent/vim.vim
171.410  002.178  002.178: sourcing /usr/local/Cellar/neovim/0.6.1/share/nvim/runtime/syntax/lua.vim
174.784  008.517  006.339: sourcing /usr/local/Cellar/neovim/0.6.1/share/nvim/runtime/syntax/vim.vim
178.510  003.126  003.126: sourcing /usr/local/Cellar/neovim/0.6.1/share/nvim/runtime/syntax/vim/generated.vim
178.861  000.189  000.189: sourcing /Users/mochi/.local/share/nvim/plugged/dracula/after/syntax/vim.vim
182.969  013.879: opening buffers
183.976  000.521  000.521: sourcing /Users/mochi/.local/share/nvim/plugged/vim-gitgutter/autoload/gitgutter.vim
184.258  000.768: BufEnter autocommands
184.261  000.003: editing files in windows
196.206  000.542  000.542: sourcing /Users/mochi/.local/share/nvim/plugged/denops.vim/autoload/denops/util.vim
196.696  001.984  001.442: sourcing /Users/mochi/.local/share/nvim/plugged/denops.vim/autoload/denops/server.vim
197.176  000.239  000.239: sourcing /Users/mochi/.local/share/nvim/plugged/denops.vim/autoload/denops/job.vim
200.929  014.445: VimEnter autocommands
200.960  000.031: UIEnter autocommands
202.604  000.859  000.859: sourcing /usr/local/Cellar/neovim/0.6.1/share/nvim/runtime/autoload/provider/clipboard.vim
202.618  000.799: before starting main loop
237.759  035.141: first screen update
237.763  000.004: --- NVIM STARTED ---
