

times in msec
 clock   self+sourced   self:  sourced script
 clock   elapsed:              other lines

000.030  000.030: --- NVIM STARTING ---
001.617  001.587: locale set
002.546  000.929: inits 1
002.580  000.033: window checked
009.223  006.644: parsing arguments
009.675  000.452: expanding arguments
009.848  000.173: inits 2
010.930  001.081: init highlight
010.935  000.006: waiting for UI
020.545  009.610: done waiting for UI
020.900  000.355: init screen for UI
021.016  000.115: init default mappings
021.882  000.866: init default autocommands
027.637  001.021  001.021: sourcing /Users/mochi/.config/nvim/dein/repos/github.com/Shougo/dein.vim/autoload/dein.vim
028.603  000.712  000.712: sourcing /Users/mochi/.config/nvim/dein/repos/github.com/Shougo/dein.vim/autoload/dein/min.vim
042.623  002.143  002.143: sourcing /usr/local/Cellar/neovim/0.6.1/share/nvim/runtime/ftoff.vim
043.263  014.042  011.899: sourcing /Users/mochi/.config/nvim/dein/state_nvim.vim
065.680  000.403  000.403: sourcing /Users/mochi/.config/nvim/dein/repos/github.com/nvim-treesitter/nvim-treesitter/ftdetect/fusion.vim
066.272  000.409  000.409: sourcing /Users/mochi/.config/nvim/dein/repos/github.com/nvim-treesitter/nvim-treesitter/ftdetect/gdresource.vim
066.556  000.149  000.149: sourcing /Users/mochi/.config/nvim/dein/repos/github.com/nvim-treesitter/nvim-treesitter/ftdetect/gdscript.vim
066.815  000.137  000.137: sourcing /Users/mochi/.config/nvim/dein/repos/github.com/nvim-treesitter/nvim-treesitter/ftdetect/glimmer.vim
067.144  000.183  000.183: sourcing /Users/mochi/.config/nvim/dein/repos/github.com/nvim-treesitter/nvim-treesitter/ftdetect/glsl.vim
067.477  000.182  000.182: sourcing /Users/mochi/.config/nvim/dein/repos/github.com/nvim-treesitter/nvim-treesitter/ftdetect/gowork.vim
067.827  000.157  000.157: sourcing /Users/mochi/.config/nvim/dein/repos/github.com/nvim-treesitter/nvim-treesitter/ftdetect/graphql.vim
068.181  000.177  000.177: sourcing /Users/mochi/.config/nvim/dein/repos/github.com/nvim-treesitter/nvim-treesitter/ftdetect/hack.vim
068.568  000.209  000.209: sourcing /Users/mochi/.config/nvim/dein/repos/github.com/nvim-treesitter/nvim-treesitter/ftdetect/hcl.vim
068.964  000.187  000.187: sourcing /Users/mochi/.config/nvim/dein/repos/github.com/nvim-treesitter/nvim-treesitter/ftdetect/heex.vim
069.341  000.241  000.241: sourcing /Users/mochi/.config/nvim/dein/repos/github.com/nvim-treesitter/nvim-treesitter/ftdetect/hjson.vim
069.682  000.188  000.188: sourcing /Users/mochi/.config/nvim/dein/repos/github.com/nvim-treesitter/nvim-treesitter/ftdetect/json5.vim
070.020  000.185  000.185: sourcing /Users/mochi/.config/nvim/dein/repos/github.com/nvim-treesitter/nvim-treesitter/ftdetect/ledger.vim
070.609  000.368  000.368: sourcing /Users/mochi/.config/nvim/dein/repos/github.com/nvim-treesitter/nvim-treesitter/ftdetect/nix.vim
071.259  000.344  000.344: sourcing /Users/mochi/.config/nvim/dein/repos/github.com/nvim-treesitter/nvim-treesitter/ftdetect/prisma.vim
071.927  000.351  000.351: sourcing /Users/mochi/.config/nvim/dein/repos/github.com/nvim-treesitter/nvim-treesitter/ftdetect/pug.vim
072.611  000.398  000.398: sourcing /Users/mochi/.config/nvim/dein/repos/github.com/nvim-treesitter/nvim-treesitter/ftdetect/ql.vim
073.231  000.390  000.390: sourcing /Users/mochi/.config/nvim/dein/repos/github.com/nvim-treesitter/nvim-treesitter/ftdetect/query.vim
074.034  000.342  000.342: sourcing /Users/mochi/.config/nvim/dein/repos/github.com/nvim-treesitter/nvim-treesitter/ftdetect/surface.vim
074.642  000.308  000.308: sourcing /Users/mochi/.config/nvim/dein/repos/github.com/nvim-treesitter/nvim-treesitter/ftdetect/teal.vim
075.703  000.680  000.680: sourcing /Users/mochi/.config/nvim/dein/repos/github.com/nvim-treesitter/nvim-treesitter/ftdetect/tlaplus.vim
076.678  000.679  000.679: sourcing /Users/mochi/.config/nvim/dein/repos/github.com/nvim-treesitter/nvim-treesitter/ftdetect/yang.vim
077.503  029.639  022.973: sourcing /usr/local/Cellar/neovim/0.6.1/share/nvim/runtime/filetype.vim
078.299  000.388  000.388: sourcing /usr/local/Cellar/neovim/0.6.1/share/nvim/runtime/ftplugin.vim
079.100  000.349  000.349: sourcing /usr/local/Cellar/neovim/0.6.1/share/nvim/runtime/indent.vim
080.756  000.480  000.480: sourcing /usr/local/Cellar/neovim/0.6.1/share/nvim/runtime/syntax/synload.vim
080.955  001.583  001.103: sourcing /usr/local/Cellar/neovim/0.6.1/share/nvim/runtime/syntax/syntax.vim
083.225  001.935  001.935: sourcing /Users/mochi/.config/nvim/dein/repos/github.com/Shougo/dein.vim/autoload/dein/autoload.vim
086.350  002.391  002.391: sourcing /Users/mochi/.config/nvim/dein/repos/github.com/Shougo/dein.vim/autoload/dein/util.vim
094.647  000.507  000.507: sourcing /Users/mochi/.config/nvim/dein/.cache/init.vim/.dein/autoload/dracula.vim
100.188  008.296  007.789: sourcing /Users/mochi/.config/nvim/dein/.cache/init.vim/.dein/colors/dracula.vim
126.633  103.918  043.562: sourcing /Users/mochi/.config/nvim/init.vim
126.650  000.850: sourcing vimrc file(s)
131.354  002.800  002.800: sourcing /Users/mochi/.config/nvim/dein/repos/github.com/junegunn/fzf/plugin/fzf.vim
140.642  007.914  007.914: sourcing /Users/mochi/.config/nvim/dein/repos/github.com/nvim-treesitter/nvim-treesitter/plugin/nvim-treesitter.vim
146.364  002.507  002.507: sourcing /Users/mochi/.config/nvim/dein/repos/github.com/neoclide/coc.nvim_release/autoload/coc/rpc.vim
154.585  004.838  004.838: sourcing /Users/mochi/.config/nvim/dein/repos/github.com/neoclide/coc.nvim_release/autoload/coc/util.vim
158.220  002.411  002.411: sourcing /Users/mochi/.config/nvim/dein/repos/github.com/neoclide/coc.nvim_release/autoload/coc/client.vim
170.037  028.210  018.453: sourcing /Users/mochi/.config/nvim/dein/repos/github.com/neoclide/coc.nvim_release/plugin/coc.vim
174.034  000.584  000.584: sourcing /Users/mochi/.config/nvim/dein/.cache/init.vim/.dein/plugin/airline-themes.vim
176.775  001.186  001.186: sourcing /Users/mochi/.config/nvim/dein/.cache/init.vim/.dein/autoload/airline/init.vim
179.740  000.705  000.705: sourcing /Users/mochi/.config/nvim/dein/.cache/init.vim/.dein/autoload/airline/parts.vim
181.749  000.573  000.573: sourcing /Users/mochi/.config/nvim/dein/.cache/init.vim/.dein/autoload/airline/formatter/short_path.vim
185.666  001.020  001.020: sourcing /Users/mochi/.config/nvim/dein/.cache/init.vim/.dein/autoload/airline/util.vim
185.902  011.594  008.109: sourcing /Users/mochi/.config/nvim/dein/.cache/init.vim/.dein/plugin/airline.vim
186.624  000.572  000.572: sourcing /Users/mochi/.config/nvim/dein/.cache/init.vim/.dein/plugin/AutoSave.vim
187.960  001.113  001.113: sourcing /Users/mochi/.config/nvim/dein/.cache/init.vim/.dein/plugin/closetag.vim
188.480  000.344  000.344: sourcing /Users/mochi/.config/nvim/dein/.cache/init.vim/.dein/plugin/coloredit.vim
190.691  001.009  001.009: sourcing /Users/mochi/.config/nvim/dein/.cache/init.vim/.dein/autoload/denops.vim
191.761  003.048  002.039: sourcing /Users/mochi/.config/nvim/dein/.cache/init.vim/.dein/plugin/denops.vim
195.302  003.052  003.052: sourcing /Users/mochi/.config/nvim/dein/.cache/init.vim/.dein/plugin/editorconfig.vim
200.534  004.903  004.903: sourcing /Users/mochi/.config/nvim/dein/.cache/init.vim/.dein/plugin/emmet.vim
204.146  001.271  001.271: sourcing /Users/mochi/.config/nvim/dein/.cache/init.vim/.dein/autoload/vital/fern.vim
205.244  000.552  000.552: sourcing /Users/mochi/.config/nvim/dein/.cache/init.vim/.dein/autoload/vital/_fern/Config.vim
206.035  000.418  000.418: sourcing /Users/mochi/.config/nvim/dein/.cache/init.vim/.dein/autoload/vital/_fern.vim
208.107  001.322  001.322: sourcing /Users/mochi/.config/nvim/dein/.cache/init.vim/.dein/autoload/vital/_fern/Async/Promise.vim
209.719  000.539  000.539: sourcing /Users/mochi/.config/nvim/dein/.cache/init.vim/.dein/autoload/vital/_fern/Async/Later.vim
210.283  008.064  003.962: sourcing /Users/mochi/.config/nvim/dein/.cache/init.vim/.dein/autoload/fern/mapping.vim
210.317  009.591  001.527: sourcing /Users/mochi/.config/nvim/dein/.cache/init.vim/.dein/plugin/fern-mapping-fzf.vim
210.866  000.347  000.347: sourcing /Users/mochi/.config/nvim/dein/.cache/init.vim/.dein/plugin/fern.vim
211.235  000.163  000.163: sourcing /Users/mochi/.config/nvim/dein/.cache/init.vim/.dein/plugin/fern_bookmark.vim
211.990  000.436  000.436: sourcing /Users/mochi/.config/nvim/dein/.cache/init.vim/.dein/plugin/fern_git_status.vim
212.447  000.293  000.293: sourcing /Users/mochi/.config/nvim/dein/.cache/init.vim/.dein/plugin/fern_hijack.vim
213.996  000.609  000.609: sourcing /Users/mochi/.config/nvim/dein/.cache/init.vim/.dein/autoload/fern/scheme/file/mapping.vim
214.059  001.441  000.833: sourcing /Users/mochi/.config/nvim/dein/.cache/init.vim/.dein/plugin/fern_preview.vim
216.042  001.238  001.238: sourcing /Users/mochi/.config/nvim/dein/.cache/init.vim/.dein/autoload/fern.vim
216.111  001.783  000.545: sourcing /Users/mochi/.config/nvim/dein/.cache/init.vim/.dein/plugin/fern_renderer_nerdfont.vim
216.833  000.430  000.430: sourcing /Users/mochi/.config/nvim/dein/.cache/init.vim/.dein/plugin/gina.vim
219.015  001.114  001.114: sourcing /Users/mochi/.config/nvim/dein/.cache/init.vim/.dein/autoload/gitgutter/utility.vim
223.021  000.742  000.742: sourcing /Users/mochi/.config/nvim/dein/.cache/init.vim/.dein/autoload/gitgutter/highlight.vim
225.126  007.873  006.017: sourcing /Users/mochi/.config/nvim/dein/.cache/init.vim/.dein/plugin/gitgutter.vim
226.950  000.513  000.513: sourcing /Users/mochi/.config/nvim/dein/.cache/init.vim/.dein/autoload/glyph_palette/defaults.vim
227.319  001.915  001.402: sourcing /Users/mochi/.config/nvim/dein/.cache/init.vim/.dein/plugin/glyph_palette.vim
228.107  000.505  000.505: sourcing /Users/mochi/.config/nvim/dein/.cache/init.vim/.dein/plugin/illuminate.vim
229.856  001.572  001.572: sourcing /Users/mochi/.config/nvim/dein/.cache/init.vim/.dein/plugin/indent_blankline.vim
230.297  000.325  000.325: sourcing /Users/mochi/.config/nvim/dein/.cache/init.vim/.dein/plugin/lexima.vim
232.369  001.884  001.884: sourcing /Users/mochi/.config/nvim/dein/.cache/init.vim/.dein/plugin/quickhl.vim
236.418  003.278  003.278: sourcing /Users/mochi/.config/nvim/dein/.cache/init.vim/.dein/plugin/rainbow.vim
239.815  000.815  000.815: sourcing /Users/mochi/.config/nvim/dein/.cache/init.vim/.dein/autoload/tcomment/deprecated.vim
247.343  010.503  009.688: sourcing /Users/mochi/.config/nvim/dein/.cache/init.vim/.dein/plugin/tcomment.vim
253.328  000.773  000.773: sourcing /usr/local/Cellar/neovim/0.6.1/share/nvim/runtime/plugin/gzip.vim
253.917  000.399  000.399: sourcing /usr/local/Cellar/neovim/0.6.1/share/nvim/runtime/plugin/health.vim
254.842  000.499  000.499: sourcing /usr/local/Cellar/neovim/0.6.1/share/nvim/runtime/plugin/man.vim
260.251  001.239  001.239: sourcing /usr/local/Cellar/neovim/0.6.1/share/nvim/runtime/pack/dist/opt/matchit/plugin/matchit.vim
260.811  005.802  004.563: sourcing /usr/local/Cellar/neovim/0.6.1/share/nvim/runtime/plugin/matchit.vim
262.565  001.499  001.499: sourcing /usr/local/Cellar/neovim/0.6.1/share/nvim/runtime/plugin/matchparen.vim
264.178  001.344  001.344: sourcing /usr/local/Cellar/neovim/0.6.1/share/nvim/runtime/plugin/netrwPlugin.vim
265.630  000.558  000.558: sourcing /Users/mochi/.local/share/nvim/rplugin.vim
265.652  001.249  000.691: sourcing /usr/local/Cellar/neovim/0.6.1/share/nvim/runtime/plugin/rplugin.vim
266.294  000.396  000.396: sourcing /usr/local/Cellar/neovim/0.6.1/share/nvim/runtime/plugin/shada.vim
266.716  000.190  000.190: sourcing /usr/local/Cellar/neovim/0.6.1/share/nvim/runtime/plugin/spellfile.vim
267.318  000.447  000.447: sourcing /usr/local/Cellar/neovim/0.6.1/share/nvim/runtime/plugin/tarPlugin.vim
268.387  000.541  000.541: sourcing /usr/local/Cellar/neovim/0.6.1/share/nvim/runtime/plugin/tohtml.vim
268.967  000.366  000.366: sourcing /usr/local/Cellar/neovim/0.6.1/share/nvim/runtime/plugin/tutor.vim
269.784  000.670  000.670: sourcing /usr/local/Cellar/neovim/0.6.1/share/nvim/runtime/plugin/zipPlugin.vim
277.265  029.968: loading rtp plugins
277.625  000.360: loading packages
281.471  001.717  001.717: sourcing /Users/mochi/.config/nvim/dein/.cache/init.vim/.dein/after/plugin/dracula.vim
281.856  002.514: loading after plugins
281.930  000.074: inits 3
288.027  006.098: reading ShaDa
292.307  001.267  001.267: sourcing /Users/mochi/.config/nvim/dein/.cache/init.vim/.dein/autoload/airline/extensions.vim
293.238  000.446  000.446: sourcing /Users/mochi/.config/nvim/dein/.cache/init.vim/.dein/autoload/airline/extensions/quickfix.vim
294.343  000.551  000.551: sourcing /Users/mochi/.config/nvim/dein/.cache/init.vim/.dein/autoload/airline.vim
295.261  000.377  000.377: sourcing /Users/mochi/.config/nvim/dein/.cache/init.vim/.dein/autoload/airline/extensions/gina.vim
296.094  000.385  000.385: sourcing /Users/mochi/.config/nvim/dein/.cache/init.vim/.dein/autoload/airline/extensions/netrw.vim
297.187  000.413  000.413: sourcing /Users/mochi/.config/nvim/dein/.cache/init.vim/.dein/autoload/airline/extensions/fzf.vim
298.947  000.501  000.501: sourcing /Users/mochi/.config/nvim/dein/.cache/init.vim/.dein/autoload/airline/section.vim
300.891  001.089  001.089: sourcing /Users/mochi/.config/nvim/dein/.cache/init.vim/.dein/autoload/airline/highlighter.vim
301.678  003.863  002.273: sourcing /Users/mochi/.config/nvim/dein/.cache/init.vim/.dein/autoload/airline/extensions/term.vim
303.424  000.885  000.885: sourcing /Users/mochi/.config/nvim/dein/.cache/init.vim/.dein/autoload/airline/extensions/hunks.vim
305.879  000.997  000.997: sourcing /Users/mochi/.config/nvim/dein/.cache/init.vim/.dein/autoload/airline/extensions/branch.vim
331.069  000.622  000.622: sourcing /Users/mochi/.config/nvim/dein/.cache/init.vim/.dein/autoload/airline/extensions/nvimlsp.vim
332.717  000.673  000.673: sourcing /Users/mochi/.config/nvim/dein/.cache/init.vim/.dein/autoload/airline/extensions/coc.vim
335.162  001.640  001.640: sourcing /Users/mochi/.config/nvim/dein/.cache/init.vim/.dein/autoload/airline/extensions/whitespace.vim
336.574  000.533  000.533: sourcing /Users/mochi/.config/nvim/dein/.cache/init.vim/.dein/autoload/airline/extensions/po.vim
337.637  000.623  000.623: sourcing /Users/mochi/.config/nvim/dein/.cache/init.vim/.dein/autoload/airline/extensions/wordcount.vim
338.657  000.470  000.470: sourcing /Users/mochi/.config/nvim/dein/.cache/init.vim/.dein/autoload/airline/extensions/keymap.vim
340.017  000.586  000.586: sourcing /Users/mochi/.config/nvim/dein/.cache/init.vim/.dein/autoload/airline/extensions/searchcount.vim
363.185  000.548  000.548: sourcing /Users/mochi/.config/nvim/dein/.cache/init.vim/.dein/autoload/airline/themes.vim
364.373  002.936  002.389: sourcing /Users/mochi/.config/nvim/dein/.cache/init.vim/.dein/autoload/airline/themes/deus.vim
378.736  000.970  000.970: sourcing /Users/mochi/.config/nvim/dein/.cache/init.vim/.dein/autoload/airline/themes/deus.vim
415.963  001.499  001.499: sourcing /Users/mochi/.config/nvim/dein/.cache/init.vim/.dein/autoload/airline/builder.vim
418.265  000.605  000.605: sourcing /Users/mochi/.config/nvim/dein/.cache/init.vim/.dein/autoload/airline/extensions/default.vim
475.151  166.782: opening buffers
476.355  000.655  000.655: sourcing /Users/mochi/.config/nvim/dein/.cache/init.vim/.dein/autoload/fern/util.vim
477.978  000.930  000.930: sourcing /Users/mochi/.config/nvim/dein/.cache/init.vim/.dein/autoload/fern/internal/command/fern.vim
479.097  000.591  000.591: sourcing /Users/mochi/.config/nvim/dein/.cache/init.vim/.dein/autoload/fern/internal/args.vim
480.510  000.694  000.694: sourcing /Users/mochi/.config/nvim/dein/.cache/init.vim/.dein/autoload/fern/internal/drawer.vim
482.356  001.256  001.256: sourcing /Users/mochi/.config/nvim/dein/.cache/init.vim/.dein/autoload/fern/fri.vim
484.621  000.511  000.511: sourcing /Users/mochi/.config/nvim/dein/.cache/init.vim/.dein/autoload/fern/fri/from.vim
486.631  001.356  001.356: sourcing /Users/mochi/.config/nvim/dein/.cache/init.vim/.dein/autoload/fern/internal/filepath.vim
488.667  000.995  000.995: sourcing /Users/mochi/.config/nvim/dein/.cache/init.vim/.dein/autoload/fern/internal/path.vim
492.354  001.322  001.322: sourcing /Users/mochi/.config/nvim/dein/.cache/init.vim/.dein/autoload/fern/logger.vim
494.046  000.985  000.985: sourcing /Users/mochi/.config/nvim/dein/.cache/init.vim/.dein/autoload/fern/hook.vim
504.428  000.525  000.525: sourcing /Users/mochi/.config/nvim/dein/.cache/init.vim/.dein/autoload/fern/internal/command/reveal.vim
507.154  001.234  001.234: sourcing /Users/mochi/.config/nvim/dein/.cache/init.vim/.dein/autoload/vital/_fern/Lambda.vim
508.544  003.559  002.324: sourcing /Users/mochi/.config/nvim/dein/.cache/init.vim/.dein/autoload/fern/internal/viewer.vim
510.431  000.555  000.555: sourcing /Users/mochi/.config/nvim/dein/.cache/init.vim/.dein/autoload/fern/internal/buffer.vim
513.454  000.625  000.625: sourcing /Users/mochi/.config/nvim/dein/.cache/init.vim/.dein/autoload/illuminate.vim
515.086  000.443  000.443: sourcing /Users/mochi/.config/nvim/dein/.cache/init.vim/.dein/autoload/fern/internal/viewer/auto_duplication.vim
516.646  000.713  000.713: sourcing /Users/mochi/.config/nvim/dein/.cache/init.vim/.dein/autoload/fern/internal/viewer/hide_cursor.vim
518.565  000.749  000.749: sourcing /Users/mochi/.config/nvim/dein/.cache/init.vim/.dein/autoload/gitgutter.vim
520.307  000.894  000.894: sourcing /Users/mochi/.config/nvim/dein/.cache/init.vim/.dein/autoload/gitgutter/sign.vim
522.686  001.781  001.781: sourcing /Users/mochi/.config/nvim/dein/.cache/init.vim/.dein/autoload/gitgutter/hunk.vim
529.798  000.360  000.360: sourcing /Users/mochi/.config/nvim/dein/.cache/init.vim/.dein/autoload/fern/internal/scheme.vim
534.536  000.831  000.831: sourcing /Users/mochi/.config/nvim/dein/.cache/init.vim/.dein/autoload/vital/_fern/Async/Lambda.vim
536.504  000.671  000.671: sourcing /Users/mochi/.config/nvim/dein/.cache/init.vim/.dein/autoload/vital/_fern/Data/List/Chunker.vim
538.670  000.616  000.616: sourcing /Users/mochi/.config/nvim/dein/.cache/init.vim/.dein/autoload/vital/_fern/Async/Promise/Process.vim
539.987  000.523  000.523: sourcing /Users/mochi/.config/nvim/dein/.cache/init.vim/.dein/autoload/vital/_fern/System/Job.vim
542.329  001.136  001.136: sourcing /Users/mochi/.config/nvim/dein/.cache/init.vim/.dein/autoload/vital/_fern/System/Job/Neovim.vim
544.127  000.583  000.583: sourcing /Users/mochi/.config/nvim/dein/.cache/init.vim/.dein/autoload/vital/_fern/Async/CancellationToken.vim
547.002  001.449  001.449: sourcing /Users/mochi/.config/nvim/dein/.cache/init.vim/.dein/autoload/fern/scheme/file/util.vim
547.447  016.743  010.933: sourcing /Users/mochi/.config/nvim/dein/.cache/init.vim/.dein/autoload/fern/scheme/file/provider.vim
555.512  000.657  000.657: sourcing /Users/mochi/.config/nvim/dein/.cache/init.vim/.dein/autoload/vital/_fern/Async/CancellationTokenSource.vim
556.857  008.142  007.485: sourcing /Users/mochi/.config/nvim/dein/.cache/init.vim/.dein/autoload/fern/internal/core.vim
561.571  002.292  002.292: sourcing /Users/mochi/.config/nvim/dein/.cache/init.vim/.dein/autoload/fern/internal/node.vim
565.215  000.993  000.993: sourcing /Users/mochi/.config/nvim/dein/.cache/init.vim/.dein/autoload/fern/fri/to.vim
569.474  000.777  000.777: sourcing /Users/mochi/.config/nvim/dein/.cache/init.vim/.dein/autoload/fern/scheme/file.vim
571.862  000.444  000.444: sourcing /Users/mochi/.config/nvim/dein/.cache/init.vim/.dein/autoload/nerdfont.vim
573.050  000.615  000.615: sourcing /Users/mochi/.config/nvim/dein/.cache/init.vim/.dein/autoload/nerdfont/path/pattern.vim
575.020  000.895  000.895: sourcing /Users/mochi/.config/nvim/dein/.cache/init.vim/.dein/autoload/nerdfont/path/basename.vim
576.729  000.899  000.899: sourcing /Users/mochi/.config/nvim/dein/.cache/init.vim/.dein/autoload/nerdfont/path/extension.vim
576.952  006.733  003.881: sourcing /Users/mochi/.config/nvim/dein/.cache/init.vim/.dein/autoload/fern/renderer/nerdfont.vim
578.710  001.366  001.366: sourcing /Users/mochi/.config/nvim/dein/.cache/init.vim/.dein/autoload/fern/renderer/default.vim
579.793  000.450  000.450: sourcing /Users/mochi/.config/nvim/dein/.cache/init.vim/.dein/autoload/fern/comparator/default.vim
580.606  000.303  000.303: sourcing /Users/mochi/.config/nvim/dein/.cache/init.vim/.dein/autoload/fern/helper.vim
583.033  001.177  001.177: sourcing /Users/mochi/.config/nvim/dein/.cache/init.vim/.dein/autoload/vital/_fern/Vim/Window/Cursor.vim
583.782  002.697  001.520: sourcing /Users/mochi/.config/nvim/dein/.cache/init.vim/.dein/autoload/fern/helper/sync.vim
587.211  002.186  002.186: sourcing /Users/mochi/.config/nvim/dein/.cache/init.vim/.dein/autoload/fern/helper/async.vim
590.922  002.357  002.357: sourcing /Users/mochi/.config/nvim/dein/.cache/init.vim/.dein/autoload/fern/mapping/diff.vim
593.242  000.557  000.557: sourcing /Users/mochi/.config/nvim/dein/.cache/init.vim/.dein/autoload/fern/mapping/drawer.vim
595.044  000.403  000.403: sourcing /Users/mochi/.config/nvim/dein/.cache/init.vim/.dein/autoload/fern/mapping/filter.vim
597.738  000.653  000.653: sourcing /Users/mochi/.config/nvim/dein/.cache/init.vim/.dein/autoload/fern/mapping/mark.vim
601.410  002.214  002.214: sourcing /Users/mochi/.config/nvim/dein/.cache/init.vim/.dein/autoload/fern/mapping/node.vim
603.613  000.986  000.986: sourcing /Users/mochi/.config/nvim/dein/.cache/init.vim/.dein/autoload/fern/mapping/open.vim
606.517  000.796  000.796: sourcing /Users/mochi/.config/nvim/dein/.cache/init.vim/.dein/autoload/fern/mapping/tree.vim
609.887  000.937  000.937: sourcing /Users/mochi/.config/nvim/dein/.cache/init.vim/.dein/autoload/fern/mapping/wait.vim
610.993  000.475  000.475: sourcing /Users/mochi/.config/nvim/dein/.cache/init.vim/.dein/autoload/fern/mapping/yank.vim
614.664  000.767  000.767: sourcing /Users/mochi/.config/nvim/dein/.cache/init.vim/.dein/autoload/vital/_fern/System/Filepath.vim
615.774  003.106  002.338: sourcing /Users/mochi/.config/nvim/dein/.cache/init.vim/.dein/autoload/fern/mapping/fzf.vim
619.154  001.015  001.015: sourcing /Users/mochi/.config/nvim/dein/.cache/init.vim/.dein/autoload/vital/fern_bookmark.vim
620.853  000.906  000.906: sourcing /Users/mochi/.config/nvim/dein/.cache/init.vim/.dein/autoload/vital/_fern_bookmark/Async/Promise.vim
622.405  001.039  001.039: sourcing /Users/mochi/.config/nvim/dein/.cache/init.vim/.dein/autoload/vital/_fern_bookmark.vim
628.802  001.274  001.274: sourcing /Users/mochi/.config/nvim/dein/.cache/init.vim/.dein/autoload/vital/_fern_bookmark/Async/Later.vim
629.183  011.893  007.659: sourcing /Users/mochi/.config/nvim/dein/.cache/init.vim/.dein/autoload/fern/mapping/bookmark.vim
630.764  000.617  000.617: sourcing /Users/mochi/.config/nvim/dein/.cache/init.vim/.dein/autoload/fern/scheme/file/mapping/cd.vim
632.227  000.849  000.849: sourcing /Users/mochi/.config/nvim/dein/.cache/init.vim/.dein/autoload/fern/scheme/file/mapping/clipboard.vim
635.243  000.565  000.565: sourcing /Users/mochi/.config/nvim/dein/.cache/init.vim/.dein/autoload/fern/scheme/file/mapping/ex.vim
642.870  006.901  006.901: sourcing /Users/mochi/.config/nvim/dein/.cache/init.vim/.dein/autoload/fern/scheme/file/mapping/grep.vim
644.139  000.618  000.618: sourcing /Users/mochi/.config/nvim/dein/.cache/init.vim/.dein/autoload/fern/scheme/file/mapping/rename.vim
647.541  000.572  000.572: sourcing /Users/mochi/.config/nvim/dein/.cache/init.vim/.dein/autoload/fern/scheme/file/mapping/system.vim
648.941  000.551  000.551: sourcing /Users/mochi/.config/nvim/dein/.cache/init.vim/.dein/autoload/fern/scheme/file/mapping/terminal.vim
652.111  000.726  000.726: sourcing /Users/mochi/.config/nvim/dein/.cache/init.vim/.dein/autoload/fern/scheme/file/mapping/yank.vim
652.991  000.303  000.303: sourcing /Users/mochi/.config/nvim/dein/.cache/init.vim/.dein/autoload/fern/scheme/file/mapping/preview.vim
658.157  002.325  002.325: sourcing /Users/mochi/.config/nvim/dein/.cache/init.vim/.dein/autoload/vital/_fern/App/Spinner.vim
660.865  006.383  004.057: sourcing /Users/mochi/.config/nvim/dein/.cache/init.vim/.dein/autoload/fern/internal/spinner.vim
664.094  001.049  001.049: sourcing /Users/mochi/.config/nvim/dein/.cache/init.vim/.dein/autoload/glyph_palette.vim
666.244  000.480  000.480: sourcing /Users/mochi/.config/nvim/dein/.cache/init.vim/.dein/ftplugin/fern.vim
691.700  000.802  000.802: sourcing /Users/mochi/.config/nvim/dein/.cache/init.vim/.dein/autoload/vital/fern_preview.vim
692.550  000.398  000.398: sourcing /Users/mochi/.config/nvim/dein/.cache/init.vim/.dein/autoload/vital/_fern_preview/VS/Vim/Buffer.vim
693.322  000.453  000.453: sourcing /Users/mochi/.config/nvim/dein/.cache/init.vim/.dein/autoload/vital/_fern_preview.vim
694.173  000.358  000.358: sourcing /Users/mochi/.config/nvim/dein/.cache/init.vim/.dein/autoload/vital/_fern_preview/VS/Vim/Window.vim
696.259  000.942  000.942: sourcing /Users/mochi/.config/nvim/dein/.cache/init.vim/.dein/autoload/vital/_fern_preview/VS/Vim/Window/FloatingWindow.vim
697.677  007.576  004.624: sourcing /Users/mochi/.config/nvim/dein/.cache/init.vim/.dein/autoload/fern_preview.vim
702.848  000.909  000.909: sourcing /Users/mochi/.config/nvim/dein/.cache/init.vim/.dein/autoload/vital/_fern/App/Action.vim
703.089  001.995  001.087: sourcing /Users/mochi/.config/nvim/dein/.cache/init.vim/.dein/autoload/fern/action.vim
713.949  000.571  000.571: sourcing /Users/mochi/.config/nvim/dein/.cache/init.vim/.dein/autoload/fern/profile.vim
718.607  127.141: BufEnter autocommands
718.615  000.008: editing files in windows
722.862  001.684  001.684: sourcing /Users/mochi/.config/nvim/dein/.cache/init.vim/.dein/autoload/denops/util.vim
725.690  005.855  004.171: sourcing /Users/mochi/.config/nvim/dein/.cache/init.vim/.dein/autoload/denops/server.vim
730.777  001.919  001.919: sourcing /Users/mochi/.config/nvim/dein/.cache/init.vim/.dein/autoload/denops/job.vim
744.364  001.300  001.300: sourcing /Users/mochi/.config/nvim/dein/.cache/init.vim/.dein/autoload/fern_git_status.vim
746.002  018.313: VimEnter autocommands
746.009  000.007: UIEnter autocommands
748.028  001.491  001.491: sourcing /usr/local/Cellar/neovim/0.6.1/share/nvim/runtime/autoload/provider/clipboard.vim
748.057  000.557: before starting main loop
751.737  003.288  003.288: sourcing /Users/mochi/.config/nvim/dein/repos/github.com/neoclide/coc.nvim_release/autoload/coc/float.vim
787.829  001.291  001.291: sourcing /Users/mochi/.config/nvim/dein/.cache/init.vim/.dein/autoload/vital/gina.vim
827.100  000.636  000.636: sourcing /Users/mochi/.config/nvim/dein/.cache/init.vim/.dein/autoload/vital/__gina__/Git.vim
837.678  001.365  001.365: sourcing /Users/mochi/.config/nvim/dein/.cache/init.vim/.dein/autoload/vital/_gina/Text/INI.vim
844.911  000.632  000.632: sourcing /Users/mochi/.config/nvim/dein/.cache/init.vim/.dein/autoload/vital/_gina.vim
852.231  005.099  005.099: sourcing /Users/mochi/.config/nvim/dein/.cache/init.vim/.dein/autoload/vital/_gina/System/Filepath.vim
856.291  002.602  002.602: sourcing /Users/mochi/.config/nvim/dein/.cache/init.vim/.dein/autoload/vital/_gina/Data/String.vim
872.493  001.772  001.772: sourcing /Users/mochi/.config/nvim/dein/.cache/init.vim/.dein/autoload/vital/_gina/Data/List.vim
880.312  001.106  001.106: sourcing /Users/mochi/.config/nvim/dein/.cache/init.vim/.dein/autoload/vital/__gina__/System/Store.vim
890.820  000.489  000.489: sourcing /Users/mochi/.config/nvim/dein/.cache/init.vim/.dein/autoload/vital/_gina/Config.vim
891.311  002.192  001.704: sourcing /Users/mochi/.config/nvim/dein/.cache/init.vim/.dein/autoload/gina.vim
891.510  106.571  089.876: sourcing /Users/mochi/.config/nvim/dein/.cache/init.vim/.dein/autoload/gina/component/repo.vim
894.482  001.083  001.083: sourcing /Users/mochi/.config/nvim/dein/.cache/init.vim/.dein/autoload/vital/_gina/System/Cache/Memory.vim
896.154  000.803  000.803: sourcing /Users/mochi/.config/nvim/dein/.cache/init.vim/.dein/autoload/vital/_gina/System/Cache/Base.vim
898.569  001.735  001.735: sourcing /Users/mochi/.config/nvim/dein/.cache/init.vim/.dein/autoload/vital/_gina/Prelude.vim
900.032  007.729  004.109: sourcing /Users/mochi/.config/nvim/dein/.cache/init.vim/.dein/autoload/gina/core.vim
908.967  003.173  003.173: sourcing /Users/mochi/.config/nvim/dein/.cache/init.vim/.dein/autoload/vital/_gina/Vim/Buffer.vim
913.914  001.868  001.868: sourcing /Users/mochi/.config/nvim/dein/.cache/init.vim/.dein/autoload/vital/_gina/Vim/Guard.vim
916.018  000.982  000.982: sourcing /Users/mochi/.config/nvim/dein/.cache/init.vim/.dein/autoload/vital/_gina/Data/Dict.vim
918.183  000.481  000.481: sourcing /Users/mochi/.config/nvim/dein/.cache/init.vim/.dein/autoload/vital/_gina/Vim/Type.vim
919.385  000.366  000.366: sourcing /Users/mochi/.config/nvim/dein/.cache/init.vim/.dein/autoload/vital/_gina/Vim/Buffer/Opener.vim
920.753  000.612  000.612: sourcing /Users/mochi/.config/nvim/dein/.cache/init.vim/.dein/autoload/vital/_gina/Vim/BufferManager.vim
921.865  000.374  000.374: sourcing /Users/mochi/.config/nvim/dein/.cache/init.vim/.dein/autoload/vital/_gina/Vim/Window.vim
922.416  020.191  012.337: sourcing /Users/mochi/.config/nvim/dein/.cache/init.vim/.dein/autoload/gina/core/buffer.vim
936.123  000.814  000.814: sourcing /Users/mochi/.config/nvim/dein/.cache/init.vim/.dein/autoload/vital/_gina/Vim/Console.vim
937.280  003.632  002.819: sourcing /Users/mochi/.config/nvim/dein/.cache/init.vim/.dein/autoload/gina/core/console.vim
945.446  055.976: first screen update
945.452  000.006: --- NVIM STARTED ---
