

times in msec
 clock   self+sourced   self:  sourced script
 clock   elapsed:              other lines

000.006  000.006: --- NVIM STARTING ---
000.953  000.946: locale set
001.437  000.485: inits 1
001.459  000.022: window checked
001.463  000.004: parsing arguments
001.711  000.249: expanding arguments
001.772  000.061: inits 2
002.169  000.396: init highlight
002.170  000.001: waiting for UI
007.274  005.104: done waiting for UI
007.303  000.029: init screen for UI
009.245  000.878  000.878: sourcing /Users/mochi/.config/nvim/dein/repos/github.com/Shougo/dein.vim/autoload/dein.vim
009.949  000.454  000.454: sourcing /Users/mochi/.config/nvim/dein/repos/github.com/Shougo/dein.vim/autoload/dein/min.vim
017.726  000.468  000.468: sourcing /usr/local/Cellar/neovim/0.5.1_1/share/nvim/runtime/ftoff.vim
018.547  003.176  002.708: sourcing /Users/mochi/.config/nvim/dein/state_nvim.vim
027.062  008.294  008.294: sourcing /usr/local/Cellar/neovim/0.5.1_1/share/nvim/runtime/filetype.vim
028.706  000.885  000.885: sourcing /usr/local/Cellar/neovim/0.5.1_1/share/nvim/runtime/ftplugin.vim
029.544  000.251  000.251: sourcing /usr/local/Cellar/neovim/0.5.1_1/share/nvim/runtime/indent.vim
033.131  001.538  001.538: sourcing /usr/local/Cellar/neovim/0.5.1_1/share/nvim/runtime/syntax/syncolor.vim
034.153  003.155  001.618: sourcing /usr/local/Cellar/neovim/0.5.1_1/share/nvim/runtime/syntax/synload.vim
034.411  004.342  001.187: sourcing /usr/local/Cellar/neovim/0.5.1_1/share/nvim/runtime/syntax/syntax.vim
036.159  000.171  000.171: sourcing /usr/local/Cellar/neovim/0.5.1_1/share/nvim/runtime/syntax/syncolor.vim
036.994  000.142  000.142: sourcing /usr/local/Cellar/neovim/0.5.1_1/share/nvim/runtime/syntax/syncolor.vim
038.143  000.538  000.538: sourcing /Users/mochi/.config/nvim/dein/.cache/init.vim/.dein/autoload/dracula.vim
041.415  006.592  005.741: sourcing /Users/mochi/.config/nvim/dein/.cache/init.vim/.dein/colors/dracula.vim
041.451  033.710  008.837: sourcing /Users/mochi/.config/nvim/init.vim
041.467  000.453: sourcing vimrc file(s)
043.875  000.384  000.384: sourcing /Users/mochi/.config/nvim/dein/.cache/init.vim/.dein/plugin/airline-themes.vim
044.235  000.265  000.265: sourcing /Users/mochi/.config/nvim/dein/.cache/init.vim/.dein/plugin/AutoSave.vim
044.517  000.171  000.171: sourcing /Users/mochi/.config/nvim/dein/.cache/init.vim/.dein/plugin/fern.vim
044.693  000.087  000.087: sourcing /Users/mochi/.config/nvim/dein/.cache/init.vim/.dein/plugin/fern_git_status.vim
045.139  000.359  000.359: sourcing /Users/mochi/.config/nvim/dein/.cache/init.vim/.dein/plugin/fern_hijack.vim
047.359  001.018  001.018: sourcing /Users/mochi/.config/nvim/dein/.cache/init.vim/.dein/autoload/vital/fern.vim
048.044  000.331  000.331: sourcing /Users/mochi/.config/nvim/dein/repos/github.com/Shougo/dein.vim/autoload/dein/autoload.vim
049.373  001.073  001.073: sourcing /Users/mochi/.config/nvim/dein/.cache/init.vim/.dein/autoload/vital/_fern/Async/Promise.vim
050.147  000.251  000.251: sourcing /Users/mochi/.config/nvim/dein/.cache/init.vim/.dein/autoload/vital/_fern.vim
051.203  000.385  000.385: sourcing /Users/mochi/.config/nvim/dein/.cache/init.vim/.dein/autoload/vital/_fern/Async/Later.vim
057.328  005.572  005.572: sourcing /Users/mochi/.config/nvim/dein/.cache/init.vim/.dein/autoload/vital/_fern/Prompt.vim
058.152  012.411  003.782: sourcing /Users/mochi/.config/nvim/dein/.cache/init.vim/.dein/autoload/fern/scheme/file/mapping.vim
058.175  012.943  000.532: sourcing /Users/mochi/.config/nvim/dein/.cache/init.vim/.dein/plugin/fern_preview.vim
059.639  000.274  000.274: sourcing /Users/mochi/.config/nvim/dein/.cache/init.vim/.dein/autoload/vital/_fern/Config.vim
060.127  001.362  001.088: sourcing /Users/mochi/.config/nvim/dein/.cache/init.vim/.dein/autoload/fern.vim
060.141  001.834  000.472: sourcing /Users/mochi/.config/nvim/dein/.cache/init.vim/.dein/plugin/fern_renderer_nerdfont.vim
061.763  001.529  001.529: sourcing /Users/mochi/.config/nvim/dein/.cache/init.vim/.dein/plugin/fzf.vim
062.558  000.202  000.202: sourcing /Users/mochi/.config/nvim/dein/.cache/init.vim/.dein/autoload/glyph_palette/defaults.vim
063.040  001.144  000.941: sourcing /Users/mochi/.config/nvim/dein/.cache/init.vim/.dein/plugin/glyph_palette.vim
065.533  000.583  000.583: sourcing /usr/local/Cellar/neovim/0.5.1_1/share/nvim/runtime/plugin/gzip.vim
065.883  000.242  000.242: sourcing /usr/local/Cellar/neovim/0.5.1_1/share/nvim/runtime/plugin/health.vim
066.155  000.180  000.180: sourcing /usr/local/Cellar/neovim/0.5.1_1/share/nvim/runtime/plugin/man.vim
068.010  000.559  000.559: sourcing /usr/local/Cellar/neovim/0.5.1_1/share/nvim/runtime/pack/dist/opt/matchit/plugin/matchit.vim
068.268  001.976  001.417: sourcing /usr/local/Cellar/neovim/0.5.1_1/share/nvim/runtime/plugin/matchit.vim
068.783  000.410  000.410: sourcing /usr/local/Cellar/neovim/0.5.1_1/share/nvim/runtime/plugin/matchparen.vim
069.517  000.630  000.630: sourcing /usr/local/Cellar/neovim/0.5.1_1/share/nvim/runtime/plugin/netrwPlugin.vim
070.621  000.646  000.646: sourcing /Users/mochi/.local/share/nvim/rplugin.vim
070.631  000.999  000.353: sourcing /usr/local/Cellar/neovim/0.5.1_1/share/nvim/runtime/plugin/rplugin.vim
070.905  000.168  000.168: sourcing /usr/local/Cellar/neovim/0.5.1_1/share/nvim/runtime/plugin/shada.vim
071.109  000.107  000.107: sourcing /usr/local/Cellar/neovim/0.5.1_1/share/nvim/runtime/plugin/spellfile.vim
071.406  000.203  000.203: sourcing /usr/local/Cellar/neovim/0.5.1_1/share/nvim/runtime/plugin/tarPlugin.vim
071.751  000.251  000.251: sourcing /usr/local/Cellar/neovim/0.5.1_1/share/nvim/runtime/plugin/tohtml.vim
071.934  000.090  000.090: sourcing /usr/local/Cellar/neovim/0.5.1_1/share/nvim/runtime/plugin/tutor.vim
072.255  000.228  000.228: sourcing /usr/local/Cellar/neovim/0.5.1_1/share/nvim/runtime/plugin/zipPlugin.vim
073.345  007.096: loading plugins
073.536  000.191: loading packages
075.487  000.750  000.750: sourcing /Users/mochi/.config/nvim/dein/repos/github.com/Shougo/dein.vim/autoload/dein/util.vim
076.588  002.465  001.715: sourcing /Users/mochi/.config/nvim/dein/.cache/init.vim/.dein/after/plugin/dracula.vim
077.077  001.076: loading after plugins
077.088  000.010: inits 3
078.927  001.839: reading ShaDa
079.013  000.086: opening buffers
079.897  000.568  000.568: sourcing /Users/mochi/.config/nvim/dein/.cache/init.vim/.dein/autoload/fern/util.vim
080.009  000.428: BufEnter autocommands
080.012  000.003: editing files in windows
080.804  000.134  000.134: sourcing /Users/mochi/.config/nvim/dein/.cache/init.vim/.dein/autoload/vital/_fern/Async/CancellationToken.vim
081.241  001.063  000.928: sourcing /Users/mochi/.config/nvim/dein/.cache/init.vim/.dein/autoload/fern_git_status.vim
081.812  000.273  000.273: sourcing /Users/mochi/.config/nvim/dein/.cache/init.vim/.dein/autoload/fern/hook.vim
081.943  000.595: VimEnter autocommands
081.946  000.002: UIEnter autocommands
082.851  000.740  000.740: sourcing /usr/local/Cellar/neovim/0.5.1_1/share/nvim/runtime/autoload/provider/clipboard.vim
082.863  000.178: before starting main loop
084.457  001.594: first screen update
084.459  000.002: --- NVIM STARTED ---


times in msec
 clock   self+sourced   self:  sourced script
 clock   elapsed:              other lines

000.024  000.024: --- NVIM STARTING ---
005.045  005.021: locale set
008.452  003.407: inits 1
008.702  000.250: window checked
008.708  000.006: parsing arguments
009.056  000.348: expanding arguments
010.231  001.174: inits 2
010.894  000.663: init highlight
010.898  000.004: waiting for UI
016.854  005.956: done waiting for UI
016.957  000.103: init screen for UI
024.732  001.070  001.070: sourcing /Users/mochi/.config/nvim/dein/repos/github.com/Shougo/dein.vim/autoload/dein.vim
031.600  000.330  000.330: sourcing /Users/mochi/.config/nvim/dein/repos/github.com/Shougo/dein.vim/autoload/dein/min.vim
048.672  001.161  001.161: sourcing /usr/local/Cellar/neovim/0.5.1_1/share/nvim/runtime/ftoff.vim
049.854  000.631  000.631: sourcing /Users/mochi/.config/nvim/dein/repos/github.com/Shougo/dein.vim/autoload/dein/autoload.vim
051.117  000.950  000.950: sourcing /Users/mochi/.config/nvim/dein/repos/github.com/Shougo/dein.vim/autoload/dein/util.vim
051.545  005.610  002.867: sourcing /Users/mochi/.config/nvim/dein/state_nvim.vim
053.638  000.032  000.032: sourcing /usr/local/Cellar/neovim/0.5.1_1/share/nvim/runtime/ftoff.vim
055.669  000.640  000.640: sourcing /Users/mochi/.config/nvim/dein/repos/github.com/Shougo/dein.vim/autoload/dein/types/git.vim
056.149  001.508  000.868: sourcing /Users/mochi/.config/nvim/dein/repos/github.com/Shougo/dein.vim/autoload/dein/parse.vim
058.198  000.610  000.610: sourcing /Users/mochi/.config/nvim/dein/repos/github.com/Shougo/dein.vim/autoload/dein/toml.vim
139.836  000.607  000.607: sourcing /Users/mochi/.config/nvim/dein/repos/github.com/prettier/vim-prettier/ftdetect/css.vim
140.715  000.460  000.460: sourcing /Users/mochi/.config/nvim/dein/repos/github.com/prettier/vim-prettier/ftdetect/graphql.vim
141.158  000.240  000.240: sourcing /Users/mochi/.config/nvim/dein/repos/github.com/prettier/vim-prettier/ftdetect/html.vim
141.605  000.232  000.232: sourcing /Users/mochi/.config/nvim/dein/repos/github.com/prettier/vim-prettier/ftdetect/javascript.vim
142.013  000.170  000.170: sourcing /Users/mochi/.config/nvim/dein/repos/github.com/prettier/vim-prettier/ftdetect/json.vim
142.409  000.270  000.270: sourcing /Users/mochi/.config/nvim/dein/repos/github.com/prettier/vim-prettier/ftdetect/less.vim
142.752  000.177  000.177: sourcing /Users/mochi/.config/nvim/dein/repos/github.com/prettier/vim-prettier/ftdetect/lua.vim
143.125  000.197  000.197: sourcing /Users/mochi/.config/nvim/dein/repos/github.com/prettier/vim-prettier/ftdetect/markdown.vim
143.441  000.185  000.185: sourcing /Users/mochi/.config/nvim/dein/repos/github.com/prettier/vim-prettier/ftdetect/php.vim
143.813  000.187  000.187: sourcing /Users/mochi/.config/nvim/dein/repos/github.com/prettier/vim-prettier/ftdetect/ruby.vim
144.209  000.180  000.180: sourcing /Users/mochi/.config/nvim/dein/repos/github.com/prettier/vim-prettier/ftdetect/scss.vim
144.600  000.192  000.192: sourcing /Users/mochi/.config/nvim/dein/repos/github.com/prettier/vim-prettier/ftdetect/svelte.vim
144.927  000.188  000.188: sourcing /Users/mochi/.config/nvim/dein/repos/github.com/prettier/vim-prettier/ftdetect/typescript.vim
145.313  000.227  000.227: sourcing /Users/mochi/.config/nvim/dein/repos/github.com/prettier/vim-prettier/ftdetect/vue.vim
145.763  000.183  000.183: sourcing /Users/mochi/.config/nvim/dein/repos/github.com/prettier/vim-prettier/ftdetect/xml.vim
146.194  000.203  000.203: sourcing /Users/mochi/.config/nvim/dein/repos/github.com/prettier/vim-prettier/ftdetect/yaml.vim
146.946  000.355  000.355: sourcing /Users/mochi/.config/nvim/dein/.cache/init.vim/.dein/ftdetect/ftdetect.vim
148.766  027.165  022.909: sourcing /usr/local/Cellar/neovim/0.5.1_1/share/nvim/runtime/filetype.vim
150.447  000.537  000.537: sourcing /usr/local/Cellar/neovim/0.5.1_1/share/nvim/runtime/ftplugin.vim
152.468  000.442  000.442: sourcing /usr/local/Cellar/neovim/0.5.1_1/share/nvim/runtime/indent.vim
157.524  002.362  002.362: sourcing /usr/local/Cellar/neovim/0.5.1_1/share/nvim/runtime/syntax/syncolor.vim
171.387  017.372  015.011: sourcing /usr/local/Cellar/neovim/0.5.1_1/share/nvim/runtime/syntax/synload.vim
171.509  018.163  000.790: sourcing /usr/local/Cellar/neovim/0.5.1_1/share/nvim/runtime/syntax/syntax.vim
173.451  000.319  000.319: sourcing /usr/local/Cellar/neovim/0.5.1_1/share/nvim/runtime/syntax/syncolor.vim
175.081  000.212  000.212: sourcing /usr/local/Cellar/neovim/0.5.1_1/share/nvim/runtime/syntax/syncolor.vim
176.093  000.171  000.171: sourcing /usr/local/Cellar/neovim/0.5.1_1/share/nvim/runtime/syntax/syncolor.vim
178.558  006.367  005.665: sourcing /Users/mochi/.config/nvim/dein/.cache/init.vim/.dein/colors/dracula.vim
178.588  156.344  094.511: sourcing /Users/mochi/.config/nvim/init.vim
178.595  005.294: sourcing vimrc file(s)
183.136  002.253  002.253: sourcing /Users/mochi/.config/nvim/dein/repos/github.com/prettier/vim-prettier/plugin/prettier.vim
186.239  000.573  000.573: sourcing /Users/mochi/.config/nvim/dein/.cache/init.vim/.dein/plugin/airline-themes.vim
188.299  000.740  000.740: sourcing /Users/mochi/.config/nvim/dein/.cache/init.vim/.dein/autoload/airline/init.vim
189.397  000.465  000.465: sourcing /Users/mochi/.config/nvim/dein/.cache/init.vim/.dein/autoload/airline/parts.vim
190.256  000.342  000.342: sourcing /Users/mochi/.config/nvim/dein/.cache/init.vim/.dein/autoload/airline/formatter/short_path.vim
192.525  000.855  000.855: sourcing /Users/mochi/.config/nvim/dein/.cache/init.vim/.dein/autoload/airline/util.vim
192.735  006.347  003.945: sourcing /Users/mochi/.config/nvim/dein/.cache/init.vim/.dein/plugin/airline.vim
193.445  000.567  000.567: sourcing /Users/mochi/.config/nvim/dein/.cache/init.vim/.dein/plugin/AutoSave.vim
194.153  000.561  000.561: sourcing /Users/mochi/.config/nvim/dein/.cache/init.vim/.dein/plugin/fern.vim
194.596  000.285  000.285: sourcing /Users/mochi/.config/nvim/dein/.cache/init.vim/.dein/plugin/fern_git_status.vim
195.083  000.330  000.330: sourcing /Users/mochi/.config/nvim/dein/.cache/init.vim/.dein/plugin/fern_hijack.vim
197.401  001.004  001.004: sourcing /Users/mochi/.config/nvim/dein/.cache/init.vim/.dein/autoload/vital/fern.vim
198.520  000.688  000.688: sourcing /Users/mochi/.config/nvim/dein/.cache/init.vim/.dein/autoload/vital/_fern/Async/Promise.vim
199.431  000.503  000.503: sourcing /Users/mochi/.config/nvim/dein/.cache/init.vim/.dein/autoload/vital/_fern.vim
200.799  000.521  000.521: sourcing /Users/mochi/.config/nvim/dein/.cache/init.vim/.dein/autoload/vital/_fern/Async/Later.vim
208.849  007.313  007.313: sourcing /Users/mochi/.config/nvim/dein/.cache/init.vim/.dein/autoload/vital/_fern/Prompt.vim
209.800  013.896  003.868: sourcing /Users/mochi/.config/nvim/dein/.cache/init.vim/.dein/autoload/fern/scheme/file/mapping.vim
209.842  014.531  000.635: sourcing /Users/mochi/.config/nvim/dein/.cache/init.vim/.dein/plugin/fern_preview.vim
211.987  000.324  000.324: sourcing /Users/mochi/.config/nvim/dein/.cache/init.vim/.dein/autoload/vital/_fern/Config.vim
212.549  001.674  001.350: sourcing /Users/mochi/.config/nvim/dein/.cache/init.vim/.dein/autoload/fern.vim
212.568  002.438  000.764: sourcing /Users/mochi/.config/nvim/dein/.cache/init.vim/.dein/plugin/fern_renderer_nerdfont.vim
214.268  001.577  001.577: sourcing /Users/mochi/.config/nvim/dein/.cache/init.vim/.dein/plugin/fzf.vim
215.173  000.295  000.295: sourcing /Users/mochi/.config/nvim/dein/.cache/init.vim/.dein/autoload/glyph_palette/defaults.vim
215.574  001.133  000.838: sourcing /Users/mochi/.config/nvim/dein/.cache/init.vim/.dein/plugin/glyph_palette.vim
216.722  000.541  000.541: sourcing /Users/mochi/.config/nvim/dein/.cache/init.vim/.dein/autoload/indent_guides.vim
217.124  001.401  000.860: sourcing /Users/mochi/.config/nvim/dein/.cache/init.vim/.dein/plugin/indent_guides.vim
219.142  000.634  000.634: sourcing /usr/local/Cellar/neovim/0.5.1_1/share/nvim/runtime/plugin/gzip.vim
219.796  000.401  000.401: sourcing /usr/local/Cellar/neovim/0.5.1_1/share/nvim/runtime/plugin/health.vim
220.264  000.313  000.313: sourcing /usr/local/Cellar/neovim/0.5.1_1/share/nvim/runtime/plugin/man.vim
222.754  000.836  000.836: sourcing /usr/local/Cellar/neovim/0.5.1_1/share/nvim/runtime/pack/dist/opt/matchit/plugin/matchit.vim
223.196  002.695  001.859: sourcing /usr/local/Cellar/neovim/0.5.1_1/share/nvim/runtime/plugin/matchit.vim
224.160  000.724  000.724: sourcing /usr/local/Cellar/neovim/0.5.1_1/share/nvim/runtime/plugin/matchparen.vim
225.716  001.304  001.304: sourcing /usr/local/Cellar/neovim/0.5.1_1/share/nvim/runtime/plugin/netrwPlugin.vim
226.983  000.353  000.353: sourcing /Users/mochi/.local/share/nvim/rplugin.vim
227.017  001.040  000.686: sourcing /usr/local/Cellar/neovim/0.5.1_1/share/nvim/runtime/plugin/rplugin.vim
227.896  000.593  000.593: sourcing /usr/local/Cellar/neovim/0.5.1_1/share/nvim/runtime/plugin/shada.vim
228.492  000.247  000.247: sourcing /usr/local/Cellar/neovim/0.5.1_1/share/nvim/runtime/plugin/spellfile.vim
229.682  000.759  000.759: sourcing /usr/local/Cellar/neovim/0.5.1_1/share/nvim/runtime/plugin/tarPlugin.vim
230.950  000.946  000.946: sourcing /usr/local/Cellar/neovim/0.5.1_1/share/nvim/runtime/plugin/tohtml.vim
231.602  000.340  000.340: sourcing /usr/local/Cellar/neovim/0.5.1_1/share/nvim/runtime/plugin/tutor.vim
234.399  002.283  002.283: sourcing /usr/local/Cellar/neovim/0.5.1_1/share/nvim/runtime/plugin/zipPlugin.vim
238.494  015.624: loading plugins
239.341  000.847: loading packages
240.156  000.815: loading after plugins
240.177  000.021: inits 3
244.498  004.321: reading ShaDa
247.712  001.810  001.810: sourcing /Users/mochi/.config/nvim/dein/.cache/init.vim/.dein/autoload/airline/extensions.vim
250.145  000.686  000.686: sourcing /Users/mochi/.config/nvim/dein/.cache/init.vim/.dein/autoload/airline/extensions/quickfix.vim
251.914  000.959  000.959: sourcing /Users/mochi/.config/nvim/dein/.cache/init.vim/.dein/autoload/airline.vim
253.096  000.482  000.482: sourcing /Users/mochi/.config/nvim/dein/.cache/init.vim/.dein/autoload/airline/extensions/netrw.vim
255.470  000.843  000.843: sourcing /Users/mochi/.config/nvim/dein/.cache/init.vim/.dein/autoload/airline/section.vim
259.178  001.322  001.322: sourcing /Users/mochi/.config/nvim/dein/.cache/init.vim/.dein/autoload/airline/highlighter.vim
259.947  006.028  003.863: sourcing /Users/mochi/.config/nvim/dein/.cache/init.vim/.dein/autoload/airline/extensions/term.vim
287.718  000.602  000.602: sourcing /Users/mochi/.config/nvim/dein/.cache/init.vim/.dein/autoload/airline/extensions/nvimlsp.vim
289.466  000.999  000.999: sourcing /Users/mochi/.config/nvim/dein/.cache/init.vim/.dein/autoload/airline/extensions/whitespace.vim
294.039  001.048  001.048: sourcing /Users/mochi/.config/nvim/dein/.cache/init.vim/.dein/autoload/airline/extensions/po.vim
296.493  001.205  001.205: sourcing /Users/mochi/.config/nvim/dein/.cache/init.vim/.dein/autoload/airline/extensions/wordcount.vim
297.800  000.440  000.440: sourcing /Users/mochi/.config/nvim/dein/.cache/init.vim/.dein/autoload/airline/extensions/keymap.vim
299.733  000.337  000.337: sourcing /Users/mochi/.config/nvim/dein/.cache/init.vim/.dein/autoload/airline/extensions/searchcount.vim
328.820  000.389  000.389: sourcing /Users/mochi/.config/nvim/dein/.cache/init.vim/.dein/autoload/airline/themes.vim
329.588  001.805  001.416: sourcing /Users/mochi/.config/nvim/dein/.cache/init.vim/.dein/autoload/airline/themes/dark.vim
370.966  001.162  001.162: sourcing /Users/mochi/.config/nvim/dein/.cache/init.vim/.dein/autoload/airline/builder.vim
373.725  000.752  000.752: sourcing /Users/mochi/.config/nvim/dein/.cache/init.vim/.dein/autoload/airline/extensions/default.vim
411.764  148.949: opening buffers
413.196  000.760  000.760: sourcing /Users/mochi/.config/nvim/dein/.cache/init.vim/.dein/autoload/fern/util.vim
413.520  000.996: BufEnter autocommands
413.528  000.007: editing files in windows
415.746  000.601  000.601: sourcing /Users/mochi/.config/nvim/dein/.cache/init.vim/.dein/autoload/vital/_fern/Async/CancellationToken.vim
417.072  003.004  002.403: sourcing /Users/mochi/.config/nvim/dein/.cache/init.vim/.dein/autoload/fern_git_status.vim
418.641  000.629  000.629: sourcing /Users/mochi/.config/nvim/dein/.cache/init.vim/.dein/autoload/fern/hook.vim
419.414  002.254: VimEnter autocommands
419.420  000.006: UIEnter autocommands
421.305  001.342  001.342: sourcing /usr/local/Cellar/neovim/0.5.1_1/share/nvim/runtime/autoload/provider/clipboard.vim
421.331  000.569: before starting main loop
7868.313  7446.983: first screen update
7868.317  000.003: --- NVIM STARTED ---
