

times in msec
 clock   self+sourced   self:  sourced script
 clock   elapsed:              other lines

000.009  000.009: --- NVIM STARTING ---
000.124  000.114: event init
000.254  000.130: early init
000.738  000.484: locale set
000.812  000.074: init first window
001.651  000.839: inits 1
002.274  000.622: window checked
002.475  000.201: parsing arguments
002.971  000.073  000.073: require('vim.shared')
003.106  000.064  000.064: require('vim._meta')
003.109  000.134  000.069: require('vim._editor')
003.110  000.247  000.040: require('vim._init_packages')
003.112  000.391: init lua interpreter
004.958  001.846: expanding arguments
005.140  000.182: inits 2
005.592  000.452: init highlight
005.595  000.003: waiting for UI
010.762  005.167: done waiting for UI
011.012  000.250: init screen for UI
011.041  000.029: init default mappings
011.072  000.032: init default autocommands
016.391  000.629  000.629: sourcing /usr/local/share/nvim/runtime/ftplugin.vim
017.232  000.503  000.503: sourcing /usr/local/share/nvim/runtime/indent.vim
022.417  000.343  000.343: sourcing /usr/local/share/nvim/runtime/syntax/synload.vim
023.925  001.121  001.121: sourcing /usr/local/share/nvim/runtime/filetype.lua
024.360  000.357  000.357: sourcing /usr/local/share/nvim/runtime/filetype.vim
025.577  000.902  000.902: require('vim.filetype')
029.055  000.461  000.461: sourcing /usr/local/share/nvim/runtime/ftplugin/lua.vim
033.677  000.494  000.494: sourcing /usr/local/share/nvim/runtime/indent/lua.vim
036.658  002.147  002.147: sourcing /usr/local/share/nvim/runtime/syntax/lua.vim
038.168  000.578  000.578: sourcing /Users/mochi/.local/share/nvim/site/pack/packer/start/dracula/autoload/dracula.vim
038.205  001.275  000.697: sourcing /Users/mochi/.local/share/nvim/site/pack/packer/start/dracula/after/syntax/lua.vim
038.931  017.592  010.493: sourcing /usr/local/share/nvim/runtime/syntax/syntax.vim
039.154  020.845  003.253: require('config/options')
044.252  000.786  000.786: require('packer.util')
044.295  003.718  002.932: require('packer')
045.198  000.900  000.900: require('packer.log')
046.311  000.370  000.370: require('packer.async')
047.030  000.242  000.242: require('packer.result')
047.034  000.721  000.479: require('packer.jobs')
047.039  001.771  000.680: require('packer.plugin_utils')
047.485  000.432  000.432: require('packer.snapshot')
047.742  008.585  001.764: require('config/plugins')
054.289  006.256  006.256: sourcing /Users/mochi/.local/share/nvim/site/pack/packer/start/dracula/colors/dracula.vim
054.488  037.020  001.334: sourcing /Users/mochi/.config/nvim/init.lua
054.512  005.288: sourcing vimrc file(s)
057.491  000.445  000.445: sourcing /usr/local/share/nvim/runtime/plugin/gzip.vim
057.771  000.220  000.220: sourcing /usr/local/share/nvim/runtime/plugin/health.vim
057.932  000.110  000.110: sourcing /usr/local/share/nvim/runtime/plugin/man.vim
058.088  000.090  000.090: sourcing /usr/local/share/nvim/runtime/plugin/matchit.vim
058.367  000.232  000.232: sourcing /usr/local/share/nvim/runtime/plugin/matchparen.vim
058.707  000.292  000.292: sourcing /usr/local/share/nvim/runtime/plugin/netrwPlugin.vim
058.863  000.095  000.095: sourcing /usr/local/share/nvim/runtime/plugin/rplugin.vim
059.173  000.256  000.256: sourcing /usr/local/share/nvim/runtime/plugin/shada.vim
059.369  000.093  000.093: sourcing /usr/local/share/nvim/runtime/plugin/spellfile.vim
059.513  000.094  000.094: sourcing /usr/local/share/nvim/runtime/plugin/tarPlugin.vim
059.795  000.232  000.232: sourcing /usr/local/share/nvim/runtime/plugin/tohtml.vim
059.930  000.087  000.087: sourcing /usr/local/share/nvim/runtime/plugin/tutor.vim
060.073  000.095  000.095: sourcing /usr/local/share/nvim/runtime/plugin/zipPlugin.vim
066.554  000.524  000.524: require('auto-session-library')
066.632  002.076  001.552: require('auto-session')
066.639  004.796  002.720: require('plugconfig/auto_session')
067.882  000.636  000.636: require('cmp_tabnine.config')
067.886  001.243  000.608: require('plugconfig/cmp-tabnine')
069.805  000.517  000.517: require('telescope._extensions')
069.851  001.373  000.856: require('telescope')
075.451  000.946  000.946: require('plenary.bit')
076.028  000.573  000.573: require('plenary.functional')
076.065  000.025  000.025: require('ffi')
076.081  002.842  001.297: require('plenary.path')
076.088  003.798  000.956: require('plenary.strings')
076.333  000.244  000.244: require('telescope.deprecated')
078.911  000.816  000.816: require('plenary.log')
078.976  001.442  000.627: require('telescope.log')
080.600  000.696  000.696: require('plenary.job')
080.931  000.327  000.327: require('telescope.state')
080.945  001.966  000.943: require('telescope.utils')
080.954  004.619  001.210: require('telescope.sorters')
081.011  000.046  000.046: require('vim.inspect')
081.222  000.006  000.006: require('vim.F')
082.902  011.294  002.581: require('telescope.config')
084.883  001.210  001.210: require('plenary.window.border')
085.144  000.258  000.258: require('plenary.window')
085.398  000.252  000.252: require('plenary.popup.utils')
085.404  002.498  000.778: require('plenary.popup')
085.770  000.363  000.363: require('telescope.pickers.scroller')
086.274  000.501  000.501: require('telescope.actions.state')
086.700  000.424  000.424: require('telescope.actions.utils')
087.752  000.603  000.603: require('telescope.actions.mt')
087.790  001.088  000.485: require('telescope.actions.set')
089.067  000.479  000.479: require('telescope.config.resolve')
089.070  001.277  000.798: require('telescope.pickers.entry_display')
089.349  000.277  000.277: require('telescope.from_entry')
089.753  019.900  002.179: require('telescope.actions')
091.218  023.316  002.043: require('plugconfig/telescope')
092.939  001.313  001.313: require('mini.surround')
094.278  001.149  001.149: require('mini.comment')
095.207  000.822  000.822: require('mini.cursorword')
095.630  000.338  000.338: require('mini.trailspace')
095.698  004.475  000.854: require('plugconfig/mini')
098.479  000.631  000.631: require('indent_blankline/utils')
098.483  001.970  001.339: require('indent_blankline')
098.633  002.931  000.961: require('plugconfig/indent_blankline')
101.604  000.883  000.883: require('pears.utils')
101.853  000.247  000.247: require('pears.edit')
102.297  000.441  000.441: require('pears.rule')
102.549  000.249  000.249: require('pears.parser')
102.553  002.404  000.585: require('pears.config')
102.770  000.216  000.216: require('pears.common')
103.044  000.271  000.271: require('pears.pear_tree')
104.108  000.303  000.303: require('pears.marked_range')
104.112  000.617  000.315: require('pears.pair_context')
106.389  000.481  000.481: require('vim.treesitter.language')
106.401  001.540  001.060: require('vim.treesitter.query')
107.198  000.795  000.795: require('vim.treesitter.languagetree')
107.245  003.130  000.796: require('vim.treesitter')
107.250  004.204  000.457: require('pears.input')
107.528  000.276  000.276: require('pears.lang')
108.284  000.289  000.289: require('pears.pointer')
108.288  000.757  000.468: require('pears.buffer')
108.566  000.276  000.276: require('pears.ui')
108.764  009.605  001.200: require('pears')
109.030  010.393  000.788: require('plugconfig/pears')
112.780  000.257  000.257: require('nvim-lsp-installer.core.functional.data')
113.036  000.253  000.253: require('nvim-lsp-installer.core.functional.function')
113.303  000.262  000.262: require('nvim-lsp-installer.core.functional.list')
113.706  000.400  000.400: require('nvim-lsp-installer.core.functional.relation')
113.932  000.223  000.223: require('nvim-lsp-installer.core.functional.logic')
114.163  000.228  000.228: require('nvim-lsp-installer.core.functional.number')
114.632  000.467  000.467: require('nvim-lsp-installer.core.functional.string')
115.005  000.370  000.370: require('nvim-lsp-installer.core.functional.table')
115.242  000.234  000.234: require('nvim-lsp-installer.core.functional.type')
115.245  003.169  000.476: require('nvim-lsp-installer.core.functional')
115.487  000.241  000.241: require('nvim-lsp-installer.core.path')
116.085  000.595  000.595: require('nvim-lsp-installer.settings')
116.748  000.263  000.263: require('nvim-lsp-installer.core.result')
116.787  000.674  000.410: require('nvim-lsp-installer.core.platform')
116.801  005.138  000.459: require('nvim-lsp-installer.log')
117.447  000.644  000.644: require('nvim-lsp-installer.core.async')
117.676  000.226  000.226: require('nvim-lsp-installer.core.async.uv')
117.684  007.004  000.996: require('nvim-lsp-installer.core.fs')
117.912  000.226  000.226: require('nvim-lsp-installer.notify')
118.128  000.213  000.213: require('nvim-lsp-installer.dispatcher')
118.616  000.486  000.486: require('nvim-lsp-installer.core.process')
120.403  000.263  000.263: require('nvim-lsp-installer.core.ui')
121.157  000.215  000.215: require('nvim-lsp-installer.core.ui.state')
121.160  000.755  000.540: require('nvim-lsp-installer.core.ui.display')
122.162  000.999  000.999: require('nvim-lsp-installer.servers')
122.404  000.239  000.239: require('nvim-lsp-installer.jobs.pool')
123.009  000.243  000.243: require('nvim-lsp-installer.jobs.outdated-servers.version-check-result')
124.066  000.391  000.391: require('nvim-lsp-installer.core.spawn')
124.323  000.254  000.254: require('nvim-lsp-installer.core.optional')
124.756  000.430  000.430: require('nvim-lsp-installer.core.installer')
124.762  001.750  000.674: require('nvim-lsp-installer.core.managers.npm')
125.179  000.415  000.415: require('nvim-lsp-installer.core.managers.pip3')
125.448  000.267  000.267: require('nvim-lsp-installer.core.managers.git')
125.876  000.425  000.425: require('nvim-lsp-installer.core.managers.gem')
126.254  000.376  000.376: require('nvim-lsp-installer.core.managers.go')
127.334  000.234  000.234: require('nvim-lsp-installer.core.managers.powershell')
127.338  000.486  000.252: require('nvim-lsp-installer.core.fetch')
127.340  000.791  000.305: require('nvim-lsp-installer.core.managers.cargo.client')
127.345  001.088  000.297: require('nvim-lsp-installer.core.managers.cargo')
128.265  000.469  000.469: require('nvim-lsp-installer.core.managers.std')
128.696  000.429  000.429: require('nvim-lsp-installer.core.managers.github.client')
128.703  001.357  000.460: require('nvim-lsp-installer.core.managers.github')
128.994  000.289  000.289: require('nvim-lsp-installer.core.managers.composer')
129.414  000.207  000.207: require('nvim-lsp-installer.core.clients.eclipse')
129.416  000.420  000.213: require('nvim-lsp-installer.jobs.outdated-servers.jdtls')
129.840  000.422  000.422: require('nvim-lsp-installer.core.managers.luarocks')
129.845  007.439  000.385: require('nvim-lsp-installer.jobs.outdated-servers')
130.226  000.378  000.378: require('nvim-lsp-installer.jobs.version-check')
130.663  000.435  000.435: require('nvim-lsp-installer.ui.server_hints')
131.149  000.483  000.483: require('nvim-lsp-installer.ui.components.settings-schema')
131.155  012.537  001.544: require('nvim-lsp-installer.ui')
131.471  000.313  000.313: require('nvim-lsp-installer._generated.language_autocomplete_map')
131.976  000.503  000.503: require('nvim-lsp-installer._generated.filetype_map')
131.984  022.282  001.000: require('nvim-lsp-installer')
138.180  000.742  000.742: require('vim.lsp.log')
139.293  001.111  001.111: require('vim.lsp.protocol')
142.351  001.140  001.140: require('vim.lsp._snippet')
143.015  000.661  000.661: require('vim.highlight')
143.029  003.732  001.931: require('vim.lsp.util')
143.036  006.269  000.684: require('vim.lsp.handlers')
143.652  000.614  000.614: require('vim.lsp.rpc')
144.548  000.893  000.893: require('vim.lsp.sync')
145.307  000.756  000.756: require('vim.lsp.buf')
145.717  000.407  000.407: require('vim.lsp.diagnostic')
146.182  000.462  000.462: require('vim.lsp.codelens')
146.289  011.712  002.310: require('vim.lsp')
146.355  012.911  001.200: require('lspconfig.util')
146.358  013.717  000.806: require('lspconfig.configs')
146.361  014.374  000.657: require('lspconfig')
148.582  000.507  000.507: require('cmp.utils.debug')
149.480  000.449  000.449: require('cmp.utils.char')
149.486  000.902  000.453: require('cmp.utils.str')
149.896  000.408  000.408: require('cmp.utils.pattern')
151.339  000.387  000.387: require('cmp.utils.misc')
151.712  000.370  000.370: require('cmp.utils.buffer')
152.109  000.394  000.394: require('cmp.utils.api')
152.115  001.782  000.631: require('cmp.utils.keymap')
152.119  002.193  000.411: require('cmp.utils.feedkeys')
152.369  000.249  000.249: require('cmp.utils.async')
153.670  000.411  000.411: require('cmp.types.cmp')
154.038  000.364  000.364: require('cmp.types.lsp')
154.263  000.222  000.222: require('cmp.types.vim')
154.266  001.480  000.482: require('cmp.types')
154.509  000.242  000.242: require('cmp.utils.cache')
154.513  002.141  000.419: require('cmp.context')
156.402  000.477  000.477: require('cmp.config.mapping')
157.104  000.435  000.435: require('cmp.config.compare')
157.107  000.701  000.266: require('cmp.config.default')
157.124  002.120  000.942: require('cmp.config')
158.084  000.399  000.399: require('cmp.matcher')
158.089  000.964  000.565: require('cmp.entry')
158.095  003.581  000.497: require('cmp.source')
158.765  000.260  000.260: require('cmp.utils.event')
159.777  000.480  000.480: require('cmp.utils.window')
159.781  001.013  000.532: require('cmp.view.docs_view')
160.618  000.256  000.256: require('cmp.utils.autocmd')
160.627  000.844  000.588: require('cmp.view.custom_entries_view')
161.338  000.709  000.709: require('cmp.view.wildmenu_entries_view')
161.925  000.585  000.585: require('cmp.view.native_entries_view')
162.205  000.278  000.278: require('cmp.view.ghost_text_view')
162.214  004.117  000.428: require('cmp.view')
162.352  014.992  000.892: require('cmp.core')
162.771  000.250  000.250: require('cmp.config.sources')
163.016  000.242  000.242: require('cmp.config.window')
163.077  016.715  001.231: require('cmp')
164.084  001.004  001.004: require('lspkind')
164.761  000.006  000.006: require('vim.keymap')
166.367  001.603  001.603: require('vim.diagnostic')
166.746  000.275  000.275: require('nvim-lsp-installer.middleware')
169.701  000.392  000.392: require('nvim-lsp-installer.core.receipt')
169.707  000.813  000.420: require('nvim-lsp-installer.core.installer.context')
169.712  001.462  000.649: require('nvim-lsp-installer.server')
169.714  002.056  000.594: require('nvim-lsp-installer.servers.sumneko_lua')
170.239  000.518  000.518: require('nvim-lsp-installer.servers.taplo')
170.640  000.391  000.391: require('nvim-lsp-installer.servers.svelte')
171.221  000.573  000.573: require('nvim-lsp-installer.servers.volar')
171.660  000.431  000.431: require('nvim-lsp-installer.servers.bashls')
172.212  000.544  000.544: require('nvim-lsp-installer.servers.denols')
172.592  000.354  000.354: require('nvim-lsp-installer.servers.gopls')
173.136  000.530  000.530: require('nvim-lsp-installer.servers.rust_analyzer')
173.518  000.374  000.374: require('nvim-lsp-installer.servers.tailwindcss')
174.081  000.555  000.555: require('nvim-lsp-installer.servers.cmake')
174.446  000.357  000.357: require('nvim-lsp-installer.servers.vimls')
174.839  000.385  000.385: require('nvim-lsp-installer.servers.yamlls')
175.346  000.498  000.498: require('nvim-lsp-installer.servers.ccls')
175.720  000.365  000.365: require('nvim-lsp-installer.servers.clangd')
175.984  000.257  000.257: require('nvim-lsp-installer.servers.clojure_lsp')
176.197  000.206  000.206: require('nvim-lsp-installer.servers.codeqlls')
176.623  000.419  000.419: require('nvim-lsp-installer.servers.crystalline')
177.740  000.528  000.528: require('nvim-lsp-installer.servers.vscode-langservers-extracted')
177.743  001.108  000.580: require('nvim-lsp-installer.servers.cssls')
178.102  000.342  000.342: require('nvim-lsp-installer.servers.dartls')
178.481  000.370  000.370: require('nvim-lsp-installer.servers.emmet_ls')
178.701  000.213  000.213: require('nvim-lsp-installer.servers.html')
178.936  000.226  000.226: require('nvim-lsp-installer.servers.golangci_lint_ls')
179.500  000.557  000.557: require('nvim-lsp-installer.servers.jsonls')
180.004  000.497  000.497: require('nvim-lsp-installer.servers.tsserver')
180.543  000.532  000.532: require('nvim-lsp-installer.servers.prismals')
180.947  000.367  000.367: require('nvim-lsp-installer.servers.prosemd_lsp')
181.528  000.574  000.574: require('nvim-lsp-installer.servers.pylsp')
182.140  000.577  000.577: require('nvim-lsp-installer.servers.sourcekit')
182.694  000.546  000.546: require('lspconfig.server_configurations.tsserver')
183.457  000.569  000.569: require('lspconfig.server_configurations.sumneko_lua')
184.375  000.578  000.578: require('lspconfig.server_configurations.taplo')
184.985  000.452  000.452: require('lspconfig.server_configurations.svelte')
185.746  000.648  000.648: require('lspconfig.server_configurations.volar')
186.507  000.583  000.583: require('lspconfig.server_configurations.bashls')
187.197  000.573  000.573: require('lspconfig.server_configurations.denols')
187.988  000.570  000.570: require('lspconfig.server_configurations.gopls')
188.725  000.614  000.614: require('lspconfig.server_configurations.rust_analyzer')
189.106  000.292  000.292: require('lspconfig.server_configurations.tailwindcss')
189.736  000.431  000.431: require('lspconfig.server_configurations.cmake')
190.181  000.256  000.256: require('lspconfig.server_configurations.vimls')
190.539  000.253  000.253: require('lspconfig.server_configurations.yamlls')
191.051  000.415  000.415: require('lspconfig.server_configurations.ccls')
191.471  000.271  000.271: require('lspconfig.server_configurations.clangd')
191.850  000.237  000.237: require('lspconfig.server_configurations.clojure_lsp')
192.193  000.262  000.262: require('lspconfig.server_configurations.codeqlls')
192.681  000.253  000.253: require('lspconfig.server_configurations.crystalline')
193.049  000.254  000.254: require('lspconfig.server_configurations.cssls')
193.387  000.246  000.246: require('lspconfig.server_configurations.dartls')
194.085  000.551  000.551: require('lspconfig.server_configurations.emmet_ls')
194.789  000.622  000.622: require('lspconfig.server_configurations.html')
195.471  000.533  000.533: require('lspconfig.server_configurations.golangci_lint_ls')
195.985  000.419  000.419: require('lspconfig.server_configurations.jsonls')
196.735  000.581  000.581: require('lspconfig.server_configurations.prismals')
197.196  000.378  000.378: require('lspconfig.server_configurations.prosemd_lsp')
197.497  000.228  000.228: require('lspconfig.server_configurations.pylsp')
197.838  000.251  000.251: require('lspconfig.server_configurations.sourcekit')
197.918  088.883  006.581: require('plugconfig/nvim_cmp')
198.526  000.604  000.604: require('plugconfig/lspkind')
198.817  000.286  000.286: require('plugconfig/vimdoc_ja')
199.098  000.277  000.277: require('plugconfig/vsnip')
201.223  000.243  000.243: require('diffview.lazy')
201.649  000.423  000.423: require('diffview.oop')
201.673  001.056  000.391: require('diffview.events')
202.110  000.435  000.435: require('diffview.actions')
202.127  002.481  000.990: require('diffview.config')
203.063  000.390  000.390: require('diffview.bootstrap')
203.473  000.407  000.407: require('diffview.colors')
205.247  001.332  001.332: require('diffview.utils')
205.258  001.776  000.444: require('diffview.arg_parser')
205.706  003.577  001.004: require('diffview')
207.360  000.709  000.709: require('neogit.config')
209.821  000.547  000.547: require('neogit.lib.notification')
210.260  000.436  000.436: require('neogit.logger')
211.617  000.247  000.247: require('plenary.tbl')
211.622  000.544  000.296: require('plenary.vararg.rotate')
211.623  000.772  000.228: require('plenary.vararg')
211.864  000.239  000.239: require('plenary.errors')
211.870  001.326  000.314: require('plenary.async.async')
213.318  000.291  000.291: require('plenary.async.structs')
213.328  000.764  000.473: require('plenary.async.control')
213.336  001.196  000.432: require('plenary.async.util')
213.338  001.465  000.269: require('plenary.async.tests')
213.341  003.078  000.287: require('plenary.async')
213.924  000.582  000.582: require('neogit.process')
214.682  000.458  000.458: require('neogit.lib.util')
214.696  000.769  000.311: require('neogit.lib.job')
214.776  006.469  001.057: require('neogit.lib.git.cli')
215.465  000.278  000.278: require('neogit.lib.git.stash')
215.712  000.245  000.245: require('neogit.lib.collection')
215.719  000.941  000.418: require('neogit.lib.git.status')
215.968  000.247  000.247: require('neogit.lib.git.log')
216.516  000.261  000.261: require('neogit.lib.input')
216.523  000.553  000.292: require('neogit.lib.git.branch')
217.578  000.611  000.611: require('neogit.lib.md5')
217.582  001.058  000.447: require('neogit.lib.git.diff')
217.584  009.811  000.545: require('neogit.lib.git')
218.330  000.266  000.266: require('neogit.lib.popup.builder')
219.105  000.252  000.252: require('neogit.lib.mappings_manager')
219.924  000.292  000.292: require('neogit.lib.ui.component')
219.935  000.827  000.534: require('neogit.lib.ui')
219.944  001.612  000.533: require('neogit.lib.buffer')
220.517  000.571  000.571: require('neogit.buffers.common')
221.088  000.564  000.564: require('neogit.lib.popup.lib')
221.091  003.506  000.493: require('neogit.lib.popup')
221.093  013.730  000.413: require('neogit.lib')
221.313  000.217  000.217: require('neogit.lib.signs')
222.449  000.736  000.736: require('neogit.lib.color')
222.454  001.139  000.403: require('neogit.lib.hl')
223.812  000.268  000.268: require('neogit.buffers.git_command_history')
224.400  000.305  000.305: require('neogit.buffers.commit_view.parsing')
224.676  000.273  000.273: require('neogit.buffers.commit_view.ui')
224.679  000.864  000.286: require('neogit.buffers.commit_view')
225.157  000.233  000.233: require('neogit.lib.git.pull')
225.388  000.227  000.227: require('neogit.lib.git.push')
225.391  000.710  000.249: require('neogit.lib.git.repository')
225.620  000.228  000.228: require('neogit.lib.functional')
225.848  000.226  000.226: require('neogit.lib.line_buffer')
226.059  000.208  000.208: require('neogit.lib.fs')
226.132  003.677  001.174: require('neogit.status')
227.015  000.223  000.223: require('neogit.lib.uv')
227.025  000.681  000.458: require('neogit.popups.commit')
228.003  000.256  000.256: require('neogit.buffers.log_view.ui')
228.007  000.554  000.298: require('neogit.buffers.log_view')
228.009  000.982  000.429: require('neogit.popups.log')
228.279  000.269  000.269: require('neogit.popups.push')
228.529  000.247  000.247: require('neogit.popups.pull')
228.771  000.239  000.239: require('neogit.popups.stash')
229.009  000.236  000.236: require('neogit.popups.help')
229.012  002.877  000.221: require('neogit.popups')
229.260  023.151  000.802: require('neogit')
229.569  030.466  001.256: require('plugconfig/neogit')
230.969  000.318  000.318: require('telescope._extensions.session-lens.session-lens-library')
231.244  000.272  000.272: require('telescope._extensions.session-lens.session-lens-actions')
231.578  000.331  000.331: require('telescope.themes')
231.582  001.387  000.466: require('telescope._extensions.session-lens.main')
231.583  002.009  000.623: require('session-lens')
235.117  000.546  000.546: require('null-ls.methods')
235.146  001.820  001.273: require('null-ls.utils')
235.326  002.584  000.765: require('null-ls.config')
236.002  000.232  000.232: require('null-ls.helpers.cache')
236.444  000.440  000.440: require('null-ls.helpers.diagnostics')
236.668  000.221  000.221: require('null-ls.helpers.formatter_factory')
237.461  000.254  000.254: require('null-ls.logger')
237.755  000.292  000.292: require('null-ls.state')
237.759  001.089  000.543: require('null-ls.helpers.generator_factory')
238.339  000.286  000.286: require('null-ls.helpers.command_resolver')
238.342  000.581  000.295: require('null-ls.helpers.make_builtin')
238.611  000.268  000.268: require('null-ls.helpers.range_formatting_args_factory')
238.614  003.285  000.455: require('null-ls.helpers')
239.712  000.572  000.572: require('null-ls.diagnostics')
239.720  001.104  000.533: require('null-ls.sources')
240.135  000.411  000.411: require('null-ls.builtins')
240.579  000.441  000.441: require('null-ls.info')
240.582  008.455  000.628: require('null-ls')
240.934  000.341  000.341: require('null-ls.builtins.formatting.stylua')
241.572  000.604  000.604: require('null-ls.builtins.formatting.black')
242.122  000.546  000.546: require('null-ls.builtins.formatting.deno_fmt')
242.881  000.742  000.742: require('null-ls.builtins.formatting.prettier')
243.604  000.614  000.614: require('null-ls.builtins.formatting.rustfmt')
244.315  000.708  000.708: require('null-ls.builtins.diagnostics.golangci_lint')
244.978  000.659  000.659: require('null-ls.builtins.diagnostics.eslint')
245.286  000.304  000.304: require('null-ls.builtins.formatting.shfmt')
245.758  000.467  000.467: require('null-ls.builtins.diagnostics.shellcheck')
246.328  000.561  000.561: require('null-ls.builtins.formatting.clang_format')
246.917  000.585  000.585: require('null-ls.builtins.formatting.markdownlint')
247.530  000.609  000.609: require('null-ls.builtins.code_actions.gitsigns')
248.119  000.586  000.586: require('null-ls.builtins.formatting.gofmt')
249.878  000.657  000.657: require('null-ls.client')
249.935  018.348  001.911: require('plugconfig/null_ls')
250.014  189.730  001.704: sourcing /Users/mochi/.config/nvim/plugin/packer_compiled.lua
250.651  004.067: loading rtp plugins
251.980  000.283  000.283: sourcing /Users/mochi/.local/share/nvim/site/pack/packer/start/auto-session/plugin/auto-session.vim
254.259  000.458  000.458: sourcing /Users/mochi/.local/share/nvim/site/pack/packer/start/diffview.nvim/plugin/diffview.lua
255.488  000.277  000.277: require('indent_blankline.commands')
255.586  000.761  000.484: sourcing /Users/mochi/.local/share/nvim/site/pack/packer/start/indent-blankline.nvim/plugin/indent_blankline.vim
257.495  000.256  000.256: require('plenary.reload')
257.683  000.725  000.469: require('plenary')
257.686  000.984  000.259: require('neogit.bootstrap')
257.767  001.339  000.355: sourcing /Users/mochi/.local/share/nvim/site/pack/packer/start/neogit/plugin/neogit.vim
258.789  000.244  000.244: require('cmp.utils.highlight')
259.217  000.855  000.612: sourcing /Users/mochi/.local/share/nvim/site/pack/packer/start/nvim-cmp/plugin/cmp.lua
260.155  000.373  000.373: sourcing /Users/mochi/.local/share/nvim/site/pack/packer/start/nvim-lsp-installer/plugin/nvim-lsp-installer.vim
261.099  000.290  000.290: sourcing /Users/mochi/.local/share/nvim/site/pack/packer/start/nvim-lspconfig/plugin/lspconfig.vim
261.938  000.099  000.099: sourcing /Users/mochi/.local/share/nvim/site/pack/packer/start/pears.nvim/plugin/pears.vim
262.796  000.121  000.121: sourcing /Users/mochi/.local/share/nvim/site/pack/packer/start/plenary.nvim/plugin/plenary.vim
263.770  000.400  000.400: sourcing /Users/mochi/.local/share/nvim/site/pack/packer/start/registers.nvim/plugin/registers.vim
264.495  000.143  000.143: sourcing /Users/mochi/.local/share/nvim/site/pack/packer/start/session-lens/plugin/session-lens.vim
265.882  000.551  000.551: sourcing /Users/mochi/.local/share/nvim/site/pack/packer/start/telescope.nvim/plugin/telescope.lua
269.911  003.386  003.386: sourcing /Users/mochi/.local/share/nvim/site/pack/packer/start/vim-devicons/plugin/webdevicons.vim
271.143  000.412  000.412: sourcing /Users/mochi/.local/share/nvim/site/pack/packer/start/vim-highlightedyank/plugin/highlightedyank.vim
275.067  001.120  001.120: sourcing /Users/mochi/.local/share/nvim/site/pack/packer/start/vim-vsnip/autoload/vital/vsnip.vim
275.738  000.243  000.243: sourcing /Users/mochi/.local/share/nvim/site/pack/packer/start/vim-vsnip/autoload/vital/_vsnip/VS/LSP/Position.vim
276.165  000.161  000.161: sourcing /Users/mochi/.local/share/nvim/site/pack/packer/start/vim-vsnip/autoload/vital/_vsnip.vim
276.811  003.394  001.869: sourcing /Users/mochi/.local/share/nvim/site/pack/packer/start/vim-vsnip/autoload/vsnip/snippet.vim
277.564  000.362  000.362: sourcing /Users/mochi/.local/share/nvim/site/pack/packer/start/vim-vsnip/autoload/vital/_vsnip/VS/LSP/TextEdit.vim
278.124  000.161  000.161: sourcing /Users/mochi/.local/share/nvim/site/pack/packer/start/vim-vsnip/autoload/vital/_vsnip/VS/LSP/Text.vim
278.829  000.249  000.249: sourcing /Users/mochi/.local/share/nvim/site/pack/packer/start/vim-vsnip/autoload/vital/_vsnip/VS/Vim/Buffer.vim
279.489  000.165  000.165: sourcing /Users/mochi/.local/share/nvim/site/pack/packer/start/vim-vsnip/autoload/vital/_vsnip/VS/Vim/Option.vim
280.331  000.338  000.338: sourcing /Users/mochi/.local/share/nvim/site/pack/packer/start/vim-vsnip/autoload/vital/_vsnip/VS/LSP/Diff.vim
280.692  008.039  003.370: sourcing /Users/mochi/.local/share/nvim/site/pack/packer/start/vim-vsnip/autoload/vsnip/session.vim
281.064  009.135  001.095: sourcing /Users/mochi/.local/share/nvim/site/pack/packer/start/vim-vsnip/autoload/vsnip.vim
281.598  010.118  000.983: sourcing /Users/mochi/.local/share/nvim/site/pack/packer/start/vim-vsnip/plugin/vsnip.vim
282.710  000.312  000.312: sourcing /Users/mochi/.local/share/nvim/site/pack/packer/start/vim-vsnip-integ/plugin/vsnip_integ.vim
283.075  012.521: loading packages
288.013  000.425  000.425: require('cmp_vsnip')
288.054  000.573  000.148: sourcing /Users/mochi/.local/share/nvim/site/pack/packer/start/cmp-vsnip/after/plugin/cmp_vsnip.vim
289.589  000.839  000.839: sourcing /Users/mochi/.local/share/nvim/site/pack/packer/start/dracula/after/plugin/dracula.vim
290.897  000.320  000.320: sourcing /Users/mochi/.local/share/nvim/site/pack/packer/start/vim-vsnip-integ/autoload/vsnip_integ/integration.vim
291.344  000.201  000.201: sourcing /Users/mochi/.local/share/nvim/site/pack/packer/start/vim-vsnip-integ/autoload/vsnip_integ/detection.vim
292.674  002.608  002.087: sourcing /Users/mochi/.local/share/nvim/site/pack/packer/start/vim-vsnip-integ/after/plugin/vsnip_integ.vim
294.471  000.195  000.195: require('cmp_buffer.timer')
294.477  000.661  000.466: require('cmp_buffer.buffer')
294.480  000.928  000.267: require('cmp_buffer.source')
294.482  001.302  000.375: require('cmp_buffer')
294.506  001.653  000.351: sourcing /Users/mochi/.local/share/nvim/site/pack/packer/start/cmp-buffer/after/plugin/cmp_buffer.lua
295.569  000.564  000.564: require('cmp_cmdline')
295.590  000.892  000.328: sourcing /Users/mochi/.local/share/nvim/site/pack/packer/start/cmp-cmdline/after/plugin/cmp_cmdline.lua
296.286  000.385  000.385: require('cmp_emoji')
296.305  000.526  000.141: sourcing /Users/mochi/.local/share/nvim/site/pack/packer/start/cmp-emoji/after/plugin/cmp_emoji.lua
297.074  000.245  000.245: require('cmp_nvim_lsp.source')
297.078  000.471  000.226: require('cmp_nvim_lsp')
297.114  000.625  000.154: sourcing /Users/mochi/.local/share/nvim/site/pack/packer/start/cmp-nvim-lsp/after/plugin/cmp_nvim_lsp.lua
298.104  000.448  000.448: require('cmp_nvim_lsp_document_symbol')
298.125  000.819  000.371: sourcing /Users/mochi/.local/share/nvim/site/pack/packer/start/cmp-nvim-lsp-document-symbol/after/plugin/cmp_nvim_lsp_document_symbol.lua
298.821  000.377  000.377: require('cmp_nvim_lsp_signature_help')
298.841  000.523  000.146: sourcing /Users/mochi/.local/share/nvim/site/pack/packer/start/cmp-nvim-lsp-signature-help/after/plugin/cmp_nvim_lsp_signature_help.lua
299.707  000.354  000.354: require('cmp_nvim_lua')
299.740  000.712  000.358: sourcing /Users/mochi/.local/share/nvim/site/pack/packer/start/cmp-nvim-lua/after/plugin/cmp_nvim_lua.lua
300.881  000.696  000.696: require('cmp_path')
300.902  000.969  000.273: sourcing /Users/mochi/.local/share/nvim/site/pack/packer/start/cmp-path/after/plugin/cmp_path.lua
302.273  000.538  000.538: require('cmp_tabnine.source')
302.276  000.887  000.349: require('cmp_tabnine')
302.280  001.187  000.300: sourcing /Users/mochi/.local/share/nvim/site/pack/packer/start/cmp-tabnine/after/plugin/cmp-tabnine.lua
302.643  007.643: loading after plugins
302.658  000.015: inits 3
305.280  002.622: reading ShaDa
307.617  000.092  000.092: sourcing /usr/local/share/nvim/runtime/ftplugin/lua.vim
309.702  000.039  000.039: sourcing /usr/local/share/nvim/runtime/indent/lua.vim
311.644  001.133  001.133: sourcing /usr/local/share/nvim/runtime/syntax/lua.vim
311.904  000.072  000.072: sourcing /Users/mochi/.local/share/nvim/site/pack/packer/start/dracula/after/syntax/lua.vim
313.516  000.550  000.550: require('vim.uri')
318.143  000.604  000.604: require('null-ls.rpc')
318.680  000.355  000.355: require('plenary.log')
321.434  013.308: opening buffers
325.535  004.102: BufEnter autocommands
325.539  000.004: editing files in windows
326.284  000.689  000.689: require('packer.load')
330.883  000.470  000.470: require('gitsigns.async')
331.246  000.360  000.360: require('gitsigns.status')
332.650  000.513  000.513: require('gitsigns.debug')
333.291  000.638  000.638: require('gitsigns.util')
333.814  000.519  000.519: require('gitsigns.subprocess')
335.562  000.256  000.256: require('gitsigns.message')
335.571  000.797  000.541: require('gitsigns.config')
335.872  000.299  000.299: require('gitsigns.signs.base')
335.876  001.538  000.442: require('gitsigns.signs')
335.880  002.060  000.521: require('gitsigns.hunks')
335.887  004.639  000.908: require('gitsigns.git')
336.805  000.320  000.320: require('gitsigns.cache')
337.031  000.222  000.222: require('gitsigns.debounce')
337.256  000.222  000.222: require('gitsigns.diff')
337.270  001.381  000.617: require('gitsigns.manager')
337.516  000.244  000.244: require('gitsigns.nvim')
337.766  000.247  000.247: require('gitsigns.highlight')
337.775  010.962  003.621: require('gitsigns')
338.582  000.340  000.340: require('gitsigns.signs.vimfn')
339.027  000.339  000.339: require('gitsigns.nvim.highlights')
339.816  000.471  000.471: require('gitsigns.nvim.command')
343.104  000.158  000.158: require('plenary.tbl')
343.110  000.347  000.188: require('plenary.vararg.rotate')
343.112  000.493  000.146: require('plenary.vararg')
343.263  000.149  000.149: require('plenary.errors')
343.438  000.173  000.173: require('plenary.functional')
343.442  001.038  000.223: require('plenary.async.async')
343.932  000.190  000.190: require('plenary.async.structs')
343.939  000.496  000.305: require('plenary.async.control')
343.944  001.800  000.266: require('plenary.async.util')
344.382  000.328  000.328: sourcing /Users/mochi/.local/share/nvim/site/pack/packer/opt/nvim-colorizer.lua/plugin/colorizer.vim
348.876  000.382  000.382: require('colorizer/nvim')
349.397  000.518  000.518: require('colorizer/trie')
349.581  002.319  001.419: require('colorizer')
350.513  005.853  003.534: require('plugconfig/nvim-colorizer')
354.807  000.433  000.433: require('lualine_require')
355.663  002.335  001.902: require('lualine')
359.268  000.401  000.401: require('lualine.utils.mode')
360.960  010.053  007.318: require('plugconfig/lualine')
362.402  000.510  000.510: sourcing /Users/mochi/.local/share/nvim/site/pack/packer/opt/markdown-preview.nvim/plugin/mkdp.vim
363.737  000.201  000.201: sourcing /Users/mochi/.local/share/nvim/site/pack/packer/opt/toggleterm.nvim/plugin/toggleterm.vim
369.441  000.760  000.760: require('toggleterm.constants')
369.857  000.412  000.412: require('toggleterm.colors')
372.290  000.286  000.286: require('toggleterm.utils')
372.299  001.570  001.284: require('toggleterm.ui')
372.591  000.290  000.290: require('toggleterm.config')
372.607  002.746  000.886: require('toggleterm.terminal')
372.618  005.014  001.096: require('toggleterm')
16899.187  16535.075  16530.061: require('plugconfig/toggleterm')
16900.944  000.588  000.588: sourcing /Users/mochi/.local/share/nvim/site/pack/packer/opt/neo-tree.nvim/plugin/neo-tree.vim
16909.669  001.262  001.262: require('neo-tree.log')
16909.697  002.704  001.442: require('neo-tree.utils')
16912.885  000.834  000.834: require('nui.utils')
16912.891  001.215  000.381: require('nui.text')
16912.896  001.886  000.671: require('nui.line')
16913.807  000.260  000.260: require('nui.tree.util')
16913.813  000.915  000.654: require('nui.tree')
16914.484  000.248  000.248: require('nui.utils.buf_storage')
16914.985  000.499  000.499: require('nui.utils.autocmd')
16915.297  000.309  000.309: require('nui.utils.keymap')
16915.303  001.489  000.434: require('nui.split')
16916.739  000.974  000.974: require('nui.popup.border')
16917.285  000.542  000.542: require('nui.layout.utils')
16917.292  001.988  000.472: require('nui.popup')
16918.084  000.790  000.790: require('neo-tree.ui.highlights')
16919.420  000.964  000.964: require('nui.input')
16919.424  001.303  000.340: require('neo-tree.ui.popups')
16920.732  000.669  000.669: require('neo-tree.events.queue')
16920.753  001.327  000.658: require('neo-tree.events')
16920.769  011.069  001.372: require('neo-tree.ui.renderer')
16924.153  000.596  000.596: require('plenary.job')
16924.161  001.366  000.770: require('neo-tree.sources.filesystem.lib.filter_external')
16926.328  001.098  001.098: require('plenary.iterators')
16927.333  000.313  000.313: require('plenary.bit')
16927.353  001.021  000.709: require('plenary.path')
16927.355  002.436  000.317: require('neo-tree.sources.common.file-nesting')
16928.537  000.291  000.291: require('neo-tree.git.utils')
16928.540  000.875  000.584: require('neo-tree.git.status')
16928.889  000.348  000.348: require('neo-tree.git.ignored')
16928.892  001.535  000.312: require('neo-tree.git')
16928.895  004.732  000.760: require('neo-tree.sources.common.file-items')
16929.209  000.312  000.312: require('neo-tree.sources.filesystem.lib.fs_watch')
16929.228  007.363  000.954: require('neo-tree.sources.filesystem.lib.fs_scan')
16929.532  000.301  000.301: require('neo-tree.ui.inputs')
16929.545  008.774  001.110: require('neo-tree.sources.manager')
16930.632  000.461  000.461: require('neo-tree.defaults')
16931.131  000.496  000.496: require('neo-tree.setup.mapping-helper')
16932.299  000.412  000.412: require('neo-tree.command.parser')
16932.617  000.315  000.315: require('neo-tree.command.completion')
16932.621  001.170  000.443: require('neo-tree.command')
16932.623  001.489  000.319: require('neo-tree.setup.netrw')
16932.626  003.079  000.633: require('neo-tree.setup')
16932.635  026.997  001.371: require('neo-tree')
16933.466  000.330  000.330: require('neo-tree.setup.deprecations')
16936.032  000.781  000.781: require('neo-tree.sources.common.container')
16936.037  001.480  000.698: require('neo-tree.sources.common.components')
16936.189  001.952  000.473: require('neo-tree.sources.filesystem.components')
16939.386  001.143  001.143: require('plenary.scandir')
16939.394  001.955  000.812: require('neo-tree.sources.filesystem.lib.fs_actions')
16939.726  000.329  000.329: require('neo-tree.sources.common.help')
16939.733  003.005  000.721: require('neo-tree.sources.common.commands')
16940.338  000.603  000.603: require('neo-tree.sources.filesystem')
16940.807  000.466  000.466: require('neo-tree.sources.filesystem.lib.filter')
16940.818  004.626  000.552: require('neo-tree.sources.filesystem.commands')
16941.440  000.298  000.298: require('neo-tree.sources.buffers.components')
16942.523  000.304  000.304: require('neo-tree.sources.buffers.lib.items')
16942.527  000.780  000.477: require('neo-tree.sources.buffers')
16942.584  001.141  000.360: require('neo-tree.sources.buffers.commands')
16943.169  000.278  000.278: require('neo-tree.sources.git_status.components')
16943.589  000.416  000.416: require('neo-tree.sources.git_status.commands')
16944.214  000.327  000.327: require('neo-tree.sources.example.components')
16944.514  000.296  000.296: require('neo-tree.sources.example.commands')
16945.539  000.344  000.344: require('neo-tree.sources.filesystem.lib.globtopattern')
16946.760  000.268  000.268: require('neo-tree.sources.git_status.lib.items')
16946.763  000.577  000.309: require('neo-tree.sources.git_status')
16947.258  000.311  000.311: require('neo-tree.sources.example')
16947.463  046.052  008.157: require('plugconfig/neo-tree')
16948.186  000.308  000.308: sourcing /Users/mochi/.local/share/nvim/site/pack/packer/opt/which-key.nvim/plugin/which-key.vim
16953.063  000.403  000.403: require('which-key.util')
16953.068  000.691  000.288: require('which-key.tree')
16953.483  000.413  000.413: require('which-key.config')
16953.494  002.113  001.009: require('which-key.keys')
16953.498  002.668  000.555: require('which-key')
16954.110  000.382  000.382: require('which-key.plugins')
16954.605  000.488  000.488: require('which-key.plugins.marks')
16955.170  000.399  000.399: require('which-key.plugins.presets')
16955.583  000.382  000.382: require('which-key.plugins.presets.misc')
16955.992  000.400  000.400: require('which-key.plugins.registers')
16956.493  000.320  000.320: require('which-key.colors')
16965.606  017.190  012.152: require('plugconfig/whichi_key')
16966.381  000.321  000.321: sourcing /Users/mochi/.local/share/nvim/site/pack/packer/opt/AutoSave.nvim/plugin/ascmds.vim
16970.118  000.441  000.441: require('autosave.config')
16970.123  000.946  000.504: require('autosave')
16971.362  000.757  000.757: require('autosave.modules.autocmds')
16971.810  000.443  000.443: require('autosave.utils.viml_funcs')
16971.816  001.651  000.451: require('autosave.main')
16971.871  005.238  002.642: require('plugconfig/auto_save_nvim')
16973.791  000.560  000.560: sourcing /Users/mochi/.local/share/nvim/site/pack/packer/opt/vim-colorrange/plugin/colorrange.vim
16981.022  000.484  000.484: require('octo.model.body-metadata')
16981.683  000.657  000.657: require('octo.model.title-metadata')
16982.506  000.817  000.817: require('octo.autocmds')
16983.771  001.259  001.259: require('octo.config')
16984.284  000.508  000.508: require('octo.constants')
16984.850  000.560  000.560: require('octo.folds')
16985.388  000.533  000.533: require('octo.gh')
16986.447  001.056  001.056: require('octo.gh.graphql')
16987.124  000.674  000.674: require('octo.ui.signs')
16989.197  000.284  000.284: require('octo.model.comment-metadata')
16989.487  000.286  000.286: require('octo.model.thread-metadata')
16992.316  001.430  001.430: require('octo.date')
16992.346  002.855  001.425: require('octo.utils')
16993.833  000.959  000.959: require('octo.ui.colors')
16993.839  001.491  000.532: require('octo.ui.bubbles')
16993.870  006.743  001.826: require('octo.ui.writers')
16993.882  015.150  001.859: require('octo.model.octo-buffer')
16996.047  000.607  000.607: require('octo.navigation')
16996.359  000.308  000.308: require('octo.picker')
16999.927  000.316  000.316: require('octo.reviews.renderer')
16999.953  001.376  001.060: require('octo.reviews.file-panel')
17001.161  001.207  001.207: require('octo.reviews.file-entry')
17001.172  003.323  000.740: require('octo.reviews.layout')
17001.467  000.293  000.293: require('octo.reviews.rev')
17001.919  000.448  000.448: require('octo.reviews.thread-panel')
17002.579  000.657  000.657: require('octo.ui.window')
17002.586  006.208  001.487: require('octo.reviews')
17002.620  008.735  001.612: require('octo.commands')
17003.124  000.503  000.503: require('octo.completion')
17003.132  028.556  004.168: require('octo')
17007.491  000.357  000.357: require('telescope.previewers.previewer')
17008.905  001.411  001.411: require('telescope.previewers.term_previewer')
17010.925  000.452  000.452: require('plenary.context_manager')
17011.204  000.276  000.276: require('plenary.strings')
17012.137  002.139  001.411: require('telescope.previewers.utils')
17015.155  003.015  003.015: require('plenary.filetype')
17015.475  006.567  001.412: require('telescope.previewers.buffer_previewer')
17015.480  009.106  000.771: require('telescope.previewers')
17015.487  009.879  000.773: require('octo.pickers.telescope.previewers')
17016.066  000.578  000.578: require('octo.pickers.telescope.entry_maker')
17017.918  001.106  001.106: require('telescope.make_entry')
17018.564  000.165  000.165: require('plenary.async.tests')
17018.567  000.350  000.185: require('plenary.async')
17018.570  000.648  000.298: require('telescope.finders.async_static_finder')
17019.916  000.272  000.272: require('plenary.class')
17019.928  001.066  000.793: require('telescope._')
17019.931  001.360  000.294: require('telescope.finders.async_oneshot_finder')
17020.211  000.278  000.278: require('telescope.finders.async_job_finder')
17020.217  004.147  000.755: require('telescope.finders')
17022.452  000.307  000.307: require('plenary.window.border')
17022.629  000.173  000.173: require('plenary.window')
17022.786  000.154  000.154: require('plenary.popup.utils')
17022.790  001.011  000.377: require('plenary.popup')
17023.201  000.409  000.409: require('telescope.debounce')
17023.733  000.498  000.498: require('telescope.mappings')
17024.064  000.328  000.328: require('telescope.pickers.highlights')
17024.329  000.263  000.263: require('telescope.pickers.window')
17025.598  000.852  000.852: require('telescope.algos.linked_list')
17025.602  001.270  000.418: require('telescope.entry_manager')
17025.868  000.264  000.264: require('telescope.pickers.multi')
17025.882  005.663  001.621: require('telescope.pickers')
17025.935  022.644  002.377: require('octo.pickers.telescope.provider')
17027.503  000.412  000.412: sourcing /Users/mochi/.local/share/nvim/site/pack/packer/opt/nvim-web-devicons/plugin/nvim-web-devicons.vim
17033.218  001.183  001.183: sourcing /Users/mochi/.local/share/nvim/site/pack/packer/opt/vim-expand-region/autoload/expand_region.vim
17033.399  004.489  003.305: sourcing /Users/mochi/.local/share/nvim/site/pack/packer/opt/vim-expand-region/plugin/expand_region.vim
17034.245  000.474  000.474: require('plugconfig/vim_expand_region')
17036.071  000.470  000.470: sourcing /Users/mochi/.local/share/nvim/site/pack/packer/opt/vim-choosewin/plugin/choosewin.vim
17044.309  000.535  000.535: require('nvim-treesitter.utils')
17045.204  000.891  000.891: require('nvim-treesitter.parsers')
17047.972  000.639  000.639: require('nvim-treesitter.ts_utils')
17047.978  000.959  000.320: require('nvim-treesitter.tsrange')
17048.305  000.326  000.326: require('nvim-treesitter.caching')
17048.316  001.812  000.527: require('nvim-treesitter.query')
17048.327  002.567  000.755: require('nvim-treesitter.configs')
17048.331  003.123  000.556: require('nvim-treesitter.info')
17048.830  000.497  000.497: require('nvim-treesitter.shell_command_selectors')
17048.855  006.388  001.340: require('nvim-treesitter.install')
17049.212  000.354  000.354: require('nvim-treesitter.query_predicates')
17049.216  010.979  004.238: require('nvim-treesitter')
17049.781  012.194  001.214: sourcing /Users/mochi/.local/share/nvim/site/pack/packer/opt/nvim-treesitter/plugin/nvim-treesitter.lua
17055.984  001.243  001.243: require('vim.treesitter.highlighter')
17055.992  001.705  000.462: require('nvim-treesitter.highlight')
17056.608  006.673  004.967: require('plugconfig/treesitter')
17062.243  000.372  000.372: require('nvim-ts-autotag._log')
17062.249  000.729  000.357: require('nvim-ts-autotag.utils')
17062.257  001.506  000.777: require('nvim-ts-autotag.internal')
17062.259  004.270  002.763: require('nvim-ts-autotag')
17062.397  004.747  000.478: sourcing /Users/mochi/.local/share/nvim/site/pack/packer/opt/nvim-ts-autotag/plugin/nvim-ts-autotag.vim
17066.629  002.678  002.678: require('rainbow')
17066.740  003.154  000.477: sourcing /Users/mochi/.local/share/nvim/site/pack/packer/opt/nvim-ts-rainbow/plugin/rainbow.vim
17071.910  003.959  003.959: sourcing /Users/mochi/.local/share/nvim/site/pack/packer/opt/vim-quickhl/plugin/quickhl.vim
17072.662  000.444  000.444: require('plugconfig/vim_quichl')
17073.746  000.381  000.381: sourcing /Users/mochi/.local/share/nvim/site/pack/packer/opt/vim-silicon/plugin/silicon.vim
17075.673  024.662: VimEnter autocommands
17075.677  000.004: UIEnter autocommands
17080.705  001.852  001.852: sourcing /usr/local/share/nvim/runtime/autoload/provider/clipboard.vim
17080.727  003.197: before starting main loop
17088.170  001.610  001.610: require('nvim-web-devicons')
17092.369  010.032: first screen update
17092.372  000.003: --- NVIM STARTED ---
