

times in msec
 clock   self+sourced   self:  sourced script
 clock   elapsed:              other lines

000.006  000.006: --- NVIM STARTING ---
002.744  002.738: locale set
003.176  000.432: inits 1
003.193  000.016: window checked
003.344  000.152: parsing arguments
007.783  004.438: expanding arguments
007.863  000.080: inits 2
008.351  000.488: init highlight
008.354  000.003: waiting for UI
012.619  004.265: done waiting for UI
012.664  000.046: init screen for UI
012.711  000.046: init default mappings
012.785  000.075: init default autocommands
015.460  000.464  000.464: sourcing /usr/local/Cellar/neovim/0.7.0/share/nvim/runtime/ftplugin.vim
016.093  000.486  000.486: sourcing /usr/local/Cellar/neovim/0.7.0/share/nvim/runtime/indent.vim
017.246  000.417  000.417: sourcing /usr/local/Cellar/neovim/0.7.0/share/nvim/runtime/syntax/synload.vim
017.824  000.470  000.470: sourcing /usr/local/Cellar/neovim/0.7.0/share/nvim/runtime/filetype.lua
026.634  008.731  008.731: sourcing /usr/local/Cellar/neovim/0.7.0/share/nvim/runtime/filetype.vim
030.978  001.412  001.412: sourcing /usr/local/Cellar/neovim/0.7.0/share/nvim/runtime/ftplugin/vim.vim
034.949  001.082  001.082: sourcing /usr/local/Cellar/neovim/0.7.0/share/nvim/runtime/indent/vim.vim
042.393  002.535  002.535: sourcing /usr/local/Cellar/neovim/0.7.0/share/nvim/runtime/syntax/lua.vim
043.572  008.318  005.782: sourcing /usr/local/Cellar/neovim/0.7.0/share/nvim/runtime/syntax/vim.vim
048.505  004.471  004.471: sourcing /usr/local/Cellar/neovim/0.7.0/share/nvim/runtime/syntax/vim/generated.vim
049.145  032.713  007.813: sourcing /usr/local/Cellar/neovim/0.7.0/share/nvim/runtime/syntax/syntax.vim
050.540  001.112  001.112: sourcing /Users/mochi/.config/nvim/autoload/jetpack.vim
057.941  003.402  003.402: sourcing /usr/local/Cellar/neovim/0.7.0/share/nvim/runtime/syntax/nosyntax.vim
059.003  000.746  000.746: sourcing /usr/local/Cellar/neovim/0.7.0/share/nvim/runtime/ftplugof.vim
059.770  000.566  000.566: sourcing /usr/local/Cellar/neovim/0.7.0/share/nvim/runtime/indoff.vim
090.997  000.351  000.351: sourcing /usr/local/Cellar/neovim/0.7.0/share/nvim/runtime/syntax/synload.vim
096.491  001.235  001.235: sourcing /usr/local/Cellar/neovim/0.7.0/share/nvim/runtime/syntax/lua.vim
097.424  005.659  004.424: sourcing /usr/local/Cellar/neovim/0.7.0/share/nvim/runtime/syntax/vim.vim
100.560  002.939  002.939: sourcing /usr/local/Cellar/neovim/0.7.0/share/nvim/runtime/syntax/vim/generated.vim
101.701  000.451  000.451: sourcing /Users/mochi/.local/share/nvim/site/pack/jetpack/opt/dracula/autoload/dracula.vim
101.732  001.038  000.587: sourcing /Users/mochi/.local/share/nvim/site/pack/jetpack/opt/dracula/after/syntax/vim.vim
102.549  014.287  004.300: sourcing /usr/local/Cellar/neovim/0.7.0/share/nvim/runtime/syntax/syntax.vim
103.098  000.101  000.101: sourcing /usr/local/Cellar/neovim/0.7.0/share/nvim/runtime/filetype.lua
103.222  000.027  000.027: sourcing /usr/local/Cellar/neovim/0.7.0/share/nvim/runtime/filetype.vim
103.652  000.078  000.078: sourcing /usr/local/Cellar/neovim/0.7.0/share/nvim/runtime/ftplugin.vim
103.987  000.054  000.054: sourcing /usr/local/Cellar/neovim/0.7.0/share/nvim/runtime/indent.vim
109.079  004.682  004.682: sourcing /Users/mochi/.local/share/nvim/site/pack/jetpack/opt/dracula/colors/dracula.vim
197.572  000.028  000.028: sourcing /Users/mochi/.config/nvim/config/mini.vim
197.593  181.323  123.528: sourcing /Users/mochi/.config/nvim/init.vim
197.604  002.545: sourcing vimrc file(s)
199.811  000.982  000.982: sourcing /Users/mochi/.local/share/nvim/site/pack/jetpack/opt/colorizer/autoload/colorizer.vim
200.315  002.126  001.144: sourcing /Users/mochi/.local/share/nvim/site/pack/jetpack/opt/colorizer/plugin/colorizer.vim
202.752  002.124  002.124: sourcing /Users/mochi/.local/share/nvim/site/pack/jetpack/opt/vim-devicons/plugin/webdevicons.vim
203.063  000.110  000.110: sourcing /Users/mochi/.local/share/nvim/site/pack/jetpack/opt/which-key.nvim/plugin/which-key.vim
203.668  000.386  000.386: sourcing /Users/mochi/.local/share/nvim/site/pack/jetpack/opt/registers.nvim/plugin/registers.vim
204.289  000.350  000.350: sourcing /Users/mochi/.local/share/nvim/site/pack/jetpack/opt/nvim-web-devicons/plugin/nvim-web-devicons.vim
205.827  001.301  001.301: sourcing /Users/mochi/.local/share/nvim/site/pack/jetpack/opt/nvim-treesitter/plugin/nvim-treesitter.vim
206.813  000.776  000.776: sourcing /Users/mochi/.local/share/nvim/site/pack/jetpack/opt/nvim-ts-rainbow/plugin/rainbow.vim
207.893  000.895  000.895: sourcing /Users/mochi/.local/share/nvim/site/pack/jetpack/opt/indent-blankline.nvim/plugin/indent_blankline.vim
208.531  000.336  000.336: sourcing /Users/mochi/.local/share/nvim/site/pack/jetpack/opt/denops.vim/plugin/denops/debug.vim
209.333  000.329  000.329: sourcing /Users/mochi/.local/share/nvim/site/pack/jetpack/opt/denops.vim/autoload/denops.vim
209.432  000.832  000.503: sourcing /Users/mochi/.local/share/nvim/site/pack/jetpack/opt/denops.vim/plugin/denops.vim
210.009  000.350  000.350: sourcing /Users/mochi/.local/share/nvim/site/pack/jetpack/opt/fern-hijack.vim/plugin/fern_hijack.vim
210.517  000.337  000.337: sourcing /Users/mochi/.local/share/nvim/site/pack/jetpack/opt/plenary.nvim/plugin/plenary.vim
213.144  000.817  000.817: sourcing /Users/mochi/.local/share/nvim/site/pack/jetpack/opt/vim-vsnip/autoload/vital/vsnip.vim
213.580  000.164  000.164: sourcing /Users/mochi/.local/share/nvim/site/pack/jetpack/opt/vim-vsnip/autoload/vital/_vsnip/VS/LSP/Position.vim
213.867  000.112  000.112: sourcing /Users/mochi/.local/share/nvim/site/pack/jetpack/opt/vim-vsnip/autoload/vital/_vsnip.vim
214.459  002.531  001.438: sourcing /Users/mochi/.local/share/nvim/site/pack/jetpack/opt/vim-vsnip/autoload/vsnip/snippet.vim
214.975  000.287  000.287: sourcing /Users/mochi/.local/share/nvim/site/pack/jetpack/opt/vim-vsnip/autoload/vital/_vsnip/VS/LSP/TextEdit.vim
215.399  000.144  000.144: sourcing /Users/mochi/.local/share/nvim/site/pack/jetpack/opt/vim-vsnip/autoload/vital/_vsnip/VS/LSP/Text.vim
215.925  000.202  000.202: sourcing /Users/mochi/.local/share/nvim/site/pack/jetpack/opt/vim-vsnip/autoload/vital/_vsnip/VS/Vim/Buffer.vim
216.375  000.148  000.148: sourcing /Users/mochi/.local/share/nvim/site/pack/jetpack/opt/vim-vsnip/autoload/vital/_vsnip/VS/Vim/Option.vim
217.039  000.325  000.325: sourcing /Users/mochi/.local/share/nvim/site/pack/jetpack/opt/vim-vsnip/autoload/vital/_vsnip/VS/LSP/Diff.vim
217.376  005.837  002.199: sourcing /Users/mochi/.local/share/nvim/site/pack/jetpack/opt/vim-vsnip/autoload/vsnip/session.vim
217.697  006.503  000.666: sourcing /Users/mochi/.local/share/nvim/site/pack/jetpack/opt/vim-vsnip/autoload/vsnip.vim
218.249  007.487  000.985: sourcing /Users/mochi/.local/share/nvim/site/pack/jetpack/opt/vim-vsnip/plugin/vsnip.vim
219.244  000.416  000.416: sourcing /Users/mochi/.local/share/nvim/site/pack/jetpack/opt/nvim-lsp-installer/plugin/nvim-lsp-installer.vim
219.674  000.207  000.207: sourcing /Users/mochi/.local/share/nvim/site/pack/jetpack/opt/nvim-lspconfig/plugin/lspconfig.vim
221.118  001.234  001.234: sourcing /Users/mochi/.local/share/nvim/site/pack/jetpack/opt/fzf/plugin/fzf.vim
222.119  000.364  000.364: sourcing /usr/local/Cellar/neovim/0.7.0/share/nvim/runtime/plugin/gzip.vim
222.515  000.302  000.302: sourcing /usr/local/Cellar/neovim/0.7.0/share/nvim/runtime/plugin/health.vim
222.824  000.241  000.241: sourcing /usr/local/Cellar/neovim/0.7.0/share/nvim/runtime/plugin/man.vim
223.179  000.292  000.292: sourcing /usr/local/Cellar/neovim/0.7.0/share/nvim/runtime/plugin/matchit.vim
223.373  000.123  000.123: sourcing /usr/local/Cellar/neovim/0.7.0/share/nvim/runtime/plugin/matchparen.vim
223.557  000.119  000.119: sourcing /usr/local/Cellar/neovim/0.7.0/share/nvim/runtime/plugin/netrwPlugin.vim
223.737  000.115  000.115: sourcing /usr/local/Cellar/neovim/0.7.0/share/nvim/runtime/plugin/rplugin.vim
224.045  000.243  000.243: sourcing /usr/local/Cellar/neovim/0.7.0/share/nvim/runtime/plugin/shada.vim
224.358  000.241  000.241: sourcing /usr/local/Cellar/neovim/0.7.0/share/nvim/runtime/plugin/spellfile.vim
224.613  000.113  000.113: sourcing /usr/local/Cellar/neovim/0.7.0/share/nvim/runtime/plugin/tarPlugin.vim
224.862  000.129  000.129: sourcing /usr/local/Cellar/neovim/0.7.0/share/nvim/runtime/plugin/tohtml.vim
225.042  000.104  000.104: sourcing /usr/local/Cellar/neovim/0.7.0/share/nvim/runtime/plugin/tutor.vim
225.281  000.167  000.167: sourcing /usr/local/Cellar/neovim/0.7.0/share/nvim/runtime/plugin/zipPlugin.vim
228.319  001.165  001.165: sourcing /Users/mochi/.local/share/nvim/site/pack/jetpack/opt/nvim-cmp/plugin/cmp.lua
229.356  008.764: loading rtp plugins
229.537  000.181: loading packages
230.447  000.721  000.721: sourcing /Users/mochi/.local/share/nvim/site/pack/jetpack/opt/dracula/after/plugin/dracula.vim
231.452  000.797  000.797: sourcing /Users/mochi/.local/share/nvim/site/pack/jetpack/opt/cmp-vsnip/after/plugin/cmp_vsnip.vim
234.030  001.400  001.400: sourcing /Users/mochi/.local/share/nvim/site/pack/jetpack/opt/cmp-tabnine/after/plugin/cmp-tabnine.lua
234.989  000.747  000.747: sourcing /Users/mochi/.local/share/nvim/site/pack/jetpack/opt/cmp-nvim-lsp-document-symbol/after/plugin/cmp_nvim_lsp_document_symbol.lua
235.951  000.761  000.761: sourcing /Users/mochi/.local/share/nvim/site/pack/jetpack/opt/cmp-emoji/after/plugin/cmp_emoji.lua
237.133  000.981  000.981: sourcing /Users/mochi/.local/share/nvim/site/pack/jetpack/opt/cmp-nvim-lsp-signature-help/after/plugin/cmp_nvim_lsp_signature_help.lua
238.371  001.035  001.035: sourcing /Users/mochi/.local/share/nvim/site/pack/jetpack/opt/cmp-cmdline/after/plugin/cmp_cmdline.lua
239.550  000.980  000.980: sourcing /Users/mochi/.local/share/nvim/site/pack/jetpack/opt/cmp-path/after/plugin/cmp_path.lua
241.965  002.190  002.190: sourcing /Users/mochi/.local/share/nvim/site/pack/jetpack/opt/cmp-buffer/after/plugin/cmp_buffer.lua
242.351  000.185  000.185: sourcing /Users/mochi/.local/share/nvim/site/pack/jetpack/opt/cmp-nvim-lsp/after/plugin/cmp_nvim_lsp.lua
242.372  003.039: loading after plugins
242.382  000.011: inits 3
245.253  002.871: reading ShaDa
252.398  000.766  000.766: sourcing /usr/local/Cellar/neovim/0.7.0/share/nvim/runtime/syntax/lua.vim
252.921  003.307  002.542: sourcing /usr/local/Cellar/neovim/0.7.0/share/nvim/runtime/syntax/vim.vim
255.056  002.034  002.034: sourcing /usr/local/Cellar/neovim/0.7.0/share/nvim/runtime/syntax/vim/generated.vim
255.173  000.055  000.055: sourcing /Users/mochi/.local/share/nvim/site/pack/jetpack/opt/dracula/after/syntax/vim.vim
256.709  000.397  000.397: sourcing /usr/local/Cellar/neovim/0.7.0/share/nvim/runtime/ftplugin/vim.vim
258.743  000.050  000.050: sourcing /usr/local/Cellar/neovim/0.7.0/share/nvim/runtime/indent/vim.vim
279.246  028.149: opening buffers
345.067  065.821: BufEnter autocommands
345.071  000.004: editing files in windows
347.329  001.681  001.681: sourcing /Users/mochi/.local/share/nvim/site/pack/jetpack/opt/fzf-preview.vim/plugin/fzf_preview.vim
348.605  000.501  000.501: sourcing /Users/mochi/.local/share/nvim/site/pack/jetpack/opt/gina.vim/plugin/gina.vim
350.113  000.630  000.630: sourcing /Users/mochi/.local/share/nvim/site/pack/jetpack/opt/vim-auto-save/plugin/AutoSave.vim
353.448  000.977  000.977: sourcing /Users/mochi/.local/share/nvim/site/pack/jetpack/opt/vim-gitgutter/autoload/gitgutter/utility.vim
356.228  000.476  000.476: sourcing /Users/mochi/.local/share/nvim/site/pack/jetpack/opt/vim-gitgutter/autoload/gitgutter/highlight.vim
357.178  006.236  004.783: sourcing /Users/mochi/.local/share/nvim/site/pack/jetpack/opt/vim-gitgutter/plugin/gitgutter.vim
361.011  002.983  002.983: sourcing /Users/mochi/.local/share/nvim/site/pack/jetpack/opt/nvim-ts-autotag/plugin/nvim-ts-autotag.vim
374.588  001.239  001.239: sourcing /Users/mochi/.local/share/nvim/site/pack/jetpack/opt/denops.vim/autoload/denops/util.vim
374.948  002.019  000.780: sourcing /Users/mochi/.local/share/nvim/site/pack/jetpack/opt/denops.vim/autoload/denops/server.vim
375.418  000.279  000.279: sourcing /Users/mochi/.local/share/nvim/site/pack/jetpack/opt/denops.vim/autoload/denops/job.vim
391.857  032.458: VimEnter autocommands
391.860  000.003: UIEnter autocommands
392.830  000.590  000.590: sourcing /usr/local/Cellar/neovim/0.7.0/share/nvim/runtime/autoload/provider/clipboard.vim
392.848  000.398: before starting main loop
416.071  023.223: first screen update
416.074  000.003: --- NVIM STARTED ---
