

times in msec
 clock   self+sourced   self:  sourced script
 clock   elapsed:              other lines

000.008  000.008: --- NVIM STARTING ---
001.486  001.478: locale set
002.239  000.754: inits 1
002.296  000.057: window checked
007.692  005.396: parsing arguments
008.137  000.445: expanding arguments
008.269  000.132: inits 2
009.316  001.046: init highlight
009.318  000.003: waiting for UI
015.952  006.634: done waiting for UI
015.990  000.038: init screen for UI
016.019  000.030: init default mappings
016.305  000.285: init default autocommands
019.774  002.375  002.375: sourcing /Users/mochi/.local/share/nvim/site/autoload/plug.vim
025.819  000.097  000.097: sourcing /Users/mochi/.config/nvim/config/airline.vim
026.041  000.067  000.067: sourcing /usr/local/Cellar/neovim/0.6.1/share/nvim/runtime/ftoff.vim
037.178  006.325  006.325: sourcing /usr/local/Cellar/neovim/0.6.1/share/nvim/runtime/filetype.vim
037.415  000.036  000.036: sourcing /usr/local/Cellar/neovim/0.6.1/share/nvim/runtime/ftplugin.vim
037.676  000.024  000.024: sourcing /usr/local/Cellar/neovim/0.6.1/share/nvim/runtime/indent.vim
038.037  000.087  000.087: sourcing /usr/local/Cellar/neovim/0.6.1/share/nvim/runtime/syntax/synload.vim
038.185  000.394  000.308: sourcing /usr/local/Cellar/neovim/0.6.1/share/nvim/runtime/syntax/syntax.vim
040.013  000.106  000.106: sourcing /Users/mochi/.local/share/nvim/plugged/dracula/autoload/dracula.vim
044.369  005.899  005.793: sourcing /Users/mochi/.local/share/nvim/plugged/dracula/colors/dracula.vim
052.264  000.120  000.120: sourcing /Users/mochi/.config/nvim/config/fern.vim
052.347  000.011  000.011: sourcing /Users/mochi/.config/nvim/config/mini.vim
052.354  035.828  020.481: sourcing /Users/mochi/.config/nvim/init.vim
052.363  000.230: sourcing vimrc file(s)
054.412  001.201  001.201: sourcing /Users/mochi/.local/share/nvim/plugged/fzf/plugin/fzf.vim
055.652  000.237  000.237: sourcing /Users/mochi/.local/share/nvim/plugged/glyph-palette.vim/autoload/glyph_palette/defaults.vim
056.238  001.359  001.122: sourcing /Users/mochi/.local/share/nvim/plugged/glyph-palette.vim/plugin/glyph_palette.vim
056.656  000.141  000.141: sourcing /Users/mochi/.local/share/nvim/plugged/fern-hijack.vim/plugin/fern_hijack.vim
057.075  000.143  000.143: sourcing /Users/mochi/.local/share/nvim/plugged/vim-auto-save/plugin/AutoSave.vim
057.619  000.086  000.086: sourcing /Users/mochi/.local/share/nvim/plugged/denops.vim/autoload/denops.vim
057.772  000.377  000.291: sourcing /Users/mochi/.local/share/nvim/plugged/denops.vim/plugin/denops.vim
058.490  000.528  000.528: sourcing /Users/mochi/.local/share/nvim/plugged/vim-closetag/plugin/closetag.vim
059.845  001.081  001.081: sourcing /Users/mochi/.local/share/nvim/plugged/indent-blankline.nvim/plugin/indent_blankline.vim
060.905  000.283  000.283: sourcing /Users/mochi/.local/share/nvim/plugged/vim-gitgutter/autoload/gitgutter/utility.vim
061.590  000.141  000.141: sourcing /Users/mochi/.local/share/nvim/plugged/vim-gitgutter/autoload/gitgutter/highlight.vim
062.684  002.463  002.039: sourcing /Users/mochi/.local/share/nvim/plugged/vim-gitgutter/plugin/gitgutter.vim
063.312  000.125  000.125: sourcing /Users/mochi/.local/share/nvim/plugged/vim-startify/plugin/startify.vim
063.578  000.019  000.019: sourcing /Users/mochi/.local/share/nvim/plugged/which-key.nvim/plugin/which-key.vim
065.860  000.038  000.038: sourcing /Users/mochi/.local/share/nvim/plugged/vim-devicons/autoload/devicons/plugins/startify.vim
065.898  002.122  002.085: sourcing /Users/mochi/.local/share/nvim/plugged/vim-devicons/plugin/webdevicons.vim
067.360  000.080  000.080: sourcing /usr/local/Cellar/neovim/0.6.1/share/nvim/runtime/plugin/gzip.vim
067.503  000.026  000.026: sourcing /usr/local/Cellar/neovim/0.6.1/share/nvim/runtime/plugin/health.vim
067.596  000.020  000.020: sourcing /usr/local/Cellar/neovim/0.6.1/share/nvim/runtime/plugin/man.vim
067.674  000.021  000.021: sourcing /usr/local/Cellar/neovim/0.6.1/share/nvim/runtime/plugin/matchit.vim
067.743  000.018  000.018: sourcing /usr/local/Cellar/neovim/0.6.1/share/nvim/runtime/plugin/matchparen.vim
067.897  000.048  000.048: sourcing /usr/local/Cellar/neovim/0.6.1/share/nvim/runtime/plugin/netrwPlugin.vim
068.021  000.027  000.027: sourcing /usr/local/Cellar/neovim/0.6.1/share/nvim/runtime/plugin/rplugin.vim
068.119  000.043  000.043: sourcing /usr/local/Cellar/neovim/0.6.1/share/nvim/runtime/plugin/shada.vim
068.247  000.031  000.031: sourcing /usr/local/Cellar/neovim/0.6.1/share/nvim/runtime/plugin/spellfile.vim
068.345  000.025  000.025: sourcing /usr/local/Cellar/neovim/0.6.1/share/nvim/runtime/plugin/tarPlugin.vim
068.419  000.019  000.019: sourcing /usr/local/Cellar/neovim/0.6.1/share/nvim/runtime/plugin/tohtml.vim
068.507  000.026  000.026: sourcing /usr/local/Cellar/neovim/0.6.1/share/nvim/runtime/plugin/tutor.vim
068.590  000.023  000.023: sourcing /usr/local/Cellar/neovim/0.6.1/share/nvim/runtime/plugin/zipPlugin.vim
070.866  008.538: loading rtp plugins
071.036  000.170: loading packages
071.660  000.417  000.417: sourcing /Users/mochi/.local/share/nvim/plugged/dracula/after/plugin/dracula.vim
071.792  000.339: loading after plugins
071.806  000.013: inits 3
074.429  002.623: reading ShaDa
084.097  002.061  002.061: sourcing /usr/local/Cellar/neovim/0.6.1/share/nvim/runtime/syntax/lua.vim
084.766  006.209  004.149: sourcing /usr/local/Cellar/neovim/0.6.1/share/nvim/runtime/syntax/vim.vim
090.888  005.866  005.866: sourcing /usr/local/Cellar/neovim/0.6.1/share/nvim/runtime/syntax/vim/generated.vim
091.849  000.672  000.672: sourcing /Users/mochi/.local/share/nvim/plugged/dracula/after/syntax/vim.vim
099.438  012.261: opening buffers
100.330  000.227  000.227: sourcing /Users/mochi/.local/share/nvim/plugged/vim-gitgutter/autoload/gitgutter.vim
100.725  001.060: BufEnter autocommands
100.730  000.005: editing files in windows
115.997  000.128  000.128: sourcing /Users/mochi/.local/share/nvim/plugged/denops.vim/autoload/denops/util.vim
117.142  001.484  001.357: sourcing /Users/mochi/.local/share/nvim/plugged/denops.vim/autoload/denops/server.vim
117.742  000.173  000.173: sourcing /Users/mochi/.local/share/nvim/plugged/denops.vim/autoload/denops/job.vim
122.034  019.647: VimEnter autocommands
122.131  000.096: UIEnter autocommands
122.984  000.576  000.576: sourcing /usr/local/Cellar/neovim/0.6.1/share/nvim/runtime/autoload/provider/clipboard.vim
123.003  000.297: before starting main loop
160.224  037.221: first screen update
160.228  000.004: --- NVIM STARTED ---
