

times in msec
 clock   self+sourced   self:  sourced script
 clock   elapsed:              other lines

000.007  000.007: --- NVIM STARTING ---
000.139  000.132: event init
000.289  000.149: early init
000.997  000.709: locale set
001.080  000.083: init first window
001.816  000.735: inits 1
002.504  000.689: window checked
002.724  000.220: parsing arguments
003.280  000.080  000.080: require('vim.shared')
003.428  000.073  000.073: require('vim._meta')
003.431  000.147  000.074: require('vim._editor')
003.433  000.267  000.040: require('vim._init_packages')
003.435  000.444: init lua interpreter
005.358  001.923: expanding arguments
005.569  000.211: inits 2
006.036  000.467: init highlight
006.038  000.002: waiting for UI
011.011  004.972: done waiting for UI
011.262  000.251: init screen for UI
011.336  000.074: init default mappings
011.376  000.040: init default autocommands
013.875  000.528  000.528: sourcing /usr/local/share/nvim/runtime/ftplugin.vim
014.663  000.408  000.408: sourcing /usr/local/share/nvim/runtime/indent.vim
018.697  000.462  000.462: sourcing /usr/local/share/nvim/runtime/syntax/synload.vim
020.046  000.925  000.925: sourcing /usr/local/share/nvim/runtime/filetype.lua
020.510  000.401  000.401: sourcing /usr/local/share/nvim/runtime/filetype.vim
021.714  000.893  000.893: require('vim.filetype')
023.750  000.111  000.111: sourcing /usr/local/share/nvim/runtime/ftplugin/lua.vim
026.318  000.078  000.078: sourcing /usr/local/share/nvim/runtime/indent/lua.vim
028.278  001.099  001.099: sourcing /usr/local/share/nvim/runtime/syntax/lua.vim
029.119  000.480  000.480: sourcing /Users/mochi/.local/share/nvim/site/pack/packer/start/dracula/autoload/dracula.vim
029.161  000.668  000.188: sourcing /Users/mochi/.local/share/nvim/site/pack/packer/start/dracula/after/syntax/lua.vim
029.979  012.505  007.869: sourcing /usr/local/share/nvim/runtime/syntax/syntax.vim
030.223  015.186  002.680: require('config/options')
034.806  000.569  000.569: require('packer.util')
034.851  003.605  003.036: require('packer')
035.678  000.824  000.824: require('packer.log')
037.099  000.574  000.574: require('packer.async')
038.183  000.311  000.311: require('packer.result')
038.187  001.085  000.774: require('packer.jobs')
038.192  002.442  000.783: require('packer.plugin_utils')
038.691  000.480  000.480: require('packer.snapshot')
038.924  008.698  001.348: require('config/plugins')
044.938  005.755  005.755: sourcing /Users/mochi/.local/share/nvim/site/pack/packer/start/dracula/colors/dracula.vim
045.099  030.192  000.554: sourcing /Users/mochi/.config/nvim/init.lua
045.124  002.621: sourcing vimrc file(s)
047.754  000.327  000.327: sourcing /usr/local/share/nvim/runtime/plugin/gzip.vim
048.075  000.256  000.256: sourcing /usr/local/share/nvim/runtime/plugin/health.vim
048.255  000.121  000.121: sourcing /usr/local/share/nvim/runtime/plugin/man.vim
048.471  000.131  000.131: sourcing /usr/local/share/nvim/runtime/plugin/matchit.vim
048.858  000.326  000.326: sourcing /usr/local/share/nvim/runtime/plugin/matchparen.vim
049.334  000.329  000.329: sourcing /usr/local/share/nvim/runtime/plugin/netrwPlugin.vim
049.543  000.132  000.132: sourcing /usr/local/share/nvim/runtime/plugin/rplugin.vim
049.746  000.141  000.141: sourcing /usr/local/share/nvim/runtime/plugin/shada.vim
049.947  000.127  000.127: sourcing /usr/local/share/nvim/runtime/plugin/spellfile.vim
050.133  000.134  000.134: sourcing /usr/local/share/nvim/runtime/plugin/tarPlugin.vim
050.322  000.139  000.139: sourcing /usr/local/share/nvim/runtime/plugin/tohtml.vim
050.481  000.098  000.098: sourcing /usr/local/share/nvim/runtime/plugin/tutor.vim
050.637  000.106  000.106: sourcing /usr/local/share/nvim/runtime/plugin/zipPlugin.vim
056.013  000.511  000.511: require('auto-session-library')
056.101  001.727  001.216: require('auto-session')
056.109  004.327  002.600: require('plugconfig/auto_session')
056.463  000.242  000.242: require('cmp_tabnine.config')
056.480  000.368  000.125: require('plugconfig/cmp-tabnine')
057.786  000.462  000.462: require('telescope._extensions')
057.829  001.249  000.787: require('telescope')
060.883  000.275  000.275: require('plenary.bit')
061.062  000.176  000.176: require('plenary.functional')
061.096  000.022  000.022: require('ffi')
061.113  001.079  000.606: require('plenary.path')
061.118  001.337  000.258: require('plenary.strings')
061.379  000.260  000.260: require('telescope.deprecated')
063.053  000.388  000.388: require('plenary.log')
063.117  000.743  000.355: require('telescope.log')
064.208  000.424  000.424: require('plenary.job')
064.479  000.269  000.269: require('telescope.state')
064.485  001.366  000.672: require('telescope.utils')
064.492  003.110  001.001: require('telescope.sorters')
064.544  000.042  000.042: require('vim.inspect')
064.674  000.008  000.008: require('vim.F')
066.305  007.058  002.301: require('telescope.config')
067.119  000.345  000.345: require('plenary.window.border')
067.264  000.142  000.142: require('plenary.window')
067.407  000.141  000.141: require('plenary.popup.utils')
067.412  001.102  000.473: require('plenary.popup')
067.761  000.347  000.347: require('telescope.pickers.scroller')
068.269  000.505  000.505: require('telescope.actions.state')
068.816  000.544  000.544: require('telescope.actions.utils')
069.681  000.424  000.424: require('telescope.actions.mt')
069.700  000.882  000.458: require('telescope.actions.set')
070.883  000.472  000.472: require('telescope.config.resolve')
070.887  001.185  000.712: require('telescope.pickers.entry_display')
071.138  000.250  000.250: require('telescope.from_entry')
071.497  013.666  001.794: require('telescope.actions')
072.987  016.504  001.589: require('plugconfig/telescope')
073.647  000.560  000.560: require('mini.surround')
074.136  000.285  000.285: require('mini.comment')
074.542  000.206  000.206: require('mini.cursorword')
074.823  000.181  000.181: require('mini.trailspace')
074.882  001.891  000.659: require('plugconfig/mini')
077.389  000.778  000.778: require('indent_blankline/utils')
077.394  001.753  000.975: require('indent_blankline')
077.442  002.556  000.803: require('plugconfig/indent_blankline')
079.803  001.064  001.064: require('pears.utils')
080.127  000.318  000.318: require('pears.edit')
080.679  000.533  000.533: require('pears.rule')
080.960  000.277  000.277: require('pears.parser')
080.964  002.670  000.478: require('pears.config')
081.187  000.221  000.221: require('pears.common')
081.458  000.269  000.269: require('pears.pear_tree')
082.647  000.293  000.293: require('pears.marked_range')
082.652  000.609  000.316: require('pears.pair_context')
084.445  000.346  000.346: require('vim.treesitter.language')
084.457  001.283  000.937: require('vim.treesitter.query')
085.098  000.638  000.638: require('vim.treesitter.languagetree')
085.140  002.487  000.566: require('vim.treesitter')
085.146  003.686  000.590: require('pears.input')
085.491  000.343  000.343: require('pears.lang')
086.583  000.338  000.338: require('pears.pointer')
086.587  001.093  000.755: require('pears.buffer')
086.883  000.295  000.295: require('pears.ui')
087.273  009.748  001.172: require('pears')
087.507  010.062  000.314: require('plugconfig/pears')
090.885  000.244  000.244: require('nvim-lsp-installer.core.functional.data')
091.165  000.277  000.277: require('nvim-lsp-installer.core.functional.function')
091.478  000.310  000.310: require('nvim-lsp-installer.core.functional.list')
091.873  000.390  000.390: require('nvim-lsp-installer.core.functional.relation')
092.090  000.214  000.214: require('nvim-lsp-installer.core.functional.logic')
092.300  000.205  000.205: require('nvim-lsp-installer.core.functional.number')
092.602  000.300  000.300: require('nvim-lsp-installer.core.functional.string')
092.798  000.193  000.193: require('nvim-lsp-installer.core.functional.table')
092.998  000.198  000.198: require('nvim-lsp-installer.core.functional.type')
093.000  002.643  000.311: require('nvim-lsp-installer.core.functional')
093.371  000.369  000.369: require('nvim-lsp-installer.core.path')
093.882  000.508  000.508: require('nvim-lsp-installer.settings')
095.007  000.412  000.412: require('nvim-lsp-installer.core.result')
095.045  001.129  000.717: require('nvim-lsp-installer.core.platform')
095.060  005.416  000.768: require('nvim-lsp-installer.log')
095.481  000.419  000.419: require('nvim-lsp-installer.core.async')
095.704  000.220  000.220: require('nvim-lsp-installer.core.async.uv')
095.712  006.902  000.846: require('nvim-lsp-installer.core.fs')
096.103  000.389  000.389: require('nvim-lsp-installer.notify')
096.314  000.209  000.209: require('nvim-lsp-installer.dispatcher')
096.854  000.538  000.538: require('nvim-lsp-installer.core.process')
098.711  000.458  000.458: require('nvim-lsp-installer.core.ui')
099.729  000.243  000.243: require('nvim-lsp-installer.core.ui.state')
099.732  001.019  000.776: require('nvim-lsp-installer.core.ui.display')
100.525  000.791  000.791: require('nvim-lsp-installer.servers')
100.779  000.250  000.250: require('nvim-lsp-installer.jobs.pool')
101.398  000.239  000.239: require('nvim-lsp-installer.jobs.outdated-servers.version-check-result')
102.477  000.432  000.432: require('nvim-lsp-installer.core.spawn')
102.729  000.249  000.249: require('nvim-lsp-installer.core.optional')
103.173  000.441  000.441: require('nvim-lsp-installer.core.installer')
103.178  001.777  000.655: require('nvim-lsp-installer.core.managers.npm')
103.587  000.408  000.408: require('nvim-lsp-installer.core.managers.pip3')
103.925  000.336  000.336: require('nvim-lsp-installer.core.managers.git')
104.392  000.463  000.463: require('nvim-lsp-installer.core.managers.gem')
104.775  000.380  000.380: require('nvim-lsp-installer.core.managers.go')
106.302  000.287  000.287: require('nvim-lsp-installer.core.managers.powershell')
106.307  000.622  000.335: require('nvim-lsp-installer.core.fetch')
106.309  001.042  000.420: require('nvim-lsp-installer.core.managers.cargo.client')
106.314  001.537  000.495: require('nvim-lsp-installer.core.managers.cargo')
107.295  000.482  000.482: require('nvim-lsp-installer.core.managers.std')
107.648  000.351  000.351: require('nvim-lsp-installer.core.managers.github.client')
107.658  001.342  000.510: require('nvim-lsp-installer.core.managers.github')
107.947  000.288  000.288: require('nvim-lsp-installer.core.managers.composer')
108.379  000.209  000.209: require('nvim-lsp-installer.core.clients.eclipse')
108.382  000.433  000.223: require('nvim-lsp-installer.jobs.outdated-servers.jdtls')
108.782  000.398  000.398: require('nvim-lsp-installer.core.managers.luarocks')
108.787  008.006  000.404: require('nvim-lsp-installer.jobs.outdated-servers')
109.052  000.263  000.263: require('nvim-lsp-installer.jobs.version-check')
109.457  000.403  000.403: require('nvim-lsp-installer.ui.server_hints')
109.879  000.420  000.420: require('nvim-lsp-installer.ui.components.settings-schema')
109.886  013.029  001.419: require('nvim-lsp-installer.ui')
110.151  000.262  000.262: require('nvim-lsp-installer._generated.language_autocomplete_map')
110.621  000.468  000.468: require('nvim-lsp-installer._generated.filetype_map')
110.629  022.915  001.119: require('nvim-lsp-installer')
116.417  000.902  000.902: require('vim.lsp.log')
117.573  001.153  001.153: require('vim.lsp.protocol')
120.759  001.230  001.230: require('vim.lsp._snippet')
121.469  000.706  000.706: require('vim.highlight')
121.484  003.908  001.971: require('vim.lsp.util')
121.493  006.988  001.026: require('vim.lsp.handlers')
122.140  000.645  000.645: require('vim.lsp.rpc')
122.949  000.806  000.806: require('vim.lsp.sync')
123.683  000.731  000.731: require('vim.lsp.buf')
124.117  000.431  000.431: require('vim.lsp.diagnostic')
124.589  000.468  000.468: require('vim.lsp.codelens')
124.709  011.922  001.852: require('vim.lsp')
124.777  012.954  001.032: require('lspconfig.util')
124.780  013.639  000.686: require('lspconfig.configs')
124.784  014.153  000.513: require('lspconfig')
126.562  000.421  000.421: require('cmp.utils.debug')
127.535  000.490  000.490: require('cmp.utils.char')
127.542  000.977  000.487: require('cmp.utils.str')
127.950  000.407  000.407: require('cmp.utils.pattern')
129.490  000.405  000.405: require('cmp.utils.misc')
129.837  000.343  000.343: require('cmp.utils.buffer')
130.251  000.412  000.412: require('cmp.utils.api')
130.258  001.856  000.695: require('cmp.utils.keymap')
130.262  002.281  000.425: require('cmp.utils.feedkeys')
130.525  000.261  000.261: require('cmp.utils.async')
131.735  000.433  000.433: require('cmp.types.cmp')
132.125  000.387  000.387: require('cmp.types.lsp')
132.341  000.213  000.213: require('cmp.types.vim')
132.343  001.395  000.362: require('cmp.types')
132.565  000.220  000.220: require('cmp.utils.cache')
132.569  002.042  000.427: require('cmp.context')
134.071  000.288  000.288: require('cmp.config.mapping')
134.755  000.421  000.421: require('cmp.config.compare')
134.758  000.683  000.262: require('cmp.config.default')
134.770  001.738  000.767: require('cmp.config')
135.742  000.404  000.404: require('cmp.matcher')
135.748  000.976  000.572: require('cmp.entry')
135.753  003.183  000.469: require('cmp.source')
136.381  000.227  000.227: require('cmp.utils.event')
137.132  000.464  000.464: require('cmp.utils.window')
137.137  000.753  000.289: require('cmp.view.docs_view')
137.968  000.255  000.255: require('cmp.utils.autocmd')
137.979  000.841  000.585: require('cmp.view.custom_entries_view')
138.703  000.722  000.722: require('cmp.view.wildmenu_entries_view')
139.259  000.554  000.554: require('cmp.view.native_entries_view')
139.526  000.264  000.264: require('cmp.view.ghost_text_view')
139.535  003.780  000.420: require('cmp.view')
139.688  014.151  000.799: require('cmp.core')
140.052  000.226  000.226: require('cmp.config.sources')
140.270  000.214  000.214: require('cmp.config.window')
140.330  015.545  000.953: require('cmp')
141.058  000.725  000.725: require('lspkind')
141.830  000.007  000.007: require('vim.keymap')
143.330  001.497  001.497: require('vim.diagnostic')
143.918  000.463  000.463: require('nvim-lsp-installer.middleware')
146.061  000.355  000.355: require('nvim-lsp-installer.core.receipt')
146.068  000.758  000.403: require('nvim-lsp-installer.core.installer.context')
146.074  001.423  000.664: require('nvim-lsp-installer.server')
146.076  001.831  000.408: require('nvim-lsp-installer.servers.svelte')
146.480  000.394  000.394: require('nvim-lsp-installer.servers.cmake')
146.877  000.389  000.389: require('nvim-lsp-installer.servers.yamlls')
147.544  000.421  000.421: require('nvim-lsp-installer.servers.vscode-langservers-extracted')
147.547  000.633  000.212: require('nvim-lsp-installer.servers.html')
147.936  000.378  000.378: require('nvim-lsp-installer.servers.ccls')
148.317  000.373  000.373: require('nvim-lsp-installer.servers.clangd')
148.585  000.260  000.260: require('nvim-lsp-installer.servers.clojure_lsp')
148.846  000.253  000.253: require('nvim-lsp-installer.servers.codeqlls')
149.305  000.451  000.451: require('nvim-lsp-installer.servers.crystalline')
149.726  000.412  000.412: require('nvim-lsp-installer.servers.cssls')
149.985  000.241  000.241: require('nvim-lsp-installer.servers.dartls')
150.209  000.216  000.216: require('nvim-lsp-installer.servers.emmet_ls')
150.461  000.241  000.241: require('nvim-lsp-installer.servers.golangci_lint_ls')
150.871  000.401  000.401: require('nvim-lsp-installer.servers.jsonls')
151.230  000.349  000.349: require('nvim-lsp-installer.servers.prismals')
151.653  000.415  000.415: require('nvim-lsp-installer.servers.prosemd_lsp')
151.927  000.266  000.266: require('nvim-lsp-installer.servers.pylsp')
152.160  000.222  000.222: require('nvim-lsp-installer.servers.bashls')
152.382  000.215  000.215: require('nvim-lsp-installer.servers.gopls')
152.632  000.221  000.221: require('nvim-lsp-installer.servers.sourcekit')
153.029  000.392  000.392: require('nvim-lsp-installer.servers.tailwindcss')
153.426  000.390  000.390: require('nvim-lsp-installer.servers.vimls')
153.801  000.365  000.365: require('nvim-lsp-installer.servers.taplo')
154.221  000.411  000.411: require('nvim-lsp-installer.servers.volar')
154.608  000.379  000.379: require('nvim-lsp-installer.servers.tsserver')
155.025  000.376  000.376: require('nvim-lsp-installer.servers.sumneko_lua')
155.273  000.241  000.241: require('nvim-lsp-installer.servers.denols')
155.531  000.251  000.251: require('nvim-lsp-installer.servers.rust_analyzer')
156.020  000.445  000.445: require('lspconfig.server_configurations.tsserver')
156.667  000.437  000.437: require('lspconfig.server_configurations.svelte')
157.311  000.430  000.430: require('lspconfig.server_configurations.cmake')
157.931  000.440  000.440: require('lspconfig.server_configurations.yamlls')
158.580  000.441  000.441: require('lspconfig.server_configurations.html')
159.248  000.457  000.457: require('lspconfig.server_configurations.ccls')
159.874  000.428  000.428: require('lspconfig.server_configurations.clangd')
160.368  000.242  000.242: require('lspconfig.server_configurations.clojure_lsp')
160.740  000.259  000.259: require('lspconfig.server_configurations.codeqlls')
161.073  000.230  000.230: require('lspconfig.server_configurations.crystalline')
161.404  000.242  000.242: require('lspconfig.server_configurations.cssls')
161.754  000.233  000.233: require('lspconfig.server_configurations.dartls')
162.330  000.452  000.452: require('lspconfig.server_configurations.emmet_ls')
162.866  000.445  000.445: require('lspconfig.server_configurations.golangci_lint_ls')
163.361  000.417  000.417: require('lspconfig.server_configurations.jsonls')
163.894  000.409  000.409: require('lspconfig.server_configurations.prismals')
164.331  000.359  000.359: require('lspconfig.server_configurations.prosemd_lsp')
164.637  000.230  000.230: require('lspconfig.server_configurations.pylsp')
164.983  000.249  000.249: require('lspconfig.server_configurations.bashls')
165.463  000.361  000.361: require('lspconfig.server_configurations.gopls')
165.989  000.428  000.428: require('lspconfig.server_configurations.sourcekit')
166.622  000.501  000.501: require('lspconfig.server_configurations.tailwindcss')
167.298  000.436  000.436: require('lspconfig.server_configurations.vimls')
167.627  000.231  000.231: require('lspconfig.server_configurations.taplo')
168.252  000.556  000.556: require('lspconfig.server_configurations.volar')
168.668  000.255  000.255: require('lspconfig.server_configurations.sumneko_lua')
168.999  000.300  000.300: require('lspconfig.server_configurations.denols')
169.442  000.330  000.330: require('lspconfig.server_configurations.rust_analyzer')
169.494  081.981  005.471: require('plugconfig/nvim_cmp')
169.648  000.150  000.150: require('plugconfig/lspkind')
169.732  000.080  000.080: require('plugconfig/vimdoc_ja')
169.824  000.089  000.089: require('plugconfig/vsnip')
171.563  000.236  000.236: require('diffview.lazy')
171.991  000.425  000.425: require('diffview.oop')
172.002  001.336  000.676: require('diffview.events')
172.520  000.516  000.516: require('diffview.actions')
172.541  002.575  000.723: require('diffview.config')
173.455  000.378  000.378: require('diffview.bootstrap')
173.848  000.391  000.391: require('diffview.colors')
175.500  001.101  001.101: require('diffview.utils')
175.515  001.658  000.557: require('diffview.arg_parser')
175.889  003.346  000.918: require('diffview')
177.098  000.392  000.392: require('neogit.config')
178.935  000.318  000.318: require('neogit.lib.notification')
179.360  000.422  000.422: require('neogit.logger')
180.300  000.171  000.171: require('plenary.tbl')
180.304  000.386  000.216: require('plenary.vararg.rotate')
180.306  000.532  000.145: require('plenary.vararg')
180.464  000.157  000.157: require('plenary.errors')
180.469  000.915  000.227: require('plenary.async.async')
181.332  000.194  000.194: require('plenary.async.structs')
181.342  000.469  000.275: require('plenary.async.control')
181.347  000.717  000.248: require('plenary.async.util')
181.349  000.879  000.162: require('plenary.async.tests')
181.352  001.989  000.195: require('plenary.async')
181.843  000.489  000.489: require('neogit.process')
182.529  000.383  000.383: require('neogit.lib.util')
182.542  000.697  000.314: require('neogit.lib.job')
182.642  005.001  001.086: require('neogit.lib.git.cli')
183.497  000.340  000.340: require('neogit.lib.git.stash')
183.782  000.282  000.282: require('neogit.lib.collection')
183.787  001.142  000.520: require('neogit.lib.git.status')
184.078  000.290  000.290: require('neogit.lib.git.log')
184.693  000.293  000.293: require('neogit.lib.input')
184.701  000.620  000.327: require('neogit.lib.git.branch')
185.845  000.630  000.630: require('neogit.lib.md5')
185.849  001.146  000.516: require('neogit.lib.git.diff')
185.850  008.555  000.357: require('neogit.lib.git')
186.671  000.291  000.291: require('neogit.lib.popup.builder')
187.536  000.251  000.251: require('neogit.lib.mappings_manager')
188.351  000.291  000.291: require('neogit.lib.ui.component')
188.364  000.826  000.534: require('neogit.lib.ui')
188.376  001.702  000.625: require('neogit.lib.buffer')
188.711  000.333  000.333: require('neogit.buffers.common')
189.273  000.555  000.555: require('neogit.lib.popup.lib')
189.277  003.425  000.542: require('neogit.lib.popup')
189.279  012.178  000.198: require('neogit.lib')
189.504  000.224  000.224: require('neogit.lib.signs')
190.481  000.557  000.557: require('neogit.lib.color')
190.486  000.979  000.423: require('neogit.lib.hl')
191.776  000.268  000.268: require('neogit.buffers.git_command_history')
192.388  000.294  000.294: require('neogit.buffers.commit_view.parsing')
192.728  000.337  000.337: require('neogit.buffers.commit_view.ui')
192.731  000.953  000.322: require('neogit.buffers.commit_view')
193.221  000.244  000.244: require('neogit.lib.git.pull')
193.462  000.238  000.238: require('neogit.lib.git.push')
193.466  000.732  000.250: require('neogit.lib.git.repository')
193.703  000.235  000.235: require('neogit.lib.functional')
193.941  000.235  000.235: require('neogit.lib.line_buffer')
194.152  000.209  000.209: require('neogit.lib.fs')
194.209  003.721  001.089: require('neogit.status')
195.093  000.220  000.220: require('neogit.lib.uv')
195.099  000.671  000.451: require('neogit.popups.commit')
196.063  000.255  000.255: require('neogit.buffers.log_view.ui')
196.066  000.541  000.286: require('neogit.buffers.log_view')
196.068  000.968  000.426: require('neogit.popups.log')
196.350  000.280  000.280: require('neogit.popups.push')
196.612  000.258  000.258: require('neogit.popups.pull')
196.857  000.243  000.243: require('neogit.popups.stash')
197.106  000.246  000.246: require('neogit.popups.help')
197.109  002.897  000.230: require('neogit.popups')
197.356  021.127  000.735: require('neogit')
197.688  027.860  000.812: require('plugconfig/neogit')
198.925  000.319  000.319: require('telescope._extensions.session-lens.session-lens-library')
199.196  000.268  000.268: require('telescope._extensions.session-lens.session-lens-actions')
199.536  000.335  000.335: require('telescope.themes')
199.539  001.396  000.474: require('telescope._extensions.session-lens.main')
199.541  001.847  000.451: require('session-lens')
201.828  000.353  000.353: require('null-ls.methods')
201.858  001.406  001.052: require('null-ls.utils')
202.023  002.075  000.669: require('null-ls.config')
202.500  000.243  000.243: require('null-ls.helpers.cache')
202.960  000.457  000.457: require('null-ls.helpers.diagnostics')
203.196  000.233  000.233: require('null-ls.helpers.formatter_factory')
204.036  000.257  000.257: require('null-ls.logger')
204.334  000.296  000.296: require('null-ls.state')
204.339  001.140  000.588: require('null-ls.helpers.generator_factory')
204.932  000.305  000.305: require('null-ls.helpers.command_resolver')
204.935  000.595  000.290: require('null-ls.helpers.make_builtin')
205.237  000.300  000.300: require('null-ls.helpers.range_formatting_args_factory')
205.241  003.215  000.246: require('null-ls.helpers')
206.383  000.586  000.586: require('null-ls.diagnostics')
206.391  001.148  000.561: require('null-ls.sources')
206.794  000.398  000.398: require('null-ls.builtins')
207.265  000.467  000.467: require('null-ls.info')
207.268  007.588  000.286: require('null-ls')
207.563  000.282  000.282: require('null-ls.builtins.formatting.stylua')
208.156  000.555  000.555: require('null-ls.builtins.formatting.black')
208.779  000.593  000.593: require('null-ls.builtins.formatting.deno_fmt')
209.349  000.521  000.521: require('null-ls.builtins.formatting.prettier')
209.875  000.497  000.497: require('null-ls.builtins.formatting.rustfmt')
210.401  000.522  000.522: require('null-ls.builtins.diagnostics.golangci_lint')
210.983  000.579  000.579: require('null-ls.builtins.diagnostics.eslint')
211.274  000.286  000.286: require('null-ls.builtins.formatting.shfmt')
211.576  000.299  000.299: require('null-ls.builtins.diagnostics.shellcheck')
212.044  000.458  000.458: require('null-ls.builtins.formatting.clang_format')
212.509  000.461  000.461: require('null-ls.builtins.formatting.markdownlint')
212.811  000.299  000.299: require('null-ls.builtins.code_actions.gitsigns')
213.274  000.459  000.459: require('null-ls.builtins.formatting.gofmt')
215.234  000.604  000.604: require('null-ls.client')
215.296  015.752  001.748: require('plugconfig/null_ls')
215.377  164.502  001.034: sourcing /Users/mochi/.config/nvim/plugin/packer_compiled.lua
215.997  004.003: loading rtp plugins
217.227  000.489  000.489: sourcing /Users/mochi/.local/share/nvim/site/pack/packer/start/auto-session/plugin/auto-session.vim
218.702  000.138  000.138: sourcing /Users/mochi/.local/share/nvim/site/pack/packer/start/diffview.nvim/plugin/diffview.lua
219.762  000.269  000.269: require('indent_blankline.commands')
219.853  000.865  000.596: sourcing /Users/mochi/.local/share/nvim/site/pack/packer/start/indent-blankline.nvim/plugin/indent_blankline.vim
221.515  000.302  000.302: require('plenary.reload')
221.706  000.813  000.511: require('plenary')
221.708  001.070  000.256: require('neogit.bootstrap')
221.787  001.474  000.405: sourcing /Users/mochi/.local/share/nvim/site/pack/packer/start/neogit/plugin/neogit.vim
222.702  000.243  000.243: require('cmp.utils.highlight')
223.151  000.786  000.542: sourcing /Users/mochi/.local/share/nvim/site/pack/packer/start/nvim-cmp/plugin/cmp.lua
223.787  000.421  000.421: sourcing /Users/mochi/.local/share/nvim/site/pack/packer/start/nvim-lsp-installer/plugin/nvim-lsp-installer.vim
224.285  000.188  000.188: sourcing /Users/mochi/.local/share/nvim/site/pack/packer/start/nvim-lspconfig/plugin/lspconfig.vim
224.880  000.110  000.110: sourcing /Users/mochi/.local/share/nvim/site/pack/packer/start/pears.nvim/plugin/pears.vim
225.369  000.156  000.156: sourcing /Users/mochi/.local/share/nvim/site/pack/packer/start/plenary.nvim/plugin/plenary.vim
226.168  000.425  000.425: sourcing /Users/mochi/.local/share/nvim/site/pack/packer/start/registers.nvim/plugin/registers.vim
226.630  000.146  000.146: sourcing /Users/mochi/.local/share/nvim/site/pack/packer/start/session-lens/plugin/session-lens.vim
227.642  000.584  000.584: sourcing /Users/mochi/.local/share/nvim/site/pack/packer/start/telescope.nvim/plugin/telescope.lua
231.132  003.271  003.271: sourcing /Users/mochi/.local/share/nvim/site/pack/packer/start/vim-devicons/plugin/webdevicons.vim
231.920  000.460  000.460: sourcing /Users/mochi/.local/share/nvim/site/pack/packer/start/vim-highlightedyank/plugin/highlightedyank.vim
234.990  000.820  000.820: sourcing /Users/mochi/.local/share/nvim/site/pack/packer/start/vim-vsnip/autoload/vital/vsnip.vim
235.772  000.222  000.222: sourcing /Users/mochi/.local/share/nvim/site/pack/packer/start/vim-vsnip/autoload/vital/_vsnip/VS/LSP/Position.vim
236.128  000.130  000.130: sourcing /Users/mochi/.local/share/nvim/site/pack/packer/start/vim-vsnip/autoload/vital/_vsnip.vim
236.658  002.892  001.719: sourcing /Users/mochi/.local/share/nvim/site/pack/packer/start/vim-vsnip/autoload/vsnip/snippet.vim
237.288  000.338  000.338: sourcing /Users/mochi/.local/share/nvim/site/pack/packer/start/vim-vsnip/autoload/vital/_vsnip/VS/LSP/TextEdit.vim
237.892  000.153  000.153: sourcing /Users/mochi/.local/share/nvim/site/pack/packer/start/vim-vsnip/autoload/vital/_vsnip/VS/LSP/Text.vim
238.547  000.250  000.250: sourcing /Users/mochi/.local/share/nvim/site/pack/packer/start/vim-vsnip/autoload/vital/_vsnip/VS/Vim/Buffer.vim
239.258  000.166  000.166: sourcing /Users/mochi/.local/share/nvim/site/pack/packer/start/vim-vsnip/autoload/vital/_vsnip/VS/Vim/Option.vim
240.098  000.340  000.340: sourcing /Users/mochi/.local/share/nvim/site/pack/packer/start/vim-vsnip/autoload/vital/_vsnip/VS/LSP/Diff.vim
240.461  007.318  003.180: sourcing /Users/mochi/.local/share/nvim/site/pack/packer/start/vim-vsnip/autoload/vsnip/session.vim
240.830  008.213  000.894: sourcing /Users/mochi/.local/share/nvim/site/pack/packer/start/vim-vsnip/autoload/vsnip.vim
241.326  009.063  000.850: sourcing /Users/mochi/.local/share/nvim/site/pack/packer/start/vim-vsnip/plugin/vsnip.vim
241.971  000.323  000.323: sourcing /Users/mochi/.local/share/nvim/site/pack/packer/start/vim-vsnip-integ/plugin/vsnip_integ.vim
242.311  007.415: loading packages
244.031  000.357  000.357: require('cmp_vsnip')
244.066  000.697  000.340: sourcing /Users/mochi/.local/share/nvim/site/pack/packer/start/cmp-vsnip/after/plugin/cmp_vsnip.vim
245.205  000.968  000.968: sourcing /Users/mochi/.local/share/nvim/site/pack/packer/start/dracula/after/plugin/dracula.vim
246.217  000.317  000.317: sourcing /Users/mochi/.local/share/nvim/site/pack/packer/start/vim-vsnip-integ/autoload/vsnip_integ/integration.vim
246.662  000.230  000.230: sourcing /Users/mochi/.local/share/nvim/site/pack/packer/start/vim-vsnip-integ/autoload/vsnip_integ/detection.vim
248.228  002.848  002.302: sourcing /Users/mochi/.local/share/nvim/site/pack/packer/start/vim-vsnip-integ/after/plugin/vsnip_integ.vim
250.259  000.344  000.344: require('cmp_buffer.timer')
250.265  000.826  000.482: require('cmp_buffer.buffer')
250.267  001.222  000.396: require('cmp_buffer.source')
250.270  001.629  000.407: require('cmp_buffer')
250.294  001.705  000.077: sourcing /Users/mochi/.local/share/nvim/site/pack/packer/start/cmp-buffer/after/plugin/cmp_buffer.lua
251.256  000.729  000.729: require('cmp_cmdline')
251.272  000.795  000.066: sourcing /Users/mochi/.local/share/nvim/site/pack/packer/start/cmp-cmdline/after/plugin/cmp_cmdline.lua
251.875  000.396  000.396: require('cmp_emoji')
251.892  000.453  000.057: sourcing /Users/mochi/.local/share/nvim/site/pack/packer/start/cmp-emoji/after/plugin/cmp_emoji.lua
252.575  000.247  000.247: require('cmp_nvim_lsp.source')
252.579  000.483  000.236: require('cmp_nvim_lsp')
252.614  000.558  000.075: sourcing /Users/mochi/.local/share/nvim/site/pack/packer/start/cmp-nvim-lsp/after/plugin/cmp_nvim_lsp.lua
253.255  000.420  000.420: require('cmp_nvim_lsp_document_symbol')
253.272  000.480  000.059: sourcing /Users/mochi/.local/share/nvim/site/pack/packer/start/cmp-nvim-lsp-document-symbol/after/plugin/cmp_nvim_lsp_document_symbol.lua
253.892  000.410  000.410: require('cmp_nvim_lsp_signature_help')
253.938  000.498  000.088: sourcing /Users/mochi/.local/share/nvim/site/pack/packer/start/cmp-nvim-lsp-signature-help/after/plugin/cmp_nvim_lsp_signature_help.lua
254.821  000.557  000.557: require('cmp_nvim_lua')
254.870  000.709  000.153: sourcing /Users/mochi/.local/share/nvim/site/pack/packer/start/cmp-nvim-lua/after/plugin/cmp_nvim_lua.lua
255.987  000.867  000.867: require('cmp_path')
256.042  000.972  000.105: sourcing /Users/mochi/.local/share/nvim/site/pack/packer/start/cmp-path/after/plugin/cmp_path.lua
257.542  000.857  000.857: require('cmp_tabnine.source')
257.546  001.269  000.412: require('cmp_tabnine')
257.549  001.321  000.052: sourcing /Users/mochi/.local/share/nvim/site/pack/packer/start/cmp-tabnine/after/plugin/cmp-tabnine.lua
257.909  003.594: loading after plugins
257.923  000.014: inits 3
260.531  002.608: reading ShaDa
262.919  000.124  000.124: sourcing /usr/local/share/nvim/runtime/ftplugin/lua.vim
265.076  000.039  000.039: sourcing /usr/local/share/nvim/runtime/indent/lua.vim
266.828  000.991  000.991: sourcing /usr/local/share/nvim/runtime/syntax/lua.vim
267.088  000.074  000.074: sourcing /Users/mochi/.local/share/nvim/site/pack/packer/start/dracula/after/syntax/lua.vim
269.025  000.739  000.739: require('vim.uri')
271.088  000.598  000.598: require('null-ls.rpc')
271.760  000.369  000.369: require('plenary.log')
274.393  010.927: opening buffers
277.549  003.156: BufEnter autocommands
277.553  000.005: editing files in windows
278.318  000.699  000.699: require('packer.load')
282.970  000.535  000.535: require('gitsigns.async')
283.277  000.303  000.303: require('gitsigns.status')
284.563  000.322  000.322: require('gitsigns.debug')
285.109  000.543  000.543: require('gitsigns.util')
285.553  000.440  000.440: require('gitsigns.subprocess')
287.829  000.454  000.454: require('gitsigns.message')
287.840  000.929  000.475: require('gitsigns.config')
288.196  000.354  000.354: require('gitsigns.signs.base')
288.200  001.744  000.461: require('gitsigns.signs')
288.205  002.649  000.905: require('gitsigns.hunks')
288.227  004.946  000.992: require('gitsigns.git')
289.306  000.308  000.308: require('gitsigns.cache')
289.562  000.253  000.253: require('gitsigns.debounce')
289.820  000.255  000.255: require('gitsigns.diff')
289.834  001.606  000.790: require('gitsigns.manager')
290.077  000.242  000.242: require('gitsigns.nvim')
290.364  000.284  000.284: require('gitsigns.highlight')
290.372  011.548  003.633: require('gitsigns')
291.364  000.494  000.494: require('gitsigns.signs.vimfn')
291.971  000.406  000.406: require('gitsigns.nvim.highlights')
292.684  000.452  000.452: require('gitsigns.nvim.command')
295.860  000.221  000.221: require('plenary.tbl')
295.867  000.415  000.195: require('plenary.vararg.rotate')
295.869  000.559  000.143: require('plenary.vararg')
296.029  000.158  000.158: require('plenary.errors')
296.207  000.175  000.175: require('plenary.functional')
296.211  001.116  000.224: require('plenary.async.async')
296.630  000.172  000.172: require('plenary.async.structs')
296.636  000.423  000.251: require('plenary.async.control')
296.640  001.811  000.272: require('plenary.async.util')
296.823  000.074  000.074: sourcing /Users/mochi/.local/share/nvim/site/pack/packer/opt/nvim-colorizer.lua/plugin/colorizer.vim
300.523  000.350  000.350: require('colorizer/nvim')
300.969  000.442  000.442: require('colorizer/trie')
301.108  001.659  000.868: require('colorizer')
302.264  005.194  003.534: require('plugconfig/nvim-colorizer')
306.563  000.420  000.420: require('lualine_require')
307.211  001.878  001.458: require('lualine')
311.377  000.319  000.319: require('lualine.utils.mode')
312.339  009.600  007.403: require('plugconfig/lualine')
313.451  000.435  000.435: sourcing /Users/mochi/.local/share/nvim/site/pack/packer/opt/markdown-preview.nvim/plugin/mkdp.vim
314.587  000.099  000.099: sourcing /Users/mochi/.local/share/nvim/site/pack/packer/opt/toggleterm.nvim/plugin/toggleterm.vim
318.087  000.167  000.167: require('toggleterm.constants')
318.297  000.207  000.207: require('toggleterm.colors')
319.998  000.180  000.180: require('toggleterm.utils')
320.007  001.292  001.112: require('toggleterm.ui')
320.203  000.194  000.194: require('toggleterm.config')
320.218  001.919  000.433: require('toggleterm.terminal')
320.224  002.782  000.489: require('toggleterm')
1483.472  1168.508  1165.727: require('plugconfig/toggleterm')
1484.438  000.280  000.280: sourcing /Users/mochi/.local/share/nvim/site/pack/packer/opt/neo-tree.nvim/plugin/neo-tree.vim
1489.806  000.479  000.479: require('neo-tree.log')
1489.836  001.239  000.760: require('neo-tree.utils')
1493.492  001.097  001.097: require('nui.utils')
1493.499  001.578  000.481: require('nui.text')
1493.503  002.527  000.949: require('nui.line')
1494.837  000.488  000.488: require('nui.tree.util')
1494.847  001.342  000.854: require('nui.tree')
1496.061  000.406  000.406: require('nui.utils.buf_storage')
1496.865  000.799  000.799: require('nui.utils.autocmd')
1497.293  000.424  000.424: require('nui.utils.keymap')
1497.303  002.453  000.824: require('nui.split')
1499.077  001.176  001.176: require('nui.popup.border')
1499.815  000.733  000.733: require('nui.layout.utils')
1499.822  002.517  000.608: require('nui.popup')
1500.243  000.419  000.419: require('neo-tree.ui.highlights')
1501.422  000.843  000.843: require('nui.input')
1501.428  001.145  000.301: require('neo-tree.ui.popups')
1502.096  000.378  000.378: require('neo-tree.events.queue')
1502.101  000.652  000.275: require('neo-tree.events')
1502.118  012.280  001.225: require('neo-tree.ui.renderer')
1503.976  000.557  000.557: require('plenary.job')
1503.980  000.882  000.325: require('neo-tree.sources.filesystem.lib.filter_external')
1505.383  000.868  000.868: require('plenary.iterators')
1506.459  000.342  000.342: require('plenary.bit')
1506.481  001.093  000.751: require('plenary.path')
1506.485  002.185  000.224: require('neo-tree.sources.common.file-nesting')
1507.329  000.198  000.198: require('neo-tree.git.utils')
1507.333  000.621  000.423: require('neo-tree.git.status')
1507.588  000.253  000.253: require('neo-tree.git.ignored')
1507.591  001.103  000.229: require('neo-tree.git')
1507.594  003.611  000.323: require('neo-tree.sources.common.file-items')
1507.822  000.227  000.227: require('neo-tree.sources.filesystem.lib.fs_watch')
1507.830  005.136  000.416: require('neo-tree.sources.filesystem.lib.fs_scan')
1508.054  000.222  000.222: require('neo-tree.ui.inputs')
1508.066  005.945  000.587: require('neo-tree.sources.manager')
1508.910  000.339  000.339: require('neo-tree.defaults')
1509.161  000.247  000.247: require('neo-tree.setup.mapping-helper')
1509.976  000.297  000.297: require('neo-tree.command.parser')
1510.232  000.252  000.252: require('neo-tree.command.completion')
1510.235  000.829  000.280: require('neo-tree.command')
1510.237  001.073  000.244: require('neo-tree.setup.netrw')
1510.240  002.173  000.513: require('neo-tree.setup')
1510.246  022.170  000.533: require('neo-tree')
1510.911  000.254  000.254: require('neo-tree.setup.deprecations')
1512.608  000.325  000.325: require('neo-tree.sources.common.container')
1512.612  000.679  000.354: require('neo-tree.sources.common.components')
1512.689  000.973  000.294: require('neo-tree.sources.filesystem.components')
1514.654  000.791  000.791: require('plenary.scandir')
1514.663  001.301  000.510: require('neo-tree.sources.filesystem.lib.fs_actions')
1514.910  000.245  000.245: require('neo-tree.sources.common.help')
1514.917  001.930  000.385: require('neo-tree.sources.common.commands')
1515.351  000.433  000.433: require('neo-tree.sources.filesystem')
1515.636  000.282  000.282: require('neo-tree.sources.filesystem.lib.filter')
1515.647  002.956  000.310: require('neo-tree.sources.filesystem.commands')
1516.158  000.198  000.198: require('neo-tree.sources.buffers.components')
1516.822  000.213  000.213: require('neo-tree.sources.buffers.lib.items')
1516.826  000.465  000.252: require('neo-tree.sources.buffers')
1516.880  000.720  000.255: require('neo-tree.sources.buffers.commands')
1517.309  000.196  000.196: require('neo-tree.sources.git_status.components')
1517.622  000.310  000.310: require('neo-tree.sources.git_status.commands')
1518.096  000.226  000.226: require('neo-tree.sources.example.components')
1518.384  000.284  000.284: require('neo-tree.sources.example.commands')
1519.318  000.249  000.249: require('neo-tree.sources.filesystem.lib.globtopattern')
1520.488  000.227  000.227: require('neo-tree.sources.git_status.lib.items')
1520.491  000.460  000.233: require('neo-tree.sources.git_status')
1520.891  000.241  000.241: require('neo-tree.sources.example')
1521.185  036.372  007.135: require('plugconfig/neo-tree')
1522.222  000.522  000.522: sourcing /Users/mochi/.local/share/nvim/site/pack/packer/opt/which-key.nvim/plugin/which-key.vim
1528.006  000.527  000.527: require('which-key.util')
1528.012  000.869  000.342: require('which-key.tree')
1528.466  000.452  000.452: require('which-key.config')
1528.474  002.463  001.142: require('which-key.keys')
1528.480  003.263  000.800: require('which-key')
1529.050  000.406  000.406: require('which-key.plugins')
1529.438  000.383  000.383: require('which-key.plugins.marks')
1529.914  000.401  000.401: require('which-key.plugins.presets')
1530.306  000.388  000.388: require('which-key.plugins.presets.misc')
1530.692  000.340  000.340: require('which-key.plugins.registers')
1531.072  000.296  000.296: require('which-key.colors')
1540.915  018.324  012.847: require('plugconfig/whichi_key')
1541.627  000.263  000.263: sourcing /Users/mochi/.local/share/nvim/site/pack/packer/opt/AutoSave.nvim/plugin/ascmds.vim
1544.776  000.287  000.287: require('autosave.config')
1544.781  000.642  000.356: require('autosave')
1545.682  000.455  000.455: require('autosave.modules.autocmds')
1545.957  000.272  000.272: require('autosave.utils.viml_funcs')
1545.962  001.037  000.309: require('autosave.main')
1546.012  004.113  002.434: require('plugconfig/auto_save_nvim')
1546.731  000.320  000.320: sourcing /Users/mochi/.local/share/nvim/site/pack/packer/opt/vim-colorrange/plugin/colorrange.vim
1551.914  000.267  000.267: require('octo.model.body-metadata')
1552.326  000.408  000.408: require('octo.model.title-metadata')
1552.756  000.428  000.428: require('octo.autocmds')
1553.586  000.827  000.827: require('octo.config')
1553.851  000.262  000.262: require('octo.constants')
1554.158  000.286  000.286: require('octo.folds')
1554.549  000.389  000.389: require('octo.gh')
1555.219  000.668  000.668: require('octo.gh.graphql')
1555.722  000.500  000.500: require('octo.ui.signs')
1557.710  000.276  000.276: require('octo.model.comment-metadata')
1557.943  000.230  000.230: require('octo.model.thread-metadata')
1560.583  001.420  001.420: require('octo.date')
1560.617  002.671  001.251: require('octo.utils')
1561.749  000.647  000.647: require('octo.ui.colors')
1561.752  001.133  000.486: require('octo.ui.bubbles')
1561.765  006.041  001.732: require('octo.ui.writers')
1561.778  011.346  001.270: require('octo.model.octo-buffer')
1563.706  000.513  000.513: require('octo.navigation')
1563.995  000.286  000.286: require('octo.picker')
1566.579  000.291  000.291: require('octo.reviews.renderer')
1566.603  001.273  000.982: require('octo.reviews.file-panel')
1567.691  001.086  001.086: require('octo.reviews.file-entry')
1567.701  002.901  000.542: require('octo.reviews.layout')
1567.963  000.261  000.261: require('octo.reviews.rev')
1568.337  000.370  000.370: require('octo.reviews.thread-panel')
1568.932  000.592  000.592: require('octo.ui.window')
1568.939  004.941  000.816: require('octo.reviews')
1568.963  007.183  001.442: require('octo.commands')
1569.336  000.372  000.372: require('octo.completion')
1569.343  021.934  003.034: require('octo')
1573.040  000.429  000.429: require('telescope.previewers.previewer')
1573.922  000.879  000.879: require('telescope.previewers.term_previewer')
1576.314  000.365  000.365: require('plenary.context_manager')
1576.600  000.282  000.282: require('plenary.strings')
1577.499  002.118  001.471: require('telescope.previewers.utils')
1579.800  002.299  002.299: require('plenary.filetype')
1579.868  005.943  001.526: require('telescope.previewers.buffer_previewer')
1579.873  007.623  000.372: require('telescope.previewers')
1579.880  008.397  000.774: require('octo.pickers.telescope.previewers')
1580.467  000.585  000.585: require('octo.pickers.telescope.entry_maker')
1581.906  000.989  000.989: require('telescope.make_entry')
1582.603  000.173  000.173: require('plenary.async.tests')
1582.607  000.376  000.203: require('plenary.async')
1582.610  000.700  000.324: require('telescope.finders.async_static_finder')
1583.891  000.341  000.341: require('plenary.class')
1583.905  000.964  000.622: require('telescope._')
1583.908  001.296  000.332: require('telescope.finders.async_oneshot_finder')
1584.201  000.291  000.291: require('telescope.finders.async_job_finder')
1584.208  003.736  000.461: require('telescope.finders')
1586.133  000.295  000.295: require('plenary.window.border')
1586.290  000.155  000.155: require('plenary.window')
1586.437  000.144  000.144: require('plenary.popup.utils')
1586.441  000.961  000.367: require('plenary.popup')
1586.904  000.461  000.461: require('telescope.debounce')
1587.389  000.483  000.483: require('telescope.mappings')
1587.720  000.327  000.327: require('telescope.pickers.highlights')
1588.029  000.278  000.278: require('telescope.pickers.window')
1588.848  000.410  000.410: require('telescope.algos.linked_list')
1588.852  000.821  000.411: require('telescope.entry_manager')
1589.135  000.281  000.281: require('telescope.pickers.multi')
1589.151  004.941  001.330: require('telescope.pickers')
1589.221  019.711  002.050: require('octo.pickers.telescope.provider')
1590.543  000.255  000.255: sourcing /Users/mochi/.local/share/nvim/site/pack/packer/opt/nvim-web-devicons/plugin/nvim-web-devicons.vim
1594.693  000.970  000.970: sourcing /Users/mochi/.local/share/nvim/site/pack/packer/opt/vim-expand-region/autoload/expand_region.vim
1594.827  003.692  002.721: sourcing /Users/mochi/.local/share/nvim/site/pack/packer/opt/vim-expand-region/plugin/expand_region.vim
1595.152  000.100  000.100: require('plugconfig/vim_expand_region')
1595.989  000.467  000.467: sourcing /Users/mochi/.local/share/nvim/site/pack/packer/opt/vim-choosewin/plugin/choosewin.vim
1601.781  000.715  000.715: require('nvim-treesitter.utils')
1602.679  000.895  000.895: require('nvim-treesitter.parsers')
1605.379  000.612  000.612: require('nvim-treesitter.ts_utils')
1605.386  000.977  000.365: require('nvim-treesitter.tsrange')
1605.676  000.288  000.288: require('nvim-treesitter.caching')
1605.685  001.877  000.612: require('nvim-treesitter.query')
1605.697  002.536  000.660: require('nvim-treesitter.configs')
1605.700  003.018  000.481: require('nvim-treesitter.info')
1606.174  000.472  000.472: require('nvim-treesitter.shell_command_selectors')
1606.196  006.141  001.041: require('nvim-treesitter.install')
1606.521  000.322  000.322: require('nvim-treesitter.query_predicates')
1606.525  009.350  002.887: require('nvim-treesitter')
1607.207  010.456  001.106: sourcing /Users/mochi/.local/share/nvim/site/pack/packer/opt/nvim-treesitter/plugin/nvim-treesitter.lua
1612.906  000.564  000.564: require('vim.treesitter.highlighter')
1612.914  000.968  000.404: require('nvim-treesitter.highlight')
1613.391  006.030  005.062: require('plugconfig/treesitter')
1618.873  000.391  000.391: require('nvim-ts-autotag._log')
1618.880  000.957  000.566: require('nvim-ts-autotag.utils')
1618.891  001.862  000.905: require('nvim-ts-autotag.internal')
1618.893  004.709  002.847: require('nvim-ts-autotag')
1619.039  005.209  000.500: sourcing /Users/mochi/.local/share/nvim/site/pack/packer/opt/nvim-ts-autotag/plugin/nvim-ts-autotag.vim
1623.180  003.151  003.151: require('rainbow')
1623.332  003.650  000.499: sourcing /Users/mochi/.local/share/nvim/site/pack/packer/opt/nvim-ts-rainbow/plugin/rainbow.vim
1628.327  004.254  004.254: sourcing /Users/mochi/.local/share/nvim/site/pack/packer/opt/vim-quickhl/plugin/quickhl.vim
1628.698  000.144  000.144: require('plugconfig/vim_quichl')
1629.551  000.395  000.395: sourcing /Users/mochi/.local/share/nvim/site/pack/packer/opt/vim-silicon/plugin/silicon.vim
1631.997  018.633: VimEnter autocommands
1632.001  000.004: UIEnter autocommands
1636.244  000.969  000.969: sourcing /usr/local/share/nvim/runtime/autoload/provider/clipboard.vim
1636.253  003.284: before starting main loop
1641.616  001.432  001.432: require('nvim-web-devicons')
1645.839  008.153: first screen update
1645.841  000.002: --- NVIM STARTED ---
