

times in msec
 clock   self+sourced   self:  sourced script
 clock   elapsed:              other lines

000.019  000.019: --- NVIM STARTING ---
000.963  000.944: locale set
001.994  001.031: inits 1
002.041  000.048: window checked
008.690  006.648: parsing arguments
010.731  002.041: expanding arguments
010.908  000.177: inits 2
011.544  000.636: init highlight
011.546  000.002: waiting for UI
015.361  003.815: done waiting for UI
015.425  000.064: init screen for UI
015.496  000.071: init default mappings
015.730  000.233: init default autocommands
018.080  000.212  000.212: sourcing /Users/mochi/.config/nvim/dein/repos/github.com/Shougo/dein.vim/autoload/dein.vim
018.395  000.106  000.106: sourcing /Users/mochi/.config/nvim/dein/repos/github.com/Shougo/dein.vim/autoload/dein/min.vim
020.158  000.062  000.062: sourcing /usr/local/Cellar/neovim/0.6.1/share/nvim/runtime/ftoff.vim
020.235  001.351  001.290: sourcing /Users/mochi/.config/nvim/dein/state_nvim.vim
029.383  000.035  000.035: sourcing /Users/mochi/.config/nvim/dein/repos/github.com/nvim-treesitter/nvim-treesitter/ftdetect/fusion.vim
029.454  000.018  000.018: sourcing /Users/mochi/.config/nvim/dein/repos/github.com/nvim-treesitter/nvim-treesitter/ftdetect/gdresource.vim
029.513  000.015  000.015: sourcing /Users/mochi/.config/nvim/dein/repos/github.com/nvim-treesitter/nvim-treesitter/ftdetect/gdscript.vim
029.582  000.016  000.016: sourcing /Users/mochi/.config/nvim/dein/repos/github.com/nvim-treesitter/nvim-treesitter/ftdetect/glimmer.vim
029.641  000.014  000.014: sourcing /Users/mochi/.config/nvim/dein/repos/github.com/nvim-treesitter/nvim-treesitter/ftdetect/glsl.vim
029.701  000.015  000.015: sourcing /Users/mochi/.config/nvim/dein/repos/github.com/nvim-treesitter/nvim-treesitter/ftdetect/gowork.vim
029.771  000.025  000.025: sourcing /Users/mochi/.config/nvim/dein/repos/github.com/nvim-treesitter/nvim-treesitter/ftdetect/graphql.vim
029.834  000.021  000.021: sourcing /Users/mochi/.config/nvim/dein/repos/github.com/nvim-treesitter/nvim-treesitter/ftdetect/hack.vim
029.905  000.028  000.028: sourcing /Users/mochi/.config/nvim/dein/repos/github.com/nvim-treesitter/nvim-treesitter/ftdetect/hcl.vim
029.964  000.016  000.016: sourcing /Users/mochi/.config/nvim/dein/repos/github.com/nvim-treesitter/nvim-treesitter/ftdetect/heex.vim
030.032  000.018  000.018: sourcing /Users/mochi/.config/nvim/dein/repos/github.com/nvim-treesitter/nvim-treesitter/ftdetect/hjson.vim
030.102  000.023  000.023: sourcing /Users/mochi/.config/nvim/dein/repos/github.com/nvim-treesitter/nvim-treesitter/ftdetect/json5.vim
030.177  000.026  000.026: sourcing /Users/mochi/.config/nvim/dein/repos/github.com/nvim-treesitter/nvim-treesitter/ftdetect/ledger.vim
030.254  000.022  000.022: sourcing /Users/mochi/.config/nvim/dein/repos/github.com/nvim-treesitter/nvim-treesitter/ftdetect/nix.vim
030.351  000.042  000.042: sourcing /Users/mochi/.config/nvim/dein/repos/github.com/nvim-treesitter/nvim-treesitter/ftdetect/prisma.vim
030.422  000.019  000.019: sourcing /Users/mochi/.config/nvim/dein/repos/github.com/nvim-treesitter/nvim-treesitter/ftdetect/pug.vim
030.503  000.026  000.026: sourcing /Users/mochi/.config/nvim/dein/repos/github.com/nvim-treesitter/nvim-treesitter/ftdetect/ql.vim
030.600  000.042  000.042: sourcing /Users/mochi/.config/nvim/dein/repos/github.com/nvim-treesitter/nvim-treesitter/ftdetect/query.vim
030.673  000.022  000.022: sourcing /Users/mochi/.config/nvim/dein/repos/github.com/nvim-treesitter/nvim-treesitter/ftdetect/surface.vim
030.756  000.027  000.027: sourcing /Users/mochi/.config/nvim/dein/repos/github.com/nvim-treesitter/nvim-treesitter/ftdetect/teal.vim
030.840  000.024  000.024: sourcing /Users/mochi/.config/nvim/dein/repos/github.com/nvim-treesitter/nvim-treesitter/ftdetect/tlaplus.vim
030.940  000.038  000.038: sourcing /Users/mochi/.config/nvim/dein/repos/github.com/nvim-treesitter/nvim-treesitter/ftdetect/yang.vim
031.257  010.901  010.371: sourcing /usr/local/Cellar/neovim/0.6.1/share/nvim/runtime/filetype.vim
031.446  000.048  000.048: sourcing /usr/local/Cellar/neovim/0.6.1/share/nvim/runtime/ftplugin.vim
031.632  000.015  000.015: sourcing /usr/local/Cellar/neovim/0.6.1/share/nvim/runtime/indent.vim
031.958  000.108  000.108: sourcing /usr/local/Cellar/neovim/0.6.1/share/nvim/runtime/syntax/synload.vim
032.077  000.351  000.244: sourcing /usr/local/Cellar/neovim/0.6.1/share/nvim/runtime/syntax/syntax.vim
032.693  000.285  000.285: sourcing /Users/mochi/.config/nvim/dein/repos/github.com/Shougo/dein.vim/autoload/dein/autoload.vim
033.280  000.392  000.392: sourcing /Users/mochi/.config/nvim/dein/repos/github.com/Shougo/dein.vim/autoload/dein/util.vim
035.250  000.102  000.102: sourcing /Users/mochi/.config/nvim/dein/.cache/init.vim/.dein/autoload/dracula.vim
039.277  005.097  004.995: sourcing /Users/mochi/.config/nvim/dein/.cache/init.vim/.dein/colors/dracula.vim
056.020  040.022  021.263: sourcing /Users/mochi/.config/nvim/init.vim
056.038  000.286: sourcing vimrc file(s)
058.605  000.871  000.871: sourcing /Users/mochi/.config/nvim/dein/repos/github.com/junegunn/fzf/plugin/fzf.vim
060.629  000.116  000.116: sourcing /Users/mochi/.config/nvim/dein/repos/github.com/neoclide/coc.nvim_release/autoload/coc/rpc.vim
061.273  000.488  000.488: sourcing /Users/mochi/.config/nvim/dein/repos/github.com/neoclide/coc.nvim_release/autoload/coc/util.vim
061.987  000.241  000.241: sourcing /Users/mochi/.config/nvim/dein/repos/github.com/neoclide/coc.nvim_release/autoload/coc/client.vim
068.742  008.440  007.595: sourcing /Users/mochi/.config/nvim/dein/repos/github.com/neoclide/coc.nvim_release/plugin/coc.vim
072.172  002.219  002.219: sourcing /Users/mochi/.config/nvim/dein/repos/github.com/nvim-treesitter/nvim-treesitter/plugin/nvim-treesitter.vim
075.673  000.136  000.136: sourcing /Users/mochi/.config/nvim/dein/.cache/init.vim/.dein/autoload/airline/init.vim
076.646  000.090  000.090: sourcing /Users/mochi/.config/nvim/dein/.cache/init.vim/.dein/autoload/airline/parts.vim
077.274  000.035  000.035: sourcing /Users/mochi/.config/nvim/dein/.cache/init.vim/.dein/autoload/airline/formatter/short_path.vim
078.925  000.197  000.197: sourcing /Users/mochi/.config/nvim/dein/.cache/init.vim/.dein/autoload/airline/util.vim
079.115  004.043  003.585: sourcing /Users/mochi/.config/nvim/dein/.cache/init.vim/.dein/plugin/airline.vim
079.439  000.206  000.206: sourcing /Users/mochi/.config/nvim/dein/.cache/init.vim/.dein/plugin/AutoSave.vim
080.160  000.613  000.613: sourcing /Users/mochi/.config/nvim/dein/.cache/init.vim/.dein/plugin/closetag.vim
080.607  000.120  000.120: sourcing /Users/mochi/.config/nvim/dein/.cache/init.vim/.dein/autoload/denops.vim
080.847  000.570  000.450: sourcing /Users/mochi/.config/nvim/dein/.cache/init.vim/.dein/plugin/denops.vim
081.720  000.731  000.731: sourcing /Users/mochi/.config/nvim/dein/.cache/init.vim/.dein/plugin/editorconfig.vim
082.522  000.419  000.419: sourcing /Users/mochi/.config/nvim/dein/.cache/init.vim/.dein/autoload/expand_region.vim
082.616  000.652  000.233: sourcing /Users/mochi/.config/nvim/dein/.cache/init.vim/.dein/plugin/expand_region.vim
082.797  000.098  000.098: sourcing /Users/mochi/.config/nvim/dein/.cache/init.vim/.dein/plugin/fern.vim
083.816  000.694  000.694: sourcing /Users/mochi/.config/nvim/dein/.cache/init.vim/.dein/autoload/vital/fern.vim
084.195  000.102  000.102: sourcing /Users/mochi/.config/nvim/dein/.cache/init.vim/.dein/autoload/vital/_fern/Config.vim
084.585  000.125  000.125: sourcing /Users/mochi/.config/nvim/dein/.cache/init.vim/.dein/autoload/vital/_fern.vim
085.851  000.462  000.462: sourcing /Users/mochi/.config/nvim/dein/.cache/init.vim/.dein/autoload/vital/_fern/Async/Promise.vim
086.786  000.180  000.180: sourcing /Users/mochi/.config/nvim/dein/.cache/init.vim/.dein/autoload/vital/_fern/Async/Later.vim
087.137  004.173  002.610: sourcing /Users/mochi/.config/nvim/dein/.cache/init.vim/.dein/autoload/fern/mapping.vim
087.154  004.301  000.128: sourcing /Users/mochi/.config/nvim/dein/.cache/init.vim/.dein/plugin/fern_bookmark.vim
087.453  000.210  000.210: sourcing /Users/mochi/.config/nvim/dein/.cache/init.vim/.dein/plugin/fern_git_status.vim
087.784  000.117  000.117: sourcing /Users/mochi/.config/nvim/dein/.cache/init.vim/.dein/plugin/fern_hijack.vim
089.072  000.965  000.965: sourcing /Users/mochi/.config/nvim/dein/.cache/init.vim/.dein/autoload/fern.vim
089.185  001.322  000.356: sourcing /Users/mochi/.config/nvim/dein/.cache/init.vim/.dein/plugin/fern_renderer_nerdfont.vim
089.769  000.220  000.220: sourcing /Users/mochi/.config/nvim/dein/.cache/init.vim/.dein/plugin/gina.vim
091.041  000.305  000.305: sourcing /Users/mochi/.config/nvim/dein/.cache/init.vim/.dein/autoload/gitgutter/utility.vim
093.857  000.429  000.429: sourcing /Users/mochi/.config/nvim/dein/.cache/init.vim/.dein/autoload/gitgutter/highlight.vim
095.501  005.391  004.657: sourcing /Users/mochi/.config/nvim/dein/.cache/init.vim/.dein/plugin/gitgutter.vim
096.078  000.184  000.184: sourcing /Users/mochi/.config/nvim/dein/.cache/init.vim/.dein/autoload/glyph_palette/defaults.vim
096.405  000.766  000.582: sourcing /Users/mochi/.config/nvim/dein/.cache/init.vim/.dein/plugin/glyph_palette.vim
096.613  000.128  000.128: sourcing /Users/mochi/.config/nvim/dein/.cache/init.vim/.dein/plugin/illuminate.vim
097.605  000.920  000.920: sourcing /Users/mochi/.config/nvim/dein/.cache/init.vim/.dein/plugin/indent_blankline.vim
098.018  000.263  000.263: sourcing /Users/mochi/.config/nvim/dein/.cache/init.vim/.dein/plugin/lexima.vim
099.402  001.220  001.220: sourcing /Users/mochi/.config/nvim/dein/.cache/init.vim/.dein/plugin/nvim-ts-autotag.vim
100.360  000.855  000.855: sourcing /Users/mochi/.config/nvim/dein/.cache/init.vim/.dein/plugin/quickhl.vim
101.395  000.957  000.957: sourcing /Users/mochi/.config/nvim/dein/.cache/init.vim/.dein/plugin/rainbow.vim
101.897  000.075  000.075: sourcing /Users/mochi/.config/nvim/dein/.cache/init.vim/.dein/autoload/tcomment/deprecated.vim
105.874  004.313  004.238: sourcing /Users/mochi/.config/nvim/dein/.cache/init.vim/.dein/plugin/tcomment.vim
107.037  000.047  000.047: sourcing /usr/local/Cellar/neovim/0.6.1/share/nvim/runtime/plugin/gzip.vim
107.123  000.022  000.022: sourcing /usr/local/Cellar/neovim/0.6.1/share/nvim/runtime/plugin/health.vim
107.203  000.019  000.019: sourcing /usr/local/Cellar/neovim/0.6.1/share/nvim/runtime/plugin/man.vim
107.281  000.020  000.020: sourcing /usr/local/Cellar/neovim/0.6.1/share/nvim/runtime/plugin/matchit.vim
107.355  000.022  000.022: sourcing /usr/local/Cellar/neovim/0.6.1/share/nvim/runtime/plugin/matchparen.vim
107.454  000.026  000.026: sourcing /usr/local/Cellar/neovim/0.6.1/share/nvim/runtime/plugin/netrwPlugin.vim
107.523  000.016  000.016: sourcing /usr/local/Cellar/neovim/0.6.1/share/nvim/runtime/plugin/rplugin.vim
107.594  000.016  000.016: sourcing /usr/local/Cellar/neovim/0.6.1/share/nvim/runtime/plugin/shada.vim
107.664  000.019  000.019: sourcing /usr/local/Cellar/neovim/0.6.1/share/nvim/runtime/plugin/spellfile.vim
107.743  000.027  000.027: sourcing /usr/local/Cellar/neovim/0.6.1/share/nvim/runtime/plugin/tarPlugin.vim
107.821  000.028  000.028: sourcing /usr/local/Cellar/neovim/0.6.1/share/nvim/runtime/plugin/tohtml.vim
107.897  000.019  000.019: sourcing /usr/local/Cellar/neovim/0.6.1/share/nvim/runtime/plugin/tutor.vim
107.989  000.024  000.024: sourcing /usr/local/Cellar/neovim/0.6.1/share/nvim/runtime/plugin/zipPlugin.vim
109.938  014.169: loading rtp plugins
110.076  000.139: loading packages
111.644  000.776  000.776: sourcing /Users/mochi/.config/nvim/dein/.cache/init.vim/.dein/after/plugin/dracula.vim
111.824  000.972: loading after plugins
111.852  000.028: inits 3
115.752  003.899: reading ShaDa
118.884  000.362  000.362: sourcing /Users/mochi/.config/nvim/dein/.cache/init.vim/.dein/autoload/airline/extensions.vim
119.179  000.074  000.074: sourcing /Users/mochi/.config/nvim/dein/.cache/init.vim/.dein/autoload/airline/extensions/quickfix.vim
119.592  000.221  000.221: sourcing /Users/mochi/.config/nvim/dein/.cache/init.vim/.dein/autoload/airline.vim
119.871  000.050  000.050: sourcing /Users/mochi/.config/nvim/dein/.cache/init.vim/.dein/autoload/airline/extensions/gina.vim
120.174  000.056  000.056: sourcing /Users/mochi/.config/nvim/dein/.cache/init.vim/.dein/autoload/airline/extensions/fzf.vim
120.714  000.098  000.098: sourcing /Users/mochi/.config/nvim/dein/.cache/init.vim/.dein/autoload/airline/section.vim
121.156  000.204  000.204: sourcing /Users/mochi/.config/nvim/dein/.cache/init.vim/.dein/autoload/airline/highlighter.vim
121.422  000.958  000.655: sourcing /Users/mochi/.config/nvim/dein/.cache/init.vim/.dein/autoload/airline/extensions/term.vim
121.777  000.108  000.108: sourcing /Users/mochi/.config/nvim/dein/.cache/init.vim/.dein/autoload/airline/extensions/hunks.vim
122.426  000.273  000.273: sourcing /Users/mochi/.config/nvim/dein/.cache/init.vim/.dein/autoload/airline/extensions/branch.vim
130.327  000.238  000.238: sourcing /Users/mochi/.config/nvim/dein/.cache/init.vim/.dein/autoload/airline/extensions/nvimlsp.vim
131.356  000.461  000.461: sourcing /Users/mochi/.config/nvim/dein/.cache/init.vim/.dein/autoload/airline/extensions/coc.vim
132.772  000.455  000.455: sourcing /Users/mochi/.config/nvim/dein/.cache/init.vim/.dein/autoload/airline/extensions/whitespace.vim
134.241  000.313  000.313: sourcing /Users/mochi/.config/nvim/dein/.cache/init.vim/.dein/autoload/airline/extensions/po.vim
136.115  000.732  000.732: sourcing /Users/mochi/.config/nvim/dein/.cache/init.vim/.dein/autoload/airline/extensions/wordcount.vim
137.210  000.248  000.248: sourcing /Users/mochi/.config/nvim/dein/.cache/init.vim/.dein/autoload/airline/extensions/keymap.vim
138.092  000.237  000.237: sourcing /Users/mochi/.config/nvim/dein/.cache/init.vim/.dein/autoload/airline/extensions/searchcount.vim
148.813  000.252  000.252: sourcing /Users/mochi/.config/nvim/dein/.cache/init.vim/.dein/autoload/airline/themes.vim
149.888  001.993  001.741: sourcing /Users/mochi/.config/nvim/dein/.cache/init.vim/.dein/autoload/airline/themes/dracula.vim
169.892  000.349  000.349: sourcing /Users/mochi/.config/nvim/dein/.cache/init.vim/.dein/autoload/airline/builder.vim
170.535  000.166  000.166: sourcing /Users/mochi/.config/nvim/dein/.cache/init.vim/.dein/autoload/airline/extensions/default.vim
220.309  097.264: opening buffers
220.746  000.196  000.196: sourcing /Users/mochi/.config/nvim/dein/.cache/init.vim/.dein/autoload/fern/util.vim
221.097  000.158  000.158: sourcing /Users/mochi/.config/nvim/dein/.cache/init.vim/.dein/autoload/fern/internal/command/fern.vim
221.382  000.113  000.113: sourcing /Users/mochi/.config/nvim/dein/.cache/init.vim/.dein/autoload/fern/internal/args.vim
221.857  000.143  000.143: sourcing /Users/mochi/.config/nvim/dein/.cache/init.vim/.dein/autoload/fern/internal/drawer.vim
222.244  000.234  000.234: sourcing /Users/mochi/.config/nvim/dein/.cache/init.vim/.dein/autoload/fern/fri.vim
222.744  000.071  000.071: sourcing /Users/mochi/.config/nvim/dein/.cache/init.vim/.dein/autoload/fern/fri/from.vim
223.294  000.396  000.396: sourcing /Users/mochi/.config/nvim/dein/.cache/init.vim/.dein/autoload/fern/internal/filepath.vim
223.850  000.358  000.358: sourcing /Users/mochi/.config/nvim/dein/.cache/init.vim/.dein/autoload/fern/internal/path.vim
224.688  000.269  000.269: sourcing /Users/mochi/.config/nvim/dein/.cache/init.vim/.dein/autoload/fern/logger.vim
225.045  000.173  000.173: sourcing /Users/mochi/.config/nvim/dein/.cache/init.vim/.dein/autoload/fern/hook.vim
231.217  000.210  000.210: sourcing /Users/mochi/.config/nvim/dein/.cache/init.vim/.dein/autoload/fern/internal/command/reveal.vim
232.543  000.441  000.441: sourcing /Users/mochi/.config/nvim/dein/.cache/init.vim/.dein/autoload/vital/_fern/Lambda.vim
233.164  001.567  001.127: sourcing /Users/mochi/.config/nvim/dein/.cache/init.vim/.dein/autoload/fern/internal/viewer.vim
233.975  000.360  000.360: sourcing /Users/mochi/.config/nvim/dein/.cache/init.vim/.dein/autoload/fern/internal/buffer.vim
234.622  000.147  000.147: sourcing /Users/mochi/.config/nvim/dein/.cache/init.vim/.dein/autoload/illuminate.vim
235.288  000.094  000.094: sourcing /Users/mochi/.config/nvim/dein/.cache/init.vim/.dein/autoload/fern/internal/viewer/auto_duplication.vim
235.676  000.107  000.107: sourcing /Users/mochi/.config/nvim/dein/.cache/init.vim/.dein/autoload/fern/internal/viewer/hide_cursor.vim
236.261  000.158  000.158: sourcing /Users/mochi/.config/nvim/dein/.cache/init.vim/.dein/autoload/gitgutter.vim
236.650  000.180  000.180: sourcing /Users/mochi/.config/nvim/dein/.cache/init.vim/.dein/autoload/gitgutter/sign.vim
237.212  000.371  000.371: sourcing /Users/mochi/.config/nvim/dein/.cache/init.vim/.dein/autoload/gitgutter/hunk.vim
238.340  000.088  000.088: sourcing /Users/mochi/.config/nvim/dein/.cache/init.vim/.dein/autoload/fern/internal/scheme.vim
239.116  000.153  000.153: sourcing /Users/mochi/.config/nvim/dein/.cache/init.vim/.dein/autoload/vital/_fern/Async/Lambda.vim
239.632  000.102  000.102: sourcing /Users/mochi/.config/nvim/dein/.cache/init.vim/.dein/autoload/vital/_fern/Data/List/Chunker.vim
240.088  000.122  000.122: sourcing /Users/mochi/.config/nvim/dein/.cache/init.vim/.dein/autoload/vital/_fern/Async/Promise/Process.vim
240.496  000.114  000.114: sourcing /Users/mochi/.config/nvim/dein/.cache/init.vim/.dein/autoload/vital/_fern/System/Job.vim
241.118  000.242  000.242: sourcing /Users/mochi/.config/nvim/dein/.cache/init.vim/.dein/autoload/vital/_fern/System/Job/Neovim.vim
241.569  000.111  000.111: sourcing /Users/mochi/.config/nvim/dein/.cache/init.vim/.dein/autoload/vital/_fern/Async/CancellationToken.vim
242.948  000.886  000.886: sourcing /Users/mochi/.config/nvim/dein/.cache/init.vim/.dein/autoload/fern/scheme/file/util.vim
243.056  004.513  002.783: sourcing /Users/mochi/.config/nvim/dein/.cache/init.vim/.dein/autoload/fern/scheme/file/provider.vim
244.034  000.122  000.122: sourcing /Users/mochi/.config/nvim/dein/.cache/init.vim/.dein/autoload/vital/_fern/Async/CancellationTokenSource.vim
244.215  000.769  000.647: sourcing /Users/mochi/.config/nvim/dein/.cache/init.vim/.dein/autoload/fern/internal/core.vim
244.889  000.304  000.304: sourcing /Users/mochi/.config/nvim/dein/.cache/init.vim/.dein/autoload/fern/internal/node.vim
245.260  000.062  000.062: sourcing /Users/mochi/.config/nvim/dein/.cache/init.vim/.dein/autoload/fern/fri/to.vim
246.129  000.315  000.315: sourcing /Users/mochi/.config/nvim/dein/.cache/init.vim/.dein/autoload/fern/scheme/file.vim
246.890  000.096  000.096: sourcing /Users/mochi/.config/nvim/dein/.cache/init.vim/.dein/autoload/nerdfont.vim
247.273  000.184  000.184: sourcing /Users/mochi/.config/nvim/dein/.cache/init.vim/.dein/autoload/nerdfont/path/pattern.vim
247.639  000.110  000.110: sourcing /Users/mochi/.config/nvim/dein/.cache/init.vim/.dein/autoload/nerdfont/path/basename.vim
247.973  000.170  000.170: sourcing /Users/mochi/.config/nvim/dein/.cache/init.vim/.dein/autoload/nerdfont/path/extension.vim
248.119  001.717  001.158: sourcing /Users/mochi/.config/nvim/dein/.cache/init.vim/.dein/autoload/fern/renderer/nerdfont.vim
248.738  000.438  000.438: sourcing /Users/mochi/.config/nvim/dein/.cache/init.vim/.dein/autoload/fern/renderer/default.vim
249.149  000.077  000.077: sourcing /Users/mochi/.config/nvim/dein/.cache/init.vim/.dein/autoload/fern/comparator/default.vim
249.454  000.092  000.092: sourcing /Users/mochi/.config/nvim/dein/.cache/init.vim/.dein/autoload/fern/helper.vim
250.365  000.151  000.151: sourcing /Users/mochi/.config/nvim/dein/.cache/init.vim/.dein/autoload/vital/_fern/Vim/Window/Cursor.vim
250.674  001.011  000.861: sourcing /Users/mochi/.config/nvim/dein/.cache/init.vim/.dein/autoload/fern/helper/sync.vim
251.650  000.730  000.730: sourcing /Users/mochi/.config/nvim/dein/.cache/init.vim/.dein/autoload/fern/helper/async.vim
252.079  000.203  000.203: sourcing /Users/mochi/.config/nvim/dein/.cache/init.vim/.dein/autoload/fern/mapping/diff.vim
252.708  000.140  000.140: sourcing /Users/mochi/.config/nvim/dein/.cache/init.vim/.dein/autoload/fern/mapping/drawer.vim
253.163  000.113  000.113: sourcing /Users/mochi/.config/nvim/dein/.cache/init.vim/.dein/autoload/fern/mapping/filter.vim
253.600  000.158  000.158: sourcing /Users/mochi/.config/nvim/dein/.cache/init.vim/.dein/autoload/fern/mapping/mark.vim
254.214  000.280  000.280: sourcing /Users/mochi/.config/nvim/dein/.cache/init.vim/.dein/autoload/fern/mapping/node.vim
254.713  000.161  000.161: sourcing /Users/mochi/.config/nvim/dein/.cache/init.vim/.dein/autoload/fern/mapping/open.vim
255.308  000.186  000.186: sourcing /Users/mochi/.config/nvim/dein/.cache/init.vim/.dein/autoload/fern/mapping/tree.vim
255.847  000.298  000.298: sourcing /Users/mochi/.config/nvim/dein/.cache/init.vim/.dein/autoload/fern/mapping/wait.vim
256.136  000.068  000.068: sourcing /Users/mochi/.config/nvim/dein/.cache/init.vim/.dein/autoload/fern/mapping/yank.vim
256.809  000.328  000.328: sourcing /Users/mochi/.config/nvim/dein/.cache/init.vim/.dein/autoload/vital/fern_bookmark.vim
257.314  000.277  000.277: sourcing /Users/mochi/.config/nvim/dein/.cache/init.vim/.dein/autoload/vital/_fern_bookmark/Async/Promise.vim
257.652  000.077  000.077: sourcing /Users/mochi/.config/nvim/dein/.cache/init.vim/.dein/autoload/vital/_fern_bookmark.vim
258.210  000.156  000.156: sourcing /Users/mochi/.config/nvim/dein/.cache/init.vim/.dein/autoload/vital/_fern_bookmark/Async/Later.vim
258.374  002.027  001.189: sourcing /Users/mochi/.config/nvim/dein/.cache/init.vim/.dein/autoload/fern/mapping/bookmark.vim
258.906  000.268  000.268: sourcing /Users/mochi/.config/nvim/dein/.cache/init.vim/.dein/autoload/fern/scheme/file/mapping.vim
259.418  000.164  000.164: sourcing /Users/mochi/.config/nvim/dein/.cache/init.vim/.dein/autoload/fern/scheme/file/mapping/cd.vim
259.884  000.169  000.169: sourcing /Users/mochi/.config/nvim/dein/.cache/init.vim/.dein/autoload/fern/scheme/file/mapping/clipboard.vim
260.414  000.238  000.238: sourcing /Users/mochi/.config/nvim/dein/.cache/init.vim/.dein/autoload/fern/scheme/file/mapping/ex.vim
261.044  000.403  000.403: sourcing /Users/mochi/.config/nvim/dein/.cache/init.vim/.dein/autoload/fern/scheme/file/mapping/grep.vim
261.544  000.219  000.219: sourcing /Users/mochi/.config/nvim/dein/.cache/init.vim/.dein/autoload/fern/scheme/file/mapping/rename.vim
262.133  000.189  000.189: sourcing /Users/mochi/.config/nvim/dein/.cache/init.vim/.dein/autoload/fern/scheme/file/mapping/system.vim
262.666  000.218  000.218: sourcing /Users/mochi/.config/nvim/dein/.cache/init.vim/.dein/autoload/fern/scheme/file/mapping/terminal.vim
263.351  000.100  000.100: sourcing /Users/mochi/.config/nvim/dein/.cache/init.vim/.dein/autoload/fern/scheme/file/mapping/yank.vim
264.881  000.177  000.177: sourcing /Users/mochi/.config/nvim/dein/.cache/init.vim/.dein/autoload/vital/_fern/App/Spinner.vim
265.589  001.251  001.073: sourcing /Users/mochi/.config/nvim/dein/.cache/init.vim/.dein/autoload/fern/internal/spinner.vim
266.177  000.106  000.106: sourcing /Users/mochi/.config/nvim/dein/.cache/init.vim/.dein/autoload/glyph_palette.vim
267.141  000.124  000.124: sourcing /Users/mochi/.config/nvim/dein/.cache/init.vim/.dein/ftplugin/fern.vim
278.982  000.301  000.301: sourcing /Users/mochi/.config/nvim/dein/.cache/init.vim/.dein/autoload/vital/_fern/App/Action.vim
279.200  000.971  000.670: sourcing /Users/mochi/.config/nvim/dein/.cache/init.vim/.dein/autoload/fern/action.vim
286.412  000.148  000.148: sourcing /Users/mochi/.config/nvim/dein/.cache/init.vim/.dein/autoload/fern/profile.vim
288.421  044.487: BufEnter autocommands
288.425  000.004: editing files in windows
289.184  000.132  000.132: sourcing /Users/mochi/.config/nvim/dein/.cache/init.vim/.dein/autoload/denops/util.vim
289.585  000.720  000.587: sourcing /Users/mochi/.config/nvim/dein/.cache/init.vim/.dein/autoload/denops/server.vim
290.056  000.119  000.119: sourcing /Users/mochi/.config/nvim/dein/.cache/init.vim/.dein/autoload/denops/job.vim
294.113  000.948  000.948: sourcing /Users/mochi/.config/nvim/dein/.cache/init.vim/.dein/autoload/fern_git_status.vim
294.933  004.721: VimEnter autocommands
294.940  000.007: UIEnter autocommands
295.523  000.390  000.390: sourcing /usr/local/Cellar/neovim/0.6.1/share/nvim/runtime/autoload/provider/clipboard.vim
295.553  000.224: before starting main loop
297.176  001.416  001.416: sourcing /Users/mochi/.config/nvim/dein/repos/github.com/neoclide/coc.nvim_release/autoload/coc/float.vim
317.258  000.478  000.478: sourcing /Users/mochi/.config/nvim/dein/.cache/init.vim/.dein/autoload/vital/gina.vim
323.676  000.209  000.209: sourcing /Users/mochi/.config/nvim/dein/.cache/init.vim/.dein/autoload/vital/__gina__/Git.vim
328.015  000.620  000.620: sourcing /Users/mochi/.config/nvim/dein/.cache/init.vim/.dein/autoload/vital/_gina/Text/INI.vim
329.004  000.267  000.267: sourcing /Users/mochi/.config/nvim/dein/.cache/init.vim/.dein/autoload/vital/_gina.vim
330.659  000.909  000.909: sourcing /Users/mochi/.config/nvim/dein/.cache/init.vim/.dein/autoload/vital/_gina/System/Filepath.vim
334.552  002.793  002.793: sourcing /Users/mochi/.config/nvim/dein/.cache/init.vim/.dein/autoload/vital/_gina/Data/String.vim
336.668  000.833  000.833: sourcing /Users/mochi/.config/nvim/dein/.cache/init.vim/.dein/autoload/vital/_gina/Data/List.vim
339.606  000.173  000.173: sourcing /Users/mochi/.config/nvim/dein/.cache/init.vim/.dein/autoload/vital/__gina__/System/Store.vim
343.670  000.260  000.260: sourcing /Users/mochi/.config/nvim/dein/.cache/init.vim/.dein/autoload/vital/_gina/Config.vim
343.964  000.914  000.654: sourcing /Users/mochi/.config/nvim/dein/.cache/init.vim/.dein/autoload/gina.vim
344.053  027.707  020.511: sourcing /Users/mochi/.config/nvim/dein/.cache/init.vim/.dein/autoload/gina/component/repo.vim
345.083  000.199  000.199: sourcing /Users/mochi/.config/nvim/dein/.cache/init.vim/.dein/autoload/vital/_gina/System/Cache/Memory.vim
345.805  000.248  000.248: sourcing /Users/mochi/.config/nvim/dein/.cache/init.vim/.dein/autoload/vital/_gina/System/Cache/Base.vim
346.771  000.553  000.553: sourcing /Users/mochi/.config/nvim/dein/.cache/init.vim/.dein/autoload/vital/_gina/Prelude.vim
347.546  003.197  002.196: sourcing /Users/mochi/.config/nvim/dein/.cache/init.vim/.dein/autoload/gina/core.vim
349.145  000.454  000.454: sourcing /Users/mochi/.config/nvim/dein/.cache/init.vim/.dein/autoload/vital/_gina/Vim/Buffer.vim
350.183  000.493  000.493: sourcing /Users/mochi/.config/nvim/dein/.cache/init.vim/.dein/autoload/vital/_gina/Vim/Guard.vim
351.020  000.302  000.302: sourcing /Users/mochi/.config/nvim/dein/.cache/init.vim/.dein/autoload/vital/_gina/Data/Dict.vim
351.885  000.360  000.360: sourcing /Users/mochi/.config/nvim/dein/.cache/init.vim/.dein/autoload/vital/_gina/Vim/Type.vim
352.531  000.145  000.145: sourcing /Users/mochi/.config/nvim/dein/.cache/init.vim/.dein/autoload/vital/_gina/Vim/Buffer/Opener.vim
353.049  000.224  000.224: sourcing /Users/mochi/.config/nvim/dein/.cache/init.vim/.dein/autoload/vital/_gina/Vim/BufferManager.vim
353.640  000.136  000.136: sourcing /Users/mochi/.config/nvim/dein/.cache/init.vim/.dein/autoload/vital/_gina/Vim/Window.vim
353.792  005.766  003.652: sourcing /Users/mochi/.config/nvim/dein/.cache/init.vim/.dein/autoload/gina/core/buffer.vim
357.638  000.213  000.213: sourcing /Users/mochi/.config/nvim/dein/.cache/init.vim/.dein/autoload/vital/_gina/Vim/Console.vim
357.970  000.962  000.749: sourcing /Users/mochi/.config/nvim/dein/.cache/init.vim/.dein/autoload/gina/core/console.vim
361.281  026.680: first screen update
361.284  000.003: --- NVIM STARTED ---
