

times in msec
 clock   self+sourced   self:  sourced script
 clock   elapsed:              other lines

000.033  000.033: --- NVIM STARTING ---
001.859  001.825: locale set
002.972  001.114: inits 1
003.031  000.059: window checked
007.474  004.443: parsing arguments
007.793  000.320: expanding arguments
007.876  000.082: inits 2
008.510  000.635: init highlight
008.514  000.003: waiting for UI
013.528  005.014: done waiting for UI
013.593  000.065: init screen for UI
013.627  000.033: init default mappings
013.840  000.213: init default autocommands
017.028  002.337  002.337: sourcing /Users/mochi/.local/share/nvim/site/autoload/plug.vim
035.066  000.606  000.606: sourcing /Users/mochi/.local/share/nvim/plugged/nvim-treesitter/ftdetect/fusion.vim
036.045  000.744  000.744: sourcing /Users/mochi/.local/share/nvim/plugged/nvim-treesitter/ftdetect/gdresource.vim
036.948  000.609  000.609: sourcing /Users/mochi/.local/share/nvim/plugged/nvim-treesitter/ftdetect/gdscript.vim
037.833  000.451  000.451: sourcing /Users/mochi/.local/share/nvim/plugged/nvim-treesitter/ftdetect/glimmer.vim
038.367  000.315  000.315: sourcing /Users/mochi/.local/share/nvim/plugged/nvim-treesitter/ftdetect/glsl.vim
039.076  000.464  000.464: sourcing /Users/mochi/.local/share/nvim/plugged/nvim-treesitter/ftdetect/gowork.vim
039.648  000.361  000.361: sourcing /Users/mochi/.local/share/nvim/plugged/nvim-treesitter/ftdetect/graphql.vim
040.127  000.279  000.279: sourcing /Users/mochi/.local/share/nvim/plugged/nvim-treesitter/ftdetect/hack.vim
040.456  000.144  000.144: sourcing /Users/mochi/.local/share/nvim/plugged/nvim-treesitter/ftdetect/hcl.vim
040.713  000.173  000.173: sourcing /Users/mochi/.local/share/nvim/plugged/nvim-treesitter/ftdetect/heex.vim
040.958  000.146  000.146: sourcing /Users/mochi/.local/share/nvim/plugged/nvim-treesitter/ftdetect/hjson.vim
041.209  000.161  000.161: sourcing /Users/mochi/.local/share/nvim/plugged/nvim-treesitter/ftdetect/json5.vim
041.461  000.162  000.162: sourcing /Users/mochi/.local/share/nvim/plugged/nvim-treesitter/ftdetect/ledger.vim
041.706  000.164  000.164: sourcing /Users/mochi/.local/share/nvim/plugged/nvim-treesitter/ftdetect/nix.vim
041.951  000.158  000.158: sourcing /Users/mochi/.local/share/nvim/plugged/nvim-treesitter/ftdetect/prisma.vim
042.216  000.182  000.182: sourcing /Users/mochi/.local/share/nvim/plugged/nvim-treesitter/ftdetect/pug.vim
042.464  000.161  000.161: sourcing /Users/mochi/.local/share/nvim/plugged/nvim-treesitter/ftdetect/ql.vim
042.745  000.195  000.195: sourcing /Users/mochi/.local/share/nvim/plugged/nvim-treesitter/ftdetect/query.vim
042.995  000.174  000.174: sourcing /Users/mochi/.local/share/nvim/plugged/nvim-treesitter/ftdetect/surface.vim
043.258  000.157  000.157: sourcing /Users/mochi/.local/share/nvim/plugged/nvim-treesitter/ftdetect/teal.vim
043.513  000.171  000.171: sourcing /Users/mochi/.local/share/nvim/plugged/nvim-treesitter/ftdetect/tlaplus.vim
043.715  000.124  000.124: sourcing /Users/mochi/.local/share/nvim/plugged/nvim-treesitter/ftdetect/yang.vim
044.177  018.157  012.054: sourcing /usr/local/Cellar/neovim/0.6.1/share/nvim/runtime/filetype.vim
044.744  000.362  000.362: sourcing /usr/local/Cellar/neovim/0.6.1/share/nvim/runtime/ftplugin.vim
045.321  000.364  000.364: sourcing /usr/local/Cellar/neovim/0.6.1/share/nvim/runtime/indent.vim
046.695  000.450  000.450: sourcing /usr/local/Cellar/neovim/0.6.1/share/nvim/runtime/syntax/synload.vim
046.818  001.361  000.911: sourcing /usr/local/Cellar/neovim/0.6.1/share/nvim/runtime/syntax/syntax.vim
048.849  000.480  000.480: sourcing /Users/mochi/.local/share/nvim/plugged/dracula/autoload/dracula.vim
051.775  004.773  004.293: sourcing /Users/mochi/.local/share/nvim/plugged/dracula/colors/dracula.vim
081.813  000.102  000.102: sourcing /Users/mochi/.config/nvim/config/fern.vim
081.886  000.010  000.010: sourcing /Users/mochi/.config/nvim/config/mini.vim
081.891  067.845  040.379: sourcing /Users/mochi/.config/nvim/init.vim
081.898  000.214: sourcing vimrc file(s)
083.913  001.562  001.562: sourcing /Users/mochi/.local/share/nvim/plugged/fzf/plugin/fzf.vim
084.994  000.373  000.373: sourcing /Users/mochi/.local/share/nvim/plugged/glyph-palette.vim/autoload/glyph_palette/defaults.vim
085.295  001.115  000.742: sourcing /Users/mochi/.local/share/nvim/plugged/glyph-palette.vim/plugin/glyph_palette.vim
086.037  000.440  000.440: sourcing /Users/mochi/.local/share/nvim/plugged/fern-hijack.vim/plugin/fern_hijack.vim
086.772  000.496  000.496: sourcing /Users/mochi/.local/share/nvim/plugged/vim-auto-save/plugin/AutoSave.vim
088.698  000.735  000.735: sourcing /Users/mochi/.local/share/nvim/plugged/vim-airline/autoload/airline/init.vim
089.422  000.284  000.284: sourcing /Users/mochi/.local/share/nvim/plugged/vim-airline/autoload/airline/parts.vim
090.246  000.335  000.335: sourcing /Users/mochi/.local/share/nvim/plugged/vim-airline/autoload/airline/formatter/short_path.vim
091.976  000.432  000.432: sourcing /Users/mochi/.local/share/nvim/plugged/vim-airline/autoload/airline/util.vim
092.141  005.103  003.318: sourcing /Users/mochi/.local/share/nvim/plugged/vim-airline/plugin/airline.vim
092.967  000.490  000.490: sourcing /Users/mochi/.local/share/nvim/plugged/vim-airline-themes/plugin/airline-themes.vim
095.444  001.094  001.094: sourcing /Users/mochi/.local/share/nvim/plugged/denops.vim/autoload/denops.vim
096.754  003.364  002.270: sourcing /Users/mochi/.local/share/nvim/plugged/denops.vim/plugin/denops.vim
098.877  001.518  001.518: sourcing /Users/mochi/.local/share/nvim/plugged/vim-closetag/plugin/closetag.vim
100.078  000.899  000.899: sourcing /Users/mochi/.local/share/nvim/plugged/indent-blankline.nvim/plugin/indent_blankline.vim
101.998  001.676  001.676: sourcing /Users/mochi/.local/share/nvim/plugged/nvim-ts-rainbow/plugin/rainbow.vim
103.342  001.059  001.059: sourcing /Users/mochi/.local/share/nvim/plugged/nvim-treesitter/plugin/nvim-treesitter.vim
105.057  000.672  000.672: sourcing /Users/mochi/.local/share/nvim/plugged/vim-gitgutter/autoload/gitgutter/utility.vim
106.033  000.377  000.377: sourcing /Users/mochi/.local/share/nvim/plugged/vim-gitgutter/autoload/gitgutter/highlight.vim
107.037  003.359  002.310: sourcing /Users/mochi/.local/share/nvim/plugged/vim-gitgutter/plugin/gitgutter.vim
109.003  001.642  001.642: sourcing /Users/mochi/.local/share/nvim/plugged/nvim-ts-autotag/plugin/nvim-ts-autotag.vim
109.738  000.471  000.471: sourcing /Users/mochi/.local/share/nvim/plugged/vim-startify/plugin/startify.vim
110.266  000.333  000.333: sourcing /Users/mochi/.local/share/nvim/plugged/which-key.nvim/plugin/which-key.vim
113.068  001.042  001.042: sourcing /Users/mochi/.local/share/nvim/plugged/vim-airline/autoload/airline.vim
114.671  000.130  000.130: sourcing /Users/mochi/.local/share/nvim/plugged/vim-devicons/autoload/devicons/plugins/startify.vim
114.708  004.258  003.087: sourcing /Users/mochi/.local/share/nvim/plugged/vim-devicons/plugin/webdevicons.vim
116.506  000.506  000.506: sourcing /usr/local/Cellar/neovim/0.6.1/share/nvim/runtime/plugin/gzip.vim
116.933  000.340  000.340: sourcing /usr/local/Cellar/neovim/0.6.1/share/nvim/runtime/plugin/health.vim
117.345  000.339  000.339: sourcing /usr/local/Cellar/neovim/0.6.1/share/nvim/runtime/plugin/man.vim
119.804  000.885  000.885: sourcing /usr/local/Cellar/neovim/0.6.1/share/nvim/runtime/pack/dist/opt/matchit/plugin/matchit.vim
120.067  002.643  001.759: sourcing /usr/local/Cellar/neovim/0.6.1/share/nvim/runtime/plugin/matchit.vim
120.843  000.685  000.685: sourcing /usr/local/Cellar/neovim/0.6.1/share/nvim/runtime/plugin/matchparen.vim
121.825  000.892  000.892: sourcing /usr/local/Cellar/neovim/0.6.1/share/nvim/runtime/plugin/netrwPlugin.vim
123.116  000.813  000.813: sourcing /Users/mochi/.local/share/nvim/rplugin.vim
123.137  001.201  000.388: sourcing /usr/local/Cellar/neovim/0.6.1/share/nvim/runtime/plugin/rplugin.vim
123.584  000.316  000.316: sourcing /usr/local/Cellar/neovim/0.6.1/share/nvim/runtime/plugin/shada.vim
123.933  000.226  000.226: sourcing /usr/local/Cellar/neovim/0.6.1/share/nvim/runtime/plugin/spellfile.vim
124.627  000.575  000.575: sourcing /usr/local/Cellar/neovim/0.6.1/share/nvim/runtime/plugin/tarPlugin.vim
125.265  000.441  000.441: sourcing /usr/local/Cellar/neovim/0.6.1/share/nvim/runtime/plugin/tohtml.vim
125.993  000.392  000.392: sourcing /usr/local/Cellar/neovim/0.6.1/share/nvim/runtime/plugin/tutor.vim
127.659  001.466  001.466: sourcing /usr/local/Cellar/neovim/0.6.1/share/nvim/runtime/plugin/zipPlugin.vim
132.215  012.510: loading rtp plugins
132.390  000.175: loading packages
134.300  001.283  001.283: sourcing /Users/mochi/.local/share/nvim/plugged/dracula/after/plugin/dracula.vim
134.494  000.821: loading after plugins
134.506  000.013: inits 3
136.916  002.410: reading ShaDa
142.429  001.262  001.262: sourcing /usr/local/Cellar/neovim/0.6.1/share/nvim/runtime/ftplugin/vim.vim
145.095  000.960  000.960: sourcing /usr/local/Cellar/neovim/0.6.1/share/nvim/runtime/indent/vim.vim
150.876  002.059  002.059: sourcing /usr/local/Cellar/neovim/0.6.1/share/nvim/runtime/syntax/lua.vim
151.513  005.936  003.877: sourcing /usr/local/Cellar/neovim/0.6.1/share/nvim/runtime/syntax/vim.vim
155.261  003.048  003.048: sourcing /usr/local/Cellar/neovim/0.6.1/share/nvim/runtime/syntax/vim/generated.vim
155.613  000.225  000.225: sourcing /Users/mochi/.local/share/nvim/plugged/dracula/after/syntax/vim.vim
156.772  000.671  000.671: sourcing /Users/mochi/.local/share/nvim/plugged/vim-airline/autoload/airline/extensions.vim
157.895  000.970  000.970: sourcing /Users/mochi/.local/share/nvim/plugged/vim-airline/autoload/airline/extensions/quickfix.vim
158.913  000.671  000.671: sourcing /Users/mochi/.local/share/nvim/plugged/vim-airline/autoload/airline/extensions/netrw.vim
159.500  000.377  000.377: sourcing /Users/mochi/.local/share/nvim/plugged/vim-airline/autoload/airline/extensions/fzf.vim
160.773  000.254  000.254: sourcing /Users/mochi/.local/share/nvim/plugged/vim-airline/autoload/airline/section.vim
161.884  000.910  000.910: sourcing /Users/mochi/.local/share/nvim/plugged/vim-airline/autoload/airline/highlighter.vim
162.200  002.424  001.260: sourcing /Users/mochi/.local/share/nvim/plugged/vim-airline/autoload/airline/extensions/term.vim
162.788  000.319  000.319: sourcing /Users/mochi/.local/share/nvim/plugged/vim-airline/autoload/airline/extensions/hunks.vim
164.063  001.040  001.040: sourcing /Users/mochi/.local/share/nvim/plugged/vim-airline/autoload/airline/extensions/branch.vim
175.422  000.359  000.359: sourcing /Users/mochi/.local/share/nvim/plugged/vim-airline/autoload/airline/extensions/nvimlsp.vim
176.574  000.846  000.846: sourcing /Users/mochi/.local/share/nvim/plugged/vim-airline/autoload/airline/extensions/whitespace.vim
177.856  000.518  000.518: sourcing /Users/mochi/.local/share/nvim/plugged/vim-airline/autoload/airline/extensions/po.vim
178.458  000.398  000.398: sourcing /Users/mochi/.local/share/nvim/plugged/vim-airline/autoload/airline/extensions/wordcount.vim
179.038  000.260  000.260: sourcing /Users/mochi/.local/share/nvim/plugged/vim-airline/autoload/airline/extensions/keymap.vim
179.947  000.420  000.420: sourcing /Users/mochi/.local/share/nvim/plugged/vim-airline/autoload/airline/extensions/searchcount.vim
185.990  000.192  000.192: sourcing /Users/mochi/.local/share/nvim/plugged/vim-airline/autoload/airline/themes.vim
187.126  001.708  001.515: sourcing /Users/mochi/.local/share/nvim/plugged/dracula/autoload/airline/themes/dracula.vim
193.901  000.909  000.909: sourcing /Users/mochi/.local/share/nvim/plugged/dracula/autoload/airline/themes/dracula.vim
208.770  000.569  000.569: sourcing /Users/mochi/.local/share/nvim/plugged/vim-airline/autoload/airline/builder.vim
209.426  000.239  000.239: sourcing /Users/mochi/.local/share/nvim/plugged/vim-airline/autoload/airline/extensions/default.vim
253.571  092.529: opening buffers
254.732  000.689  000.689: sourcing /Users/mochi/.local/share/nvim/plugged/vim-gitgutter/autoload/gitgutter.vim
254.995  000.735: BufEnter autocommands
254.998  000.002: editing files in windows
265.760  000.612  000.612: sourcing /Users/mochi/.local/share/nvim/plugged/denops.vim/autoload/denops/util.vim
266.259  002.044  001.433: sourcing /Users/mochi/.local/share/nvim/plugged/denops.vim/autoload/denops/server.vim
266.702  000.240  000.240: sourcing /Users/mochi/.local/share/nvim/plugged/denops.vim/autoload/denops/job.vim
270.043  012.760: VimEnter autocommands
270.051  000.008: UIEnter autocommands
271.212  000.951  000.951: sourcing /usr/local/Cellar/neovim/0.6.1/share/nvim/runtime/autoload/provider/clipboard.vim
271.223  000.221: before starting main loop
5590.354  000.609  000.609: sourcing /Users/mochi/.local/share/nvim/plugged/vim-gitgutter/autoload/gitgutter/hunk.vim
5591.411  000.455  000.455: sourcing /Users/mochi/.local/share/nvim/plugged/vim-airline/autoload/airline/async.vim
5600.870  5328.584: first screen update
5600.878  000.008: --- NVIM STARTED ---
