

times in msec
 clock   self+sourced   self:  sourced script
 clock   elapsed:              other lines

000.011  000.011: --- NVIM STARTING ---
001.549  001.538: locale set
002.704  001.155: inits 1
003.902  001.198: window checked
004.293  000.391: parsing arguments
010.340  006.047: expanding arguments
010.710  000.370: inits 2
011.694  000.984: init highlight
011.698  000.004: waiting for UI
019.239  007.541: done waiting for UI
019.540  000.300: init screen for UI
019.619  000.080: init default mappings
019.717  000.097: init default autocommands
020.950  000.477  000.477: sourcing /usr/local/share/nvim/runtime/ftplugin.vim
021.423  000.343  000.343: sourcing /usr/local/share/nvim/runtime/indent.vim
023.053  000.421  000.421: sourcing /usr/local/share/nvim/runtime/syntax/synload.vim
023.641  000.414  000.414: sourcing /usr/local/share/nvim/runtime/filetype.lua
038.597  014.863  014.863: sourcing /usr/local/share/nvim/runtime/filetype.vim
043.221  001.534  001.534: sourcing /usr/local/share/nvim/runtime/ftplugin/vim.vim
046.535  000.992  000.992: sourcing /usr/local/share/nvim/runtime/indent/vim.vim
057.455  003.220  003.220: sourcing /usr/local/share/nvim/runtime/syntax/lua.vim
058.468  011.373  008.154: sourcing /usr/local/share/nvim/runtime/syntax/vim.vim
063.775  005.131  005.131: sourcing /usr/local/share/nvim/runtime/syntax/vim/generated.vim
064.346  042.106  007.379: sourcing /usr/local/share/nvim/runtime/syntax/syntax.vim
068.599  004.026  004.026: sourcing /Users/mochi/.local/share/nvim/site/autoload/plug.vim
086.693  001.773  001.773: sourcing /usr/local/share/nvim/runtime/ftoff.vim
101.161  000.164  000.164: sourcing /usr/local/share/nvim/runtime/filetype.lua
117.554  016.266  016.266: sourcing /usr/local/share/nvim/runtime/filetype.vim
117.848  000.034  000.034: sourcing /usr/local/share/nvim/runtime/ftplugin.vim
118.270  000.037  000.037: sourcing /usr/local/share/nvim/runtime/indent.vim
121.635  000.519  000.519: sourcing /Users/mochi/.local/share/nvim/plugged/dracula/autoload/dracula.vim
128.986  010.183  009.664: sourcing /Users/mochi/.local/share/nvim/plugged/dracula/colors/dracula.vim
148.826  000.019  000.019: sourcing /Users/mochi/.config/nvim/config/mini.vim
149.665  000.764  000.764: sourcing /Users/mochi/.config/nvim/config/airline.vim
149.683  128.075  052.703: sourcing /Users/mochi/.config/nvim/init.vim
149.690  001.079: sourcing vimrc file(s)
152.114  000.666  000.666: sourcing /Users/mochi/.local/share/nvim/plugged/coc.nvim/autoload/coc/rpc.vim
154.723  002.373  002.373: sourcing /Users/mochi/.local/share/nvim/plugged/coc.nvim/autoload/coc/util.vim
156.730  001.225  001.225: sourcing /Users/mochi/.local/share/nvim/plugged/coc.nvim/autoload/coc/client.vim
167.416  016.726  012.461: sourcing /Users/mochi/.local/share/nvim/plugged/coc.nvim/plugin/coc.vim
171.562  003.466  003.466: sourcing /Users/mochi/.local/share/nvim/plugged/fzf/plugin/fzf.vim
173.300  000.506  000.506: sourcing /Users/mochi/.local/share/nvim/plugged/glyph-palette.vim/autoload/glyph_palette/defaults.vim
174.215  001.848  001.342: sourcing /Users/mochi/.local/share/nvim/plugged/glyph-palette.vim/plugin/glyph_palette.vim
175.267  000.480  000.480: sourcing /Users/mochi/.local/share/nvim/plugged/fern-hijack.vim/plugin/fern_hijack.vim
175.983  000.393  000.393: sourcing /Users/mochi/.local/share/nvim/plugged/gina.vim/plugin/gina.vim
177.345  000.680  000.680: sourcing /Users/mochi/.local/share/nvim/plugged/vim-auto-save/plugin/AutoSave.vim
178.316  000.332  000.332: sourcing /Users/mochi/.local/share/nvim/plugged/denops.vim/plugin/denops/debug.vim
179.288  000.449  000.449: sourcing /Users/mochi/.local/share/nvim/plugged/denops.vim/autoload/denops.vim
179.471  001.073  000.624: sourcing /Users/mochi/.local/share/nvim/plugged/denops.vim/plugin/denops.vim
180.764  001.018  001.018: sourcing /Users/mochi/.local/share/nvim/plugged/vim-closetag/plugin/closetag.vim
182.015  000.976  000.976: sourcing /Users/mochi/.local/share/nvim/plugged/indent-blankline.nvim/plugin/indent_blankline.vim
183.753  000.758  000.758: sourcing /Users/mochi/.local/share/nvim/plugged/vim-gitgutter/autoload/gitgutter/utility.vim
185.618  000.658  000.658: sourcing /Users/mochi/.local/share/nvim/plugged/vim-gitgutter/autoload/gitgutter/highlight.vim
188.345  006.011  004.595: sourcing /Users/mochi/.local/share/nvim/plugged/vim-gitgutter/plugin/gitgutter.vim
189.198  000.506  000.506: sourcing /Users/mochi/.local/share/nvim/plugged/registers.nvim/plugin/registers.vim
189.604  000.146  000.146: sourcing /Users/mochi/.local/share/nvim/plugged/which-key.nvim/plugin/which-key.vim
196.253  006.372  006.372: sourcing /Users/mochi/.local/share/nvim/plugged/vim-devicons/plugin/webdevicons.vim
199.008  001.340  001.340: sourcing /Users/mochi/.local/share/nvim/plugged/colorizer/autoload/colorizer.vim
199.994  003.321  001.981: sourcing /Users/mochi/.local/share/nvim/plugged/colorizer/plugin/colorizer.vim
201.262  000.778  000.778: sourcing /Users/mochi/.local/share/nvim/plugged/open-browser.vim/plugin/openbrowser.vim
202.576  000.503  000.503: sourcing /Users/mochi/.local/share/nvim/plugged/vsession/plugin/vsession.vim
203.361  000.389  000.389: sourcing /Users/mochi/.local/share/nvim/plugged/jumpcursor.vim/plugin/jumpcursor.vim
205.925  000.975  000.975: sourcing /usr/local/share/nvim/runtime/plugin/gzip.vim
206.354  000.293  000.293: sourcing /usr/local/share/nvim/runtime/plugin/health.vim
206.948  000.434  000.434: sourcing /usr/local/share/nvim/runtime/plugin/man.vim
210.564  001.059  001.059: sourcing /usr/local/share/nvim/runtime/pack/dist/opt/matchit/plugin/matchit.vim
210.844  003.767  002.708: sourcing /usr/local/share/nvim/runtime/plugin/matchit.vim
211.492  000.565  000.565: sourcing /usr/local/share/nvim/runtime/plugin/matchparen.vim
213.036  001.443  001.443: sourcing /usr/local/share/nvim/runtime/plugin/netrwPlugin.vim
214.049  000.341  000.341: sourcing /Users/mochi/.local/share/nvim/rplugin.vim
214.064  000.928  000.587: sourcing /usr/local/share/nvim/runtime/plugin/rplugin.vim
214.475  000.293  000.293: sourcing /usr/local/share/nvim/runtime/plugin/shada.vim
214.819  000.247  000.247: sourcing /usr/local/share/nvim/runtime/plugin/spellfile.vim
215.418  000.475  000.475: sourcing /usr/local/share/nvim/runtime/plugin/tarPlugin.vim
216.233  000.718  000.718: sourcing /usr/local/share/nvim/runtime/plugin/tohtml.vim
216.458  000.126  000.126: sourcing /usr/local/share/nvim/runtime/plugin/tutor.vim
216.996  000.445  000.445: sourcing /usr/local/share/nvim/runtime/plugin/zipPlugin.vim
220.845  015.429: loading rtp plugins
221.065  000.220: loading packages
223.169  001.079  001.079: sourcing /Users/mochi/.local/share/nvim/plugged/dracula/after/plugin/dracula.vim
223.468  001.324: loading after plugins
223.496  000.028: inits 3
229.644  006.148: reading ShaDa
236.089  000.482  000.482: sourcing /usr/local/share/nvim/runtime/ftplugin/vim.vim
238.929  000.077  000.077: sourcing /usr/local/share/nvim/runtime/indent/vim.vim
248.576  001.709  001.709: sourcing /usr/local/share/nvim/runtime/syntax/lua.vim
249.795  009.176  007.467: sourcing /usr/local/share/nvim/runtime/syntax/vim.vim
256.313  006.329  006.329: sourcing /usr/local/share/nvim/runtime/syntax/vim/generated.vim
256.909  000.340  000.340: sourcing /Users/mochi/.local/share/nvim/plugged/dracula/after/syntax/vim.vim
263.533  017.486: opening buffers
264.677  000.499  000.499: sourcing /Users/mochi/.local/share/nvim/plugged/vim-gitgutter/autoload/gitgutter.vim
577.027  312.995: BufEnter autocommands
577.041  000.013: editing files in windows
606.616  000.475  000.475: sourcing /Users/mochi/.local/share/nvim/plugged/denops.vim/autoload/denops/util.vim
607.502  001.984  001.508: sourcing /Users/mochi/.local/share/nvim/plugged/denops.vim/autoload/denops/server.vim
608.125  000.261  000.261: sourcing /Users/mochi/.local/share/nvim/plugged/denops.vim/autoload/denops/job.vim
618.838  039.553: VimEnter autocommands
618.847  000.009: UIEnter autocommands
620.445  001.082  001.082: sourcing /usr/local/share/nvim/runtime/autoload/provider/clipboard.vim
620.465  000.535: before starting main loop
666.113  000.585  000.585: sourcing /Users/mochi/.local/share/nvim/plugged/coc.nvim/autoload/coc.vim
668.476  047.426: first screen update
668.480  000.005: --- NVIM STARTED ---
