

times in msec
 clock   self+sourced   self:  sourced script
 clock   elapsed:              other lines

000.015  000.015: --- NVIM STARTING ---
001.696  001.682: locale set
002.761  001.065: inits 1
002.873  000.111: window checked
008.918  006.046: parsing arguments
009.246  000.328: expanding arguments
009.342  000.097: inits 2
009.950  000.608: init highlight
009.953  000.003: waiting for UI
015.959  006.005: done waiting for UI
016.392  000.433: init screen for UI
016.528  000.136: init default mappings
016.952  000.424: init default autocommands
021.899  002.641  002.641: sourcing /Users/mochi/.local/share/nvim/site/autoload/plug.vim
034.441  000.149  000.149: sourcing /Users/mochi/.config/nvim/config/airline.vim
035.153  000.626  000.626: sourcing /Users/mochi/.config/nvim/config/coc.nvim.vim
059.285  017.422  017.422: sourcing /usr/local/Cellar/neovim/0.6.1/share/nvim/runtime/filetype.vim
060.490  000.102  000.102: sourcing /usr/local/Cellar/neovim/0.6.1/share/nvim/runtime/ftplugin.vim
061.038  000.075  000.075: sourcing /usr/local/Cellar/neovim/0.6.1/share/nvim/runtime/indent.vim
061.968  000.167  000.167: sourcing /usr/local/Cellar/neovim/0.6.1/share/nvim/runtime/syntax/synload.vim
062.127  000.826  000.658: sourcing /usr/local/Cellar/neovim/0.6.1/share/nvim/runtime/syntax/syntax.vim
064.089  000.148  000.148: sourcing /Users/mochi/.local/share/nvim/plugged/dracula/autoload/dracula.vim
068.967  006.572  006.424: sourcing /Users/mochi/.local/share/nvim/plugged/dracula/colors/dracula.vim
079.101  000.744  000.744: sourcing /Users/mochi/.config/nvim/config/fern.vim
079.310  000.019  000.019: sourcing /Users/mochi/.config/nvim/config/mini.vim
079.319  062.063  032.886: sourcing /Users/mochi/.config/nvim/init.vim
079.324  000.309: sourcing vimrc file(s)
081.298  001.432  001.432: sourcing /Users/mochi/.local/share/nvim/plugged/fzf/plugin/fzf.vim
082.126  000.144  000.144: sourcing /Users/mochi/.local/share/nvim/plugged/glyph-palette.vim/autoload/glyph_palette/defaults.vim
082.533  000.699  000.555: sourcing /Users/mochi/.local/share/nvim/plugged/glyph-palette.vim/plugin/glyph_palette.vim
082.924  000.123  000.123: sourcing /Users/mochi/.local/share/nvim/plugged/fern-hijack.vim/plugin/fern_hijack.vim
083.344  000.168  000.168: sourcing /Users/mochi/.local/share/nvim/plugged/vim-auto-save/plugin/AutoSave.vim
084.202  000.162  000.162: sourcing /Users/mochi/.local/share/nvim/plugged/coc.nvim/autoload/coc/rpc.vim
085.096  000.759  000.759: sourcing /Users/mochi/.local/share/nvim/plugged/coc.nvim/autoload/coc/util.vim
085.802  000.327  000.327: sourcing /Users/mochi/.local/share/nvim/plugged/coc.nvim/autoload/coc/client.vim
094.558  010.862  009.615: sourcing /Users/mochi/.local/share/nvim/plugged/coc.nvim/plugin/coc.vim
095.519  000.143  000.143: sourcing /Users/mochi/.local/share/nvim/plugged/denops.vim/autoload/denops.vim
095.894  000.804  000.660: sourcing /Users/mochi/.local/share/nvim/plugged/denops.vim/plugin/denops.vim
097.251  000.864  000.864: sourcing /Users/mochi/.local/share/nvim/plugged/vim-closetag/plugin/closetag.vim
099.636  001.373  001.373: sourcing /Users/mochi/.local/share/nvim/plugged/indent-blankline.nvim/plugin/indent_blankline.vim
100.709  000.299  000.299: sourcing /Users/mochi/.local/share/nvim/plugged/vim-gitgutter/autoload/gitgutter/utility.vim
101.477  000.205  000.205: sourcing /Users/mochi/.local/share/nvim/plugged/vim-gitgutter/autoload/gitgutter/highlight.vim
102.823  002.753  002.250: sourcing /Users/mochi/.local/share/nvim/plugged/vim-gitgutter/plugin/gitgutter.vim
103.377  000.190  000.190: sourcing /Users/mochi/.local/share/nvim/plugged/vim-startify/plugin/startify.vim
103.675  000.033  000.033: sourcing /Users/mochi/.local/share/nvim/plugged/which-key.nvim/plugin/which-key.vim
110.105  000.054  000.054: sourcing /Users/mochi/.local/share/nvim/plugged/vim-devicons/autoload/devicons/plugins/startify.vim
110.171  006.075  006.021: sourcing /Users/mochi/.local/share/nvim/plugged/vim-devicons/plugin/webdevicons.vim
113.573  000.965  000.965: sourcing /usr/local/Cellar/neovim/0.6.1/share/nvim/runtime/plugin/gzip.vim
113.940  000.034  000.034: sourcing /usr/local/Cellar/neovim/0.6.1/share/nvim/runtime/plugin/health.vim
114.150  000.124  000.124: sourcing /usr/local/Cellar/neovim/0.6.1/share/nvim/runtime/plugin/man.vim
116.352  000.326  000.326: sourcing /usr/local/Cellar/neovim/0.6.1/share/nvim/runtime/pack/dist/opt/matchit/plugin/matchit.vim
116.623  002.397  002.070: sourcing /usr/local/Cellar/neovim/0.6.1/share/nvim/runtime/plugin/matchit.vim
116.968  000.256  000.256: sourcing /usr/local/Cellar/neovim/0.6.1/share/nvim/runtime/plugin/matchparen.vim
118.062  000.914  000.914: sourcing /usr/local/Cellar/neovim/0.6.1/share/nvim/runtime/plugin/netrwPlugin.vim
118.537  000.029  000.029: sourcing /Users/mochi/.local/share/nvim/rplugin.vim
118.548  000.343  000.314: sourcing /usr/local/Cellar/neovim/0.6.1/share/nvim/runtime/plugin/rplugin.vim
118.830  000.189  000.189: sourcing /usr/local/Cellar/neovim/0.6.1/share/nvim/runtime/plugin/shada.vim
119.013  000.052  000.052: sourcing /usr/local/Cellar/neovim/0.6.1/share/nvim/runtime/plugin/spellfile.vim
119.297  000.196  000.196: sourcing /usr/local/Cellar/neovim/0.6.1/share/nvim/runtime/plugin/tarPlugin.vim
119.510  000.121  000.121: sourcing /usr/local/Cellar/neovim/0.6.1/share/nvim/runtime/plugin/tohtml.vim
119.640  000.041  000.041: sourcing /usr/local/Cellar/neovim/0.6.1/share/nvim/runtime/plugin/tutor.vim
120.018  000.295  000.295: sourcing /usr/local/Cellar/neovim/0.6.1/share/nvim/runtime/plugin/zipPlugin.vim
122.801  012.173: loading rtp plugins
123.032  000.231: loading packages
124.663  000.659  000.659: sourcing /Users/mochi/.local/share/nvim/plugged/dracula/after/plugin/dracula.vim
124.839  001.148: loading after plugins
124.864  000.025: inits 3
129.231  004.366: reading ShaDa
137.700  008.469: opening buffers
143.404  000.213  000.213: sourcing /Users/mochi/.local/share/nvim/plugged/fern.vim/plugin/fern.vim
144.621  000.378  000.378: sourcing /Users/mochi/.local/share/nvim/plugged/fern-git-status.vim/plugin/fern_git_status.vim
146.904  000.481  000.481: sourcing /Users/mochi/.local/share/nvim/plugged/fern.vim/autoload/vital/fern.vim
147.335  000.146  000.146: sourcing /Users/mochi/.local/share/nvim/plugged/fern.vim/autoload/vital/_fern/Config.vim
147.779  000.105  000.105: sourcing /Users/mochi/.local/share/nvim/plugged/fern.vim/autoload/vital/_fern.vim
148.746  002.490  001.758: sourcing /Users/mochi/.local/share/nvim/plugged/fern.vim/autoload/fern.vim
148.781  003.439  000.949: sourcing /Users/mochi/.local/share/nvim/plugged/fern-renderer-nerdfont.vim/plugin/fern_renderer_nerdfont.vim
150.876  000.593  000.593: sourcing /Users/mochi/.local/share/nvim/plugged/fern.vim/autoload/vital/_fern/Async/Promise.vim
151.625  000.195  000.195: sourcing /Users/mochi/.local/share/nvim/plugged/fern.vim/autoload/vital/_fern/Async/Later.vim
152.095  002.311  001.524: sourcing /Users/mochi/.local/share/nvim/plugged/fern.vim/autoload/fern/mapping.vim
152.111  002.521  000.210: sourcing /Users/mochi/.local/share/nvim/plugged/fern-bookmark.vim/plugin/fern_bookmark.vim
154.555  000.661  000.661: sourcing /usr/local/Cellar/neovim/0.6.1/share/nvim/runtime/scripts.vim
155.144  000.213  000.213: sourcing /Users/mochi/.local/share/nvim/plugged/fern.vim/autoload/fern/internal/command/fern.vim
155.322  000.064  000.064: sourcing /Users/mochi/.local/share/nvim/plugged/fern.vim/autoload/fern/internal/args.vim
155.980  000.083  000.083: sourcing /Users/mochi/.local/share/nvim/plugged/fern.vim/autoload/fern/internal/drawer.vim
156.318  000.226  000.226: sourcing /Users/mochi/.local/share/nvim/plugged/fern.vim/autoload/fern/fri.vim
156.912  000.254  000.254: sourcing /Users/mochi/.local/share/nvim/plugged/fern.vim/autoload/fern/util.vim
157.321  000.096  000.096: sourcing /Users/mochi/.local/share/nvim/plugged/fern.vim/autoload/fern/fri/from.vim
158.483  000.824  000.824: sourcing /Users/mochi/.local/share/nvim/plugged/fern.vim/autoload/fern/internal/filepath.vim
160.075  000.337  000.337: sourcing /Users/mochi/.local/share/nvim/plugged/fern.vim/autoload/fern/internal/path.vim
162.540  001.155  001.155: sourcing /Users/mochi/.local/share/nvim/plugged/fern.vim/autoload/fern/logger.vim
163.412  000.338  000.338: sourcing /Users/mochi/.local/share/nvim/plugged/fern.vim/autoload/fern/hook.vim
171.758  000.185  000.185: sourcing /Users/mochi/.local/share/nvim/plugged/fern.vim/autoload/fern/internal/command/reveal.vim
172.260  000.130  000.130: sourcing /Users/mochi/.local/share/nvim/plugged/fern.vim/autoload/vital/_fern/Lambda.vim
172.799  000.860  000.730: sourcing /Users/mochi/.local/share/nvim/plugged/fern.vim/autoload/fern/internal/viewer.vim
173.280  000.097  000.097: sourcing /Users/mochi/.local/share/nvim/plugged/fern.vim/autoload/fern/internal/buffer.vim
173.957  000.049  000.049: sourcing /Users/mochi/.local/share/nvim/plugged/fern.vim/autoload/fern/internal/viewer/auto_duplication.vim
174.174  000.050  000.050: sourcing /Users/mochi/.local/share/nvim/plugged/fern.vim/autoload/fern/internal/viewer/hide_cursor.vim
174.855  000.192  000.192: sourcing /Users/mochi/.local/share/nvim/plugged/vim-gitgutter/autoload/gitgutter.vim
175.250  000.174  000.174: sourcing /Users/mochi/.local/share/nvim/plugged/vim-gitgutter/autoload/gitgutter/sign.vim
176.243  000.796  000.796: sourcing /Users/mochi/.local/share/nvim/plugged/vim-gitgutter/autoload/gitgutter/hunk.vim
177.694  000.145  000.145: sourcing /Users/mochi/.local/share/nvim/plugged/fern.vim/autoload/fern/internal/scheme.vim
178.478  000.335  000.335: sourcing /Users/mochi/.local/share/nvim/plugged/fern.vim/autoload/vital/_fern/Async/Lambda.vim
179.076  000.154  000.154: sourcing /Users/mochi/.local/share/nvim/plugged/fern.vim/autoload/vital/_fern/Data/List/Chunker.vim
179.668  000.291  000.291: sourcing /Users/mochi/.local/share/nvim/plugged/fern.vim/autoload/vital/_fern/Async/Promise/Process.vim
180.125  000.222  000.222: sourcing /Users/mochi/.local/share/nvim/plugged/fern.vim/autoload/vital/_fern/System/Job.vim
180.800  000.403  000.403: sourcing /Users/mochi/.local/share/nvim/plugged/fern.vim/autoload/vital/_fern/System/Job/Neovim.vim
181.439  000.259  000.259: sourcing /Users/mochi/.local/share/nvim/plugged/fern.vim/autoload/vital/_fern/Async/CancellationToken.vim
182.593  000.541  000.541: sourcing /Users/mochi/.local/share/nvim/plugged/fern.vim/autoload/fern/scheme/file/util.vim
182.718  004.889  002.684: sourcing /Users/mochi/.local/share/nvim/plugged/fern.vim/autoload/fern/scheme/file/provider.vim
183.553  000.266  000.266: sourcing /Users/mochi/.local/share/nvim/plugged/fern.vim/autoload/vital/_fern/Async/CancellationTokenSource.vim
183.847  000.992  000.726: sourcing /Users/mochi/.local/share/nvim/plugged/fern.vim/autoload/fern/internal/core.vim
184.779  000.522  000.522: sourcing /Users/mochi/.local/share/nvim/plugged/fern.vim/autoload/fern/internal/node.vim
185.373  000.095  000.095: sourcing /Users/mochi/.local/share/nvim/plugged/fern.vim/autoload/fern/fri/to.vim
186.425  000.224  000.224: sourcing /Users/mochi/.local/share/nvim/plugged/fern.vim/autoload/fern/scheme/file.vim
187.069  000.062  000.062: sourcing /Users/mochi/.local/share/nvim/plugged/nerdfont.vim/autoload/nerdfont.vim
187.296  000.112  000.112: sourcing /Users/mochi/.local/share/nvim/plugged/nerdfont.vim/autoload/nerdfont/path/pattern.vim
187.723  000.206  000.206: sourcing /Users/mochi/.local/share/nvim/plugged/nerdfont.vim/autoload/nerdfont/path/basename.vim
188.112  000.242  000.242: sourcing /Users/mochi/.local/share/nvim/plugged/nerdfont.vim/autoload/nerdfont/path/extension.vim
188.313  001.654  001.031: sourcing /Users/mochi/.local/share/nvim/plugged/fern-renderer-nerdfont.vim/autoload/fern/renderer/nerdfont.vim
188.908  000.477  000.477: sourcing /Users/mochi/.local/share/nvim/plugged/fern.vim/autoload/fern/renderer/default.vim
189.171  000.095  000.095: sourcing /Users/mochi/.local/share/nvim/plugged/fern.vim/autoload/fern/comparator/default.vim
189.415  000.114  000.114: sourcing /Users/mochi/.local/share/nvim/plugged/fern.vim/autoload/fern/helper.vim
190.217  000.321  000.321: sourcing /Users/mochi/.local/share/nvim/plugged/fern.vim/autoload/vital/_fern/Vim/Window/Cursor.vim
190.756  001.174  000.853: sourcing /Users/mochi/.local/share/nvim/plugged/fern.vim/autoload/fern/helper/sync.vim
191.406  000.446  000.446: sourcing /Users/mochi/.local/share/nvim/plugged/fern.vim/autoload/fern/helper/async.vim
191.851  000.286  000.286: sourcing /Users/mochi/.local/share/nvim/plugged/fern.vim/autoload/fern/mapping/diff.vim
192.705  000.093  000.093: sourcing /Users/mochi/.local/share/nvim/plugged/fern.vim/autoload/fern/mapping/drawer.vim
193.088  000.161  000.161: sourcing /Users/mochi/.local/share/nvim/plugged/fern.vim/autoload/fern/mapping/filter.vim
193.689  000.286  000.286: sourcing /Users/mochi/.local/share/nvim/plugged/fern.vim/autoload/fern/mapping/mark.vim
194.517  000.459  000.459: sourcing /Users/mochi/.local/share/nvim/plugged/fern.vim/autoload/fern/mapping/node.vim
195.291  000.327  000.327: sourcing /Users/mochi/.local/share/nvim/plugged/fern.vim/autoload/fern/mapping/open.vim
196.334  000.214  000.214: sourcing /Users/mochi/.local/share/nvim/plugged/fern.vim/autoload/fern/mapping/tree.vim
196.778  000.278  000.278: sourcing /Users/mochi/.local/share/nvim/plugged/fern.vim/autoload/fern/mapping/wait.vim
197.064  000.138  000.138: sourcing /Users/mochi/.local/share/nvim/plugged/fern.vim/autoload/fern/mapping/yank.vim
198.428  000.658  000.658: sourcing /Users/mochi/.local/share/nvim/plugged/fern-bookmark.vim/autoload/vital/fern_bookmark.vim
199.221  000.392  000.392: sourcing /Users/mochi/.local/share/nvim/plugged/fern-bookmark.vim/autoload/vital/_fern_bookmark/Async/Promise.vim
199.456  000.065  000.065: sourcing /Users/mochi/.local/share/nvim/plugged/fern-bookmark.vim/autoload/vital/_fern_bookmark.vim
199.956  000.133  000.133: sourcing /Users/mochi/.local/share/nvim/plugged/fern-bookmark.vim/autoload/vital/_fern_bookmark/Async/Later.vim
200.138  002.719  001.471: sourcing /Users/mochi/.local/share/nvim/plugged/fern-bookmark.vim/autoload/fern/mapping/bookmark.vim
200.559  000.248  000.248: sourcing /Users/mochi/.local/share/nvim/plugged/fern.vim/autoload/fern/scheme/file/mapping.vim
200.982  000.149  000.149: sourcing /Users/mochi/.local/share/nvim/plugged/fern.vim/autoload/fern/scheme/file/mapping/cd.vim
201.450  000.185  000.185: sourcing /Users/mochi/.local/share/nvim/plugged/fern.vim/autoload/fern/scheme/file/mapping/clipboard.vim
201.917  000.232  000.232: sourcing /Users/mochi/.local/share/nvim/plugged/fern.vim/autoload/fern/scheme/file/mapping/ex.vim
202.506  000.407  000.407: sourcing /Users/mochi/.local/share/nvim/plugged/fern.vim/autoload/fern/scheme/file/mapping/grep.vim
202.872  000.200  000.200: sourcing /Users/mochi/.local/share/nvim/plugged/fern.vim/autoload/fern/scheme/file/mapping/rename.vim
203.311  000.133  000.133: sourcing /Users/mochi/.local/share/nvim/plugged/fern.vim/autoload/fern/scheme/file/mapping/system.vim
203.632  000.155  000.155: sourcing /Users/mochi/.local/share/nvim/plugged/fern.vim/autoload/fern/scheme/file/mapping/terminal.vim
204.026  000.067  000.067: sourcing /Users/mochi/.local/share/nvim/plugged/fern.vim/autoload/fern/scheme/file/mapping/yank.vim
204.762  000.138  000.138: sourcing /Users/mochi/.local/share/nvim/plugged/fern.vim/autoload/vital/_fern/App/Spinner.vim
205.483  001.115  000.976: sourcing /Users/mochi/.local/share/nvim/plugged/fern.vim/autoload/fern/internal/spinner.vim
205.946  000.072  000.072: sourcing /Users/mochi/.local/share/nvim/plugged/fern.vim/ftplugin/fern.vim
210.098  000.234  000.234: sourcing /Users/mochi/.local/share/nvim/plugged/glyph-palette.vim/autoload/glyph_palette.vim
212.202  000.382  000.382: sourcing /Users/mochi/.local/share/nvim/plugged/fern.vim/autoload/vital/_fern/App/Action.vim
212.691  001.219  000.837: sourcing /Users/mochi/.local/share/nvim/plugged/fern.vim/autoload/fern/action.vim
223.302  000.101  000.101: sourcing /Users/mochi/.local/share/nvim/plugged/fern.vim/autoload/fern/profile.vim
225.502  054.290: BufEnter autocommands
225.506  000.005: editing files in windows
255.568  000.342  000.342: sourcing /Users/mochi/.local/share/nvim/plugged/denops.vim/autoload/denops/util.vim
256.556  001.882  001.540: sourcing /Users/mochi/.local/share/nvim/plugged/denops.vim/autoload/denops/server.vim
267.427  000.405  000.405: sourcing /Users/mochi/.local/share/nvim/plugged/denops.vim/autoload/denops/job.vim
281.450  000.463  000.463: sourcing /Users/mochi/.local/share/nvim/plugged/fern-git-status.vim/autoload/fern_git_status.vim
281.751  053.494: VimEnter autocommands
281.757  000.006: UIEnter autocommands
282.655  000.540  000.540: sourcing /usr/local/Cellar/neovim/0.6.1/share/nvim/runtime/autoload/provider/clipboard.vim
282.679  000.382: before starting main loop
286.511  003.496  003.496: sourcing /Users/mochi/.local/share/nvim/plugged/coc.nvim/autoload/coc/float.vim
290.207  004.032: first screen update
290.219  000.012: --- NVIM STARTED ---
