

times in msec
 clock   self+sourced   self:  sourced script
 clock   elapsed:              other lines

000.006  000.006: --- NVIM STARTING ---
000.682  000.676: locale set
001.395  000.714: inits 1
001.437  000.042: window checked
005.290  003.853: parsing arguments
005.527  000.236: expanding arguments
005.624  000.097: inits 2
006.052  000.428: init highlight
006.054  000.002: waiting for UI
010.776  004.722: done waiting for UI
010.845  000.069: init screen for UI
010.892  000.047: init default mappings
011.053  000.161: init default autocommands
013.293  001.515  001.515: sourcing /Users/mochi/.local/share/nvim/site/autoload/plug.vim
030.884  000.031  000.031: sourcing /Users/mochi/.local/share/nvim/plugged/nvim-treesitter/ftdetect/fusion.vim
030.965  000.020  000.020: sourcing /Users/mochi/.local/share/nvim/plugged/nvim-treesitter/ftdetect/gdresource.vim
031.024  000.013  000.013: sourcing /Users/mochi/.local/share/nvim/plugged/nvim-treesitter/ftdetect/gdscript.vim
031.095  000.020  000.020: sourcing /Users/mochi/.local/share/nvim/plugged/nvim-treesitter/ftdetect/glimmer.vim
031.162  000.020  000.020: sourcing /Users/mochi/.local/share/nvim/plugged/nvim-treesitter/ftdetect/glsl.vim
031.234  000.019  000.019: sourcing /Users/mochi/.local/share/nvim/plugged/nvim-treesitter/ftdetect/gowork.vim
031.320  000.029  000.029: sourcing /Users/mochi/.local/share/nvim/plugged/nvim-treesitter/ftdetect/graphql.vim
031.387  000.022  000.022: sourcing /Users/mochi/.local/share/nvim/plugged/nvim-treesitter/ftdetect/hack.vim
031.454  000.023  000.023: sourcing /Users/mochi/.local/share/nvim/plugged/nvim-treesitter/ftdetect/hcl.vim
031.514  000.015  000.015: sourcing /Users/mochi/.local/share/nvim/plugged/nvim-treesitter/ftdetect/heex.vim
031.576  000.018  000.018: sourcing /Users/mochi/.local/share/nvim/plugged/nvim-treesitter/ftdetect/hjson.vim
031.642  000.018  000.018: sourcing /Users/mochi/.local/share/nvim/plugged/nvim-treesitter/ftdetect/json5.vim
031.716  000.023  000.023: sourcing /Users/mochi/.local/share/nvim/plugged/nvim-treesitter/ftdetect/ledger.vim
031.781  000.018  000.018: sourcing /Users/mochi/.local/share/nvim/plugged/nvim-treesitter/ftdetect/nix.vim
031.843  000.016  000.016: sourcing /Users/mochi/.local/share/nvim/plugged/nvim-treesitter/ftdetect/prisma.vim
031.909  000.017  000.017: sourcing /Users/mochi/.local/share/nvim/plugged/nvim-treesitter/ftdetect/pug.vim
031.980  000.024  000.024: sourcing /Users/mochi/.local/share/nvim/plugged/nvim-treesitter/ftdetect/ql.vim
032.052  000.029  000.029: sourcing /Users/mochi/.local/share/nvim/plugged/nvim-treesitter/ftdetect/query.vim
032.116  000.018  000.018: sourcing /Users/mochi/.local/share/nvim/plugged/nvim-treesitter/ftdetect/surface.vim
032.191  000.023  000.023: sourcing /Users/mochi/.local/share/nvim/plugged/nvim-treesitter/ftdetect/teal.vim
032.255  000.018  000.018: sourcing /Users/mochi/.local/share/nvim/plugged/nvim-treesitter/ftdetect/tlaplus.vim
032.318  000.018  000.018: sourcing /Users/mochi/.local/share/nvim/plugged/nvim-treesitter/ftdetect/yang.vim
032.802  010.231  009.781: sourcing /usr/local/Cellar/neovim/0.6.1/share/nvim/runtime/filetype.vim
033.049  000.043  000.043: sourcing /usr/local/Cellar/neovim/0.6.1/share/nvim/runtime/ftplugin.vim
033.244  000.033  000.033: sourcing /usr/local/Cellar/neovim/0.6.1/share/nvim/runtime/indent.vim
033.602  000.098  000.098: sourcing /usr/local/Cellar/neovim/0.6.1/share/nvim/runtime/syntax/synload.vim
033.703  000.374  000.276: sourcing /usr/local/Cellar/neovim/0.6.1/share/nvim/runtime/syntax/syntax.vim
034.853  000.106  000.106: sourcing /Users/mochi/.local/share/nvim/plugged/dracula/autoload/dracula.vim
037.259  003.353  003.247: sourcing /Users/mochi/.local/share/nvim/plugged/dracula/colors/dracula.vim
043.351  000.081  000.081: sourcing /Users/mochi/.config/nvim/config/fern.vim
043.428  000.008  000.008: sourcing /Users/mochi/.config/nvim/config/mini.vim
043.433  032.230  016.590: sourcing /Users/mochi/.config/nvim/init.vim
043.447  000.164: sourcing vimrc file(s)
044.628  000.829  000.829: sourcing /Users/mochi/.local/share/nvim/plugged/fzf/plugin/fzf.vim
045.251  000.105  000.105: sourcing /Users/mochi/.local/share/nvim/plugged/glyph-palette.vim/autoload/glyph_palette/defaults.vim
045.622  000.579  000.474: sourcing /Users/mochi/.local/share/nvim/plugged/glyph-palette.vim/plugin/glyph_palette.vim
046.118  000.164  000.164: sourcing /Users/mochi/.local/share/nvim/plugged/fern-hijack.vim/plugin/fern_hijack.vim
046.706  000.171  000.171: sourcing /Users/mochi/.local/share/nvim/plugged/vim-auto-save/plugin/AutoSave.vim
047.631  000.137  000.137: sourcing /Users/mochi/.local/share/nvim/plugged/vim-airline/autoload/airline/init.vim
048.038  000.087  000.087: sourcing /Users/mochi/.local/share/nvim/plugged/vim-airline/autoload/airline/parts.vim
048.379  000.081  000.081: sourcing /Users/mochi/.local/share/nvim/plugged/vim-airline/autoload/airline/formatter/short_path.vim
049.881  000.254  000.254: sourcing /Users/mochi/.local/share/nvim/plugged/vim-airline/autoload/airline/util.vim
050.101  003.077  002.518: sourcing /Users/mochi/.local/share/nvim/plugged/vim-airline/plugin/airline.vim
050.329  000.044  000.044: sourcing /Users/mochi/.local/share/nvim/plugged/vim-airline-themes/plugin/airline-themes.vim
050.962  000.075  000.075: sourcing /Users/mochi/.local/share/nvim/plugged/denops.vim/autoload/denops.vim
051.110  000.480  000.405: sourcing /Users/mochi/.local/share/nvim/plugged/denops.vim/plugin/denops.vim
051.767  000.354  000.354: sourcing /Users/mochi/.local/share/nvim/plugged/vim-closetag/plugin/closetag.vim
052.564  000.530  000.530: sourcing /Users/mochi/.local/share/nvim/plugged/indent-blankline.nvim/plugin/indent_blankline.vim
061.594  008.786  008.786: sourcing /Users/mochi/.local/share/nvim/plugged/nvim-ts-rainbow/plugin/rainbow.vim
062.575  000.625  000.625: sourcing /Users/mochi/.local/share/nvim/plugged/nvim-treesitter/plugin/nvim-treesitter.vim
063.220  000.149  000.149: sourcing /Users/mochi/.local/share/nvim/plugged/vim-gitgutter/autoload/gitgutter/utility.vim
063.729  000.183  000.183: sourcing /Users/mochi/.local/share/nvim/plugged/vim-gitgutter/autoload/gitgutter/highlight.vim
064.687  001.892  001.560: sourcing /Users/mochi/.local/share/nvim/plugged/vim-gitgutter/plugin/gitgutter.vim
066.048  001.080  001.080: sourcing /Users/mochi/.local/share/nvim/plugged/nvim-ts-autotag/plugin/nvim-ts-autotag.vim
066.706  000.168  000.168: sourcing /Users/mochi/.local/share/nvim/plugged/vim-startify/plugin/startify.vim
066.960  000.032  000.032: sourcing /Users/mochi/.local/share/nvim/plugged/which-key.nvim/plugin/which-key.vim
068.229  000.193  000.193: sourcing /Users/mochi/.local/share/nvim/plugged/vim-airline/autoload/airline.vim
069.596  000.033  000.033: sourcing /Users/mochi/.local/share/nvim/plugged/vim-devicons/autoload/devicons/plugins/startify.vim
069.625  002.355  002.129: sourcing /Users/mochi/.local/share/nvim/plugged/vim-devicons/plugin/webdevicons.vim
070.740  000.224  000.224: sourcing /usr/local/Cellar/neovim/0.6.1/share/nvim/runtime/plugin/gzip.vim
070.900  000.044  000.044: sourcing /usr/local/Cellar/neovim/0.6.1/share/nvim/runtime/plugin/health.vim
071.167  000.203  000.203: sourcing /usr/local/Cellar/neovim/0.6.1/share/nvim/runtime/plugin/man.vim
073.047  000.262  000.262: sourcing /usr/local/Cellar/neovim/0.6.1/share/nvim/runtime/pack/dist/opt/matchit/plugin/matchit.vim
073.409  002.106  001.844: sourcing /usr/local/Cellar/neovim/0.6.1/share/nvim/runtime/plugin/matchit.vim
073.856  000.299  000.299: sourcing /usr/local/Cellar/neovim/0.6.1/share/nvim/runtime/plugin/matchparen.vim
074.372  000.375  000.375: sourcing /usr/local/Cellar/neovim/0.6.1/share/nvim/runtime/plugin/netrwPlugin.vim
074.739  000.023  000.023: sourcing /Users/mochi/.local/share/nvim/rplugin.vim
074.747  000.302  000.279: sourcing /usr/local/Cellar/neovim/0.6.1/share/nvim/runtime/plugin/rplugin.vim
074.920  000.114  000.114: sourcing /usr/local/Cellar/neovim/0.6.1/share/nvim/runtime/plugin/shada.vim
075.024  000.042  000.042: sourcing /usr/local/Cellar/neovim/0.6.1/share/nvim/runtime/plugin/spellfile.vim
075.209  000.117  000.117: sourcing /usr/local/Cellar/neovim/0.6.1/share/nvim/runtime/plugin/tarPlugin.vim
075.388  000.079  000.079: sourcing /usr/local/Cellar/neovim/0.6.1/share/nvim/runtime/plugin/tohtml.vim
075.495  000.026  000.026: sourcing /usr/local/Cellar/neovim/0.6.1/share/nvim/runtime/plugin/tutor.vim
075.795  000.219  000.219: sourcing /usr/local/Cellar/neovim/0.6.1/share/nvim/runtime/plugin/zipPlugin.vim
078.815  010.050: loading rtp plugins
078.964  000.149: loading packages
080.614  000.733  000.733: sourcing /Users/mochi/.local/share/nvim/plugged/dracula/after/plugin/dracula.vim
080.939  001.242: loading after plugins
080.951  000.012: inits 3
083.749  002.798: reading ShaDa
089.154  000.235  000.235: sourcing /usr/local/Cellar/neovim/0.6.1/share/nvim/runtime/ftplugin/vim.vim
090.991  000.147  000.147: sourcing /usr/local/Cellar/neovim/0.6.1/share/nvim/runtime/indent/vim.vim
095.141  001.138  001.138: sourcing /usr/local/Cellar/neovim/0.6.1/share/nvim/runtime/syntax/lua.vim
095.963  004.412  003.274: sourcing /usr/local/Cellar/neovim/0.6.1/share/nvim/runtime/syntax/vim.vim
098.971  002.817  002.817: sourcing /usr/local/Cellar/neovim/0.6.1/share/nvim/runtime/syntax/vim/generated.vim
099.238  000.125  000.125: sourcing /Users/mochi/.local/share/nvim/plugged/dracula/after/syntax/vim.vim
100.509  000.365  000.365: sourcing /Users/mochi/.local/share/nvim/plugged/vim-airline/autoload/airline/extensions.vim
100.740  000.061  000.061: sourcing /Users/mochi/.local/share/nvim/plugged/vim-airline/autoload/airline/extensions/quickfix.vim
100.959  000.043  000.043: sourcing /Users/mochi/.local/share/nvim/plugged/vim-airline/autoload/airline/extensions/netrw.vim
101.133  000.045  000.045: sourcing /Users/mochi/.local/share/nvim/plugged/vim-airline/autoload/airline/extensions/fzf.vim
101.745  000.095  000.095: sourcing /Users/mochi/.local/share/nvim/plugged/vim-airline/autoload/airline/section.vim
102.296  000.326  000.326: sourcing /Users/mochi/.local/share/nvim/plugged/vim-airline/autoload/airline/highlighter.vim
102.601  001.195  000.775: sourcing /Users/mochi/.local/share/nvim/plugged/vim-airline/autoload/airline/extensions/term.vim
103.022  000.147  000.147: sourcing /Users/mochi/.local/share/nvim/plugged/vim-airline/autoload/airline/extensions/hunks.vim
103.543  000.259  000.259: sourcing /Users/mochi/.local/share/nvim/plugged/vim-airline/autoload/airline/extensions/branch.vim
114.290  000.117  000.117: sourcing /Users/mochi/.local/share/nvim/plugged/vim-airline/autoload/airline/extensions/nvimlsp.vim
114.739  000.238  000.238: sourcing /Users/mochi/.local/share/nvim/plugged/vim-airline/autoload/airline/extensions/whitespace.vim
115.126  000.089  000.089: sourcing /Users/mochi/.local/share/nvim/plugged/vim-airline/autoload/airline/extensions/po.vim
115.402  000.116  000.116: sourcing /Users/mochi/.local/share/nvim/plugged/vim-airline/autoload/airline/extensions/wordcount.vim
115.688  000.070  000.070: sourcing /Users/mochi/.local/share/nvim/plugged/vim-airline/autoload/airline/extensions/keymap.vim
116.086  000.067  000.067: sourcing /Users/mochi/.local/share/nvim/plugged/vim-airline/autoload/airline/extensions/searchcount.vim
122.277  000.113  000.113: sourcing /Users/mochi/.local/share/nvim/plugged/vim-airline/autoload/airline/themes.vim
123.160  001.261  001.147: sourcing /Users/mochi/.local/share/nvim/plugged/dracula/autoload/airline/themes/dracula.vim
129.767  001.299  001.299: sourcing /Users/mochi/.local/share/nvim/plugged/dracula/autoload/airline/themes/dracula.vim
146.350  000.197  000.197: sourcing /Users/mochi/.local/share/nvim/plugged/vim-airline/autoload/airline/builder.vim
146.899  000.099  000.099: sourcing /Users/mochi/.local/share/nvim/plugged/vim-airline/autoload/airline/extensions/default.vim
170.355  073.200: opening buffers
170.884  000.137  000.137: sourcing /Users/mochi/.local/share/nvim/plugged/vim-gitgutter/autoload/gitgutter.vim
171.121  000.628: BufEnter autocommands
171.123  000.003: editing files in windows
180.861  000.109  000.109: sourcing /Users/mochi/.local/share/nvim/plugged/denops.vim/autoload/denops/util.vim
181.525  001.016  000.907: sourcing /Users/mochi/.local/share/nvim/plugged/denops.vim/autoload/denops/server.vim
181.924  000.106  000.106: sourcing /Users/mochi/.local/share/nvim/plugged/denops.vim/autoload/denops/job.vim
187.874  015.629: VimEnter autocommands
187.886  000.012: UIEnter autocommands
188.513  000.327  000.327: sourcing /usr/local/Cellar/neovim/0.6.1/share/nvim/runtime/autoload/provider/clipboard.vim
188.534  000.321: before starting main loop
219.744  000.327  000.327: sourcing /Users/mochi/.local/share/nvim/plugged/vim-gitgutter/autoload/gitgutter/hunk.vim
220.721  000.227  000.227: sourcing /Users/mochi/.local/share/nvim/plugged/vim-airline/autoload/airline/async.vim
232.812  043.725: first screen update
232.824  000.011: --- NVIM STARTED ---
